[18:13:59] ConvaiPlayerLog : Log : UConvaiPlayerComponent: Found submix "AudioInput"
[18:13:59] ConvaiPlayerLog : Log : UConvaiPlayerComponent: Found submix "AudioInput"
[18:13:59] ConvaiChatbotComponentLog : Log : Cleanup | Character ID :  | Session ID : -1
[18:13:59] ConvaiChatbotComponentLog : Log : Cleanup | Character ID :  | Session ID : -1
[18:13:59] ConvaiChatbotComponentLog : Log : Cleanup | Character ID :  | Session ID : -1
[18:13:59] ConvaiChatbotComponentLog : Log : Cleanup | Character ID :  | Session ID : -1
[18:13:59] ConvaiChatbotComponentLog : Log : Cleanup | Character ID :  | Session ID : -1
[18:13:59] ConvaiChatbotComponentLog : Log : Cleanup | Character ID :  | Session ID : -1
[18:13:59] ConvaiChatbotComponentLog : Log : Cleanup | Character ID :  | Session ID : -1
[18:13:59] ConvaiChatbotComponentLog : Log : Cleanup | Character ID :  | Session ID : -1
[18:13:59] ConvaiChatbotComponentLog : Log : Cleanup | Character ID :  | Session ID : -1
[18:13:59] ConvaiChatbotComponentLog : Log : Cleanup | Character ID :  | Session ID : -1
[18:13:59] ConvaiChatbotComponentLog : Log : Cleanup | Character ID :  | Session ID : -1
[18:13:59] ConvaiChatbotComponentLog : Log : Cleanup | Character ID :  | Session ID : -1
[18:13:59] ConvaiChatbotComponentLog : Log : Cleanup | Character ID :  | Session ID : -1
[18:13:59] ConvaiChatbotComponentLog : Log : Cleanup | Character ID :  | Session ID : -1
[18:13:59] ConvaiChatbotComponentLog : Log : Cleanup | Character ID :  | Session ID : -1
[18:13:59] ConvaiChatbotComponentLog : Log : Cleanup | Character ID :  | Session ID : -1
[18:13:59] ConvaiChatbotComponentLog : Log : Cleanup | Character ID :  | Session ID : -1
[18:13:59] ConvaiChatbotComponentLog : Log : Cleanup | Character ID :  | Session ID : -1
[18:13:59] ConvaiChatbotComponentLog : Log : Cleanup | Character ID :  | Session ID : -1
[18:13:59] ConvaiChatbotComponentLog : Log : Cleanup | Character ID :  | Session ID : -1
[18:13:59] ConvaiChatbotComponentLog : Log : Cleanup | Character ID :  | Session ID : -1
[18:13:59] ConvaiChatbotComponentLog : Log : Cleanup | Character ID :  | Session ID : -1
[18:13:59] ConvaiChatbotComponentLog : Log : Cleanup | Character ID :  | Session ID : -1
[18:13:59] ConvaiChatbotComponentLog : Log : Cleanup | Character ID :  | Session ID : -1
[18:13:59] ConvaiChatbotComponentLog : Log : Cleanup | Character ID :  | Session ID : -1
[18:13:59] ConvaiChatbotComponentLog : Log : Cleanup | Character ID :  | Session ID : -1
[18:13:59] ConvaiChatbotComponentLog : Log : Cleanup | Character ID :  | Session ID : -1
[18:13:59] ConvaiChatbotComponentLog : Log : Cleanup | Character ID :  | Session ID : -1
[18:13:59] ConvaiChatbotComponentLog : Log : Cleanup | Character ID :  | Session ID : -1
[18:13:59] ConvaiChatbotComponentLog : Log : Cleanup | Character ID :  | Session ID : -1
[18:13:59] ConvaiChatbotComponentLog : Log : Cleanup | Character ID :  | Session ID : -1
[18:13:59] ConvaiChatbotComponentLog : Log : Cleanup | Character ID :  | Session ID : -1
[18:13:59] ConvaiChatbotComponentLog : Log : Cleanup | Character ID :  | Session ID : -1
[18:13:59] ConvaiChatbotComponentLog : Log : Cleanup | Character ID :  | Session ID : -1
[18:13:59] ConvaiChatbotComponentLog : Log : Cleanup | Character ID :  | Session ID : -1
[18:13:59] ConvaiChatbotComponentLog : Log : Cleanup | Character ID :  | Session ID : -1
[18:13:59] ConvaiChatbotComponentLog : Log : Cleanup | Character ID :  | Session ID : -1
[18:13:59] ConvaiChatbotComponentLog : Log : Cleanup | Character ID :  | Session ID : -1
[18:13:59] ConvaiChatbotComponentLog : Log : Cleanup | Character ID :  | Session ID : -1
[18:13:59] ConvaiChatbotComponentLog : Log : Cleanup | Character ID :  | Session ID : -1
[18:13:59] ConvaiChatbotComponentLog : Log : Cleanup | Character ID :  | Session ID : -1
[18:13:59] ConvaiChatbotComponentLog : Log : Cleanup | Character ID :  | Session ID : -1
[18:13:59] ConvaiChatbotComponentLog : Log : Cleanup | Character ID :  | Session ID : -1
[18:13:59] ConvaiChatbotComponentLog : Log : Cleanup | Character ID :  | Session ID : -1
[18:13:59] ConvaiChatbotComponentLog : Log : Cleanup | Character ID :  | Session ID : -1
[18:13:59] ConvaiChatbotComponentLog : Log : Cleanup | Character ID :  | Session ID : -1
[18:13:59] ConvaiChatbotComponentLog : Log : Cleanup | Character ID :  | Session ID : -1
[18:13:59] ConvaiChatbotComponentLog : Log : Cleanup | Character ID :  | Session ID : -1
[18:13:59] ConvaiChatbotComponentLog : Log : Cleanup | Character ID :  | Session ID : -1
[18:13:59] ConvaiChatbotComponentLog : Log : Cleanup | Character ID :  | Session ID : -1
[18:13:59] ConvaiChatbotComponentLog : Log : Cleanup | Character ID :  | Session ID : -1
[18:13:59] ConvaiChatbotComponentLog : Log : Cleanup | Character ID :  | Session ID : -1
[18:13:59] ConvaiChatbotComponentLog : Log : Cleanup | Character ID :  | Session ID : -1
[18:13:59] ConvaiChatbotComponentLog : Log : Cleanup | Character ID :  | Session ID : -1
[18:13:59] ConvaiChatbotComponentLog : Log : Cleanup | Character ID :  | Session ID : -1
[18:13:59] ConvaiChatbotComponentLog : Log : Cleanup | Character ID :  | Session ID : -1
[18:13:59] ConvaiChatbotComponentLog : Log : Cleanup | Character ID :  | Session ID : -1
[18:13:59] ConvaiChatbotComponentLog : Log : Cleanup | Character ID :  | Session ID : -1
[18:13:59] ConvaiChatbotComponentLog : Log : Cleanup | Character ID :  | Session ID : -1
[18:13:59] ConvaiChatbotComponentLog : Log : Cleanup | Character ID :  | Session ID : -1
[18:13:59] ConvaiChatbotComponentLog : Log : Cleanup | Character ID :  | Session ID : -1
[18:13:59] ConvaiChatbotComponentLog : Log : Cleanup | Character ID :  | Session ID : -1
[18:13:59] ConvaiChatbotComponentLog : Log : Cleanup | Character ID :  | Session ID : -1
[18:13:59] ConvaiChatbotComponentLog : Log : Cleanup | Character ID :  | Session ID : -1
[18:13:59] ConvaiChatbotComponentLog : Log : Cleanup | Character ID :  | Session ID : -1
[18:13:59] ConvaiChatbotComponentLog : Log : Cleanup | Character ID :  | Session ID : -1
[18:13:59] ConvaiChatbotComponentLog : Log : Cleanup | Character ID :  | Session ID : -1
[18:13:59] ConvaiChatbotComponentLog : Log : Cleanup | Character ID :  | Session ID : -1
[18:13:59] ConvaiChatbotComponentLog : Log : Cleanup | Character ID :  | Session ID : -1
[18:13:59] ConvaiChatbotComponentLog : Log : Cleanup | Character ID :  | Session ID : -1
[18:13:59] ConvaiChatbotComponentLog : Log : Cleanup | Character ID :  | Session ID : -1
[18:13:59] ConvaiChatbotComponentLog : Log : Cleanup | Character ID :  | Session ID : -1
[18:13:59] ConvaiChatbotComponentLog : Log : Cleanup | Character ID :  | Session ID : -1
[18:13:59] ConvaiChatbotComponentLog : Log : Cleanup | Character ID :  | Session ID : -1
[18:13:59] ConvaiChatbotComponentLog : Log : Cleanup | Character ID :  | Session ID : -1
[18:13:59] ConvaiChatbotComponentLog : Log : Cleanup | Character ID :  | Session ID : -1
[18:13:59] ConvaiChatbotComponentLog : Log : Cleanup | Character ID :  | Session ID : -1
[18:13:59] ConvaiChatbotComponentLog : Log : Cleanup | Character ID :  | Session ID : -1
[18:13:59] ConvaiChatbotComponentLog : Log : Cleanup | Character ID :  | Session ID : -1
[18:13:59] ConvaiChatbotComponentLog : Log : Cleanup | Character ID :  | Session ID : -1
[18:13:59] ConvaiChatbotComponentLog : Log : Cleanup | Character ID :  | Session ID : -1
[18:13:59] ConvaiChatbotComponentLog : Log : Cleanup | Character ID :  | Session ID : -1
[18:13:59] ConvaiChatbotComponentLog : Log : Cleanup | Character ID :  | Session ID : -1
[18:13:59] ConvaiChatbotComponentLog : Log : Cleanup | Character ID :  | Session ID : -1
[18:13:59] ConvaiChatbotComponentLog : Log : Cleanup | Character ID :  | Session ID : -1
[18:13:59] ConvaiChatbotComponentLog : Log : Cleanup | Character ID :  | Session ID : -1
[18:13:59] ConvaiChatbotComponentLog : Log : Cleanup | Character ID :  | Session ID : -1
[18:13:59] ConvaiChatbotComponentLog : Log : Cleanup | Character ID :  | Session ID : -1
[18:13:59] ConvaiChatbotComponentLog : Log : Cleanup | Character ID :  | Session ID : -1
[18:13:59] ConvaiChatbotComponentLog : Log : Cleanup | Character ID :  | Session ID : -1
[18:13:59] ConvaiChatbotComponentLog : Log : Cleanup | Character ID :  | Session ID : -1
[18:13:59] ConvaiChatbotComponentLog : Log : Cleanup | Character ID :  | Session ID : -1
[18:13:59] ConvaiChatbotComponentLog : Log : Cleanup | Character ID :  | Session ID : -1
[18:13:59] ConvaiChatbotComponentLog : Log : Cleanup | Character ID :  | Session ID : -1
[18:13:59] ConvaiChatbotComponentLog : Log : Cleanup | Character ID :  | Session ID : -1
[18:13:59] ConvaiChatbotComponentLog : Log : Cleanup | Character ID :  | Session ID : -1
[18:13:59] ConvaiChatbotComponentLog : Log : Cleanup | Character ID :  | Session ID : -1
[18:13:59] ConvaiChatbotComponentLog : Log : Cleanup | Character ID :  | Session ID : -1
[18:13:59] ConvaiChatbotComponentLog : Log : Cleanup | Character ID :  | Session ID : -1
[18:13:59] ConvaiChatbotComponentLog : Log : Cleanup | Character ID :  | Session ID : -1
[18:13:59] ConvaiChatbotComponentLog : Log : Cleanup | Character ID :  | Session ID : -1
[18:13:59] ConvaiChatbotComponentLog : Log : Cleanup | Character ID :  | Session ID : -1
[18:13:59] ConvaiChatbotComponentLog : Log : Cleanup | Character ID :  | Session ID : -1
[18:13:59] ConvaiChatbotComponentLog : Log : Cleanup | Character ID :  | Session ID : -1
[18:13:59] ConvaiChatbotComponentLog : Log : Cleanup | Character ID :  | Session ID : -1
[18:13:59] ConvaiChatbotComponentLog : Log : Cleanup | Character ID :  | Session ID : -1
[18:13:59] ConvaiChatbotComponentLog : Log : Cleanup | Character ID :  | Session ID : -1
[18:13:59] ConvaiChatbotComponentLog : Log : Cleanup | Character ID :  | Session ID : -1
[18:13:59] ConvaiChatbotComponentLog : Log : Cleanup | Character ID :  | Session ID : -1
[18:13:59] ConvaiChatbotComponentLog : Log : Cleanup | Character ID :  | Session ID : -1
[18:13:59] ConvaiChatbotComponentLog : Log : Cleanup | Character ID :  | Session ID : -1
[18:13:59] ConvaiChatbotComponentLog : Log : Cleanup | Character ID :  | Session ID : -1
[18:13:59] ConvaiChatbotComponentLog : Log : Cleanup | Character ID :  | Session ID : -1
[18:13:59] ConvaiChatbotComponentLog : Log : Cleanup | Character ID :  | Session ID : -1
[18:13:59] ConvaiChatbotComponentLog : Log : Cleanup | Character ID :  | Session ID : -1
[18:13:59] ConvaiChatbotComponentLog : Log : Cleanup | Character ID :  | Session ID : -1
[18:13:59] ConvaiChatbotComponentLog : Log : Cleanup | Character ID :  | Session ID : -1
[18:13:59] ConvaiChatbotComponentLog : Log : Cleanup | Character ID :  | Session ID : -1
[18:13:59] ConvaiChatbotComponentLog : Log : Cleanup | Character ID :  | Session ID : -1
[18:13:59] ConvaiChatbotComponentLog : Log : Cleanup | Character ID :  | Session ID : -1
[18:13:59] ConvaiChatbotComponentLog : Log : Cleanup | Character ID :  | Session ID : -1
[18:13:59] ConvaiChatbotComponentLog : Log : Cleanup | Character ID :  | Session ID : -1
[18:13:59] ConvaiChatbotComponentLog : Log : Cleanup | Character ID :  | Session ID : -1
[18:13:59] ConvaiChatbotComponentLog : Log : Cleanup | Character ID :  | Session ID : -1
[18:13:59] ConvaiChatbotComponentLog : Log : Cleanup | Character ID :  | Session ID : -1
[18:13:59] ConvaiChatbotComponentLog : Log : Cleanup | Character ID :  | Session ID : -1
[18:13:59] ConvaiChatbotComponentLog : Log : Cleanup | Character ID :  | Session ID : -1
[18:13:59] ConvaiChatbotComponentLog : Log : Cleanup | Character ID :  | Session ID : -1
[18:13:59] ConvaiPlayerLog : Log : UConvaiPlayerComponent: Found submix "AudioInput"
[18:13:59] ConvaiPlayerLog : Log : UConvaiPlayerComponent: Found submix "AudioInput"
[18:13:59] ConvaiPlayerLog : Log : UConvaiPlayerComponent: Found submix "AudioInput"
[18:13:59] ConvaiPlayerLog : Log : UConvaiPlayerComponent: Found submix "AudioInput"
[18:13:59] ConvaiPlayerLog : Log : UConvaiPlayerComponent: Found submix "AudioInput"
[18:14:27] ConvaiPlayerLog : Log : UConvaiPlayerComponent: Found submix "AudioInput"
[18:14:27] ConvaiPlayerLog : Log : UConvaiPlayerComponent: Found submix "AudioInput"
[18:14:27] ConvaiPlayerLog : Log : UConvaiPlayerComponent: Found submix "AudioInput"
[18:14:27] ConvaiPlayerLog : Log : UConvaiPlayerComponent: Found submix "AudioInput"
[18:14:29] ConvaiPlayerLog : Log : UConvaiPlayerComponent: Found submix "AudioInput"
[18:14:29] ConvaiPlayerLog : Log : UConvaiPlayerComponent: Found submix "AudioInput"
[18:14:29] ConvaiPlayerLog : Log : UConvaiPlayerComponent: Found submix "AudioInput"
[18:14:29] ConvaiPlayerLog : Log : UConvaiPlayerComponent: Found submix "AudioInput"
[18:14:31] ConvaiPlayerLog : Log : UConvaiPlayerComponent: Found submix "AudioInput"
[18:14:31] ConvaiPlayerLog : Log : UConvaiPlayerComponent: Found submix "AudioInput"
[18:14:31] ConvaiPlayerLog : Log : UConvaiPlayerComponent: Found submix "AudioInput"
[18:14:31] ConvaiPlayerLog : Log : UConvaiPlayerComponent: Found submix "AudioInput"
[18:14:34] ConvaiPlayerLog : Log : UConvaiPlayerComponent: Found submix "AudioInput"
[18:14:34] ConvaiPlayerLog : Log : UConvaiPlayerComponent: Found submix "AudioInput"
[18:14:34] ConvaiPlayerLog : Log : UConvaiPlayerComponent: Found submix "AudioInput"
[18:14:35] ConvaiPlayerLog : Log : UConvaiPlayerComponent: Found submix "AudioInput"
[18:14:35] ConvaiPlayerLog : Log : UConvaiPlayerComponent: Found submix "AudioInput"
[18:14:35] ConvaiPlayerLog : Log : UConvaiPlayerComponent: Found submix "AudioInput"
[18:14:35] ConvaiPlayerLog : Log : UConvaiPlayerComponent: Found submix "AudioInput"
[18:14:35] ConvaiPlayerLog : Log : UConvaiPlayerComponent: Found submix "AudioInput"
[18:14:35] ConvaiPlayerLog : Log : UConvaiPlayerComponent: Found submix "AudioInput"
[18:14:35] ConvaiPlayerLog : Log : UConvaiPlayerComponent: Found submix "AudioInput"
[18:14:35] ConvaiPlayerLog : Log : UConvaiPlayerComponent: Found submix "AudioInput"
[18:14:35] ConvaiPlayerLog : Log : UConvaiPlayerComponent: Found submix "AudioInput"
[18:14:35] ConvaiPlayerLog : Log : UConvaiPlayerComponent: Found submix "AudioInput"
[18:14:35] ConvaiPlayerLog : Log : UConvaiPlayerComponent: Found submix "AudioInput"
[18:14:35] ConvaiPlayerLog : Log : UConvaiPlayerComponent: Found submix "AudioInput"
[18:14:35] ConvaiPlayerLog : Log : UConvaiPlayerComponent: Found submix "AudioInput"
[18:14:35] ConvaiPlayerLog : Log : UConvaiPlayerComponent: Found submix "AudioInput"
[18:14:35] ConvaiPlayerLog : Log : UConvaiPlayerComponent: Found submix "AudioInput"
[18:14:35] ConvaiPlayerLog : Log : UConvaiPlayerComponent: Found submix "AudioInput"
[18:14:35] ConvaiPlayerLog : Log : UConvaiPlayerComponent: Found submix "AudioInput"
[18:14:45] ConvaiPlayerLog : Log : UConvaiPlayerComponent: Found submix "AudioInput"
[18:14:45] ConvaiPlayerLog : Log : UConvaiPlayerComponent: Found submix "AudioInput"
[18:14:45] ConvaiPlayerLog : Log : UConvaiPlayerComponent: Found submix "AudioInput"
[18:14:45] ConvaiPlayerLog : Log : UConvaiPlayerComponent: Found submix "AudioInput"
[18:14:45] ConvaiPlayerLog : Log : UConvaiPlayerComponent: Found submix "AudioInput"
[18:14:45] ConvaiPlayerLog : Log : UConvaiPlayerComponent: Found submix "AudioInput"
[18:14:46] ConvaiPlayerLog : Log : UConvaiPlayerComponent: Found submix "AudioInput"
[18:14:46] ConvaiPlayerLog : Log : UConvaiPlayerComponent: Found submix "AudioInput"
[18:14:46] ConvaiPlayerLog : Log : UConvaiPlayerComponent: Found submix "AudioInput"
[18:14:46] ConvaiPlayerLog : Log : UConvaiPlayerComponent: Found submix "AudioInput"
[18:14:46] ConvaiPlayerLog : Log : UConvaiPlayerComponent: Found submix "AudioInput"
[18:14:46] ConvaiPlayerLog : Log : UConvaiPlayerComponent: Found submix "AudioInput"
[18:14:46] ConvaiPlayerLog : Log : UConvaiPlayerComponent: Found submix "AudioInput"
[18:15:36] ConvaiPlayerLog : Log : UConvaiPlayerComponent: Found submix "AudioInput"
[18:18:30] ConvaiPlayerLog : Log : UConvaiPlayerComponent: Found submix "AudioInput"
[18:18:30] ConvaiPlayerLog : Log : UConvaiPlayerComponent: Found submix "AudioInput"
[18:18:30] ConvaiPlayerLog : Log : UConvaiPlayerComponent: Found submix "AudioInput"
[18:18:30] ConvaiPlayerLog : Log : UConvaiPlayerComponent: Found submix "AudioInput"
[18:18:30] ConvaiPlayerLog : Log : UConvaiPlayerComponent: Found submix "AudioInput"
[18:18:30] ConvaiPlayerLog : Log : UConvaiPlayerComponent: Found submix "AudioInput"
[18:18:30] ConvaiPlayerLog : Log : UConvaiPlayerComponent: Found submix "AudioInput"
[18:18:30] ConvaiPlayerLog : Log : UConvaiPlayerComponent: Found submix "AudioInput"
[18:18:30] ConvaiPlayerLog : Log : UConvaiPlayerComponent: Found submix "AudioInput"
[18:18:30] ConvaiPlayerLog : Log : UConvaiPlayerComponent: Found submix "AudioInput"
[18:20:24] ConvaiSubsystemLog : Log : gRPC Creating Channel...
[18:20:24] ConvaiSubsystemLog : Log : UConvaiSubsystem Started
[18:20:24] ConvaiSubsystemLog : Log : Start Run
[18:20:24] ConvaiPlayerLog : Log : UConvaiPlayerComponent: Found submix "AudioInput"
[18:20:24] ConvaiSubsystemLog : Verbose : Registered player component: ConvaiPlayer
[18:20:27] ConvaiPlayerLog : Log : Started Talking
[18:20:27] ConvaiAudioLog : Log : Using Headset Microphone (Oculus Virtual Audio Device) as Audio capture device with NumChannels:1 and SampleRate:48000
[18:20:28] ConvaiSubsystemLog : Warning : gRPC channel not ready yet.. Current State: GRPC_CHANNEL_IDLE
[18:20:28] ConvaiGRPCLog : Log : AsyncGetResponse started | Character ID : a75c189a-9224-11f0-94d8-42010a7be01f | Session ID : -1
[18:20:28] ConvaiGRPCLog : Log : GRPC GetResponse stream initialized | Character ID : a75c189a-9224-11f0-94d8-42010a7be01f | Session ID : -1
[18:20:28] ConvaiGRPCLog : Log : request: character_id: "a75c189a-9224-11f0-94d8-42010a7be01f"
api_key: "0d59d0e9911a2f0886cb47a3cf7925ab"
session_id: "-1"
audio_config {
  sample_rate_hertz: 16000
}
action_config {
  characters {
    name: "Player"
  }
  classification: "multistep"
}
speaker: "Player"
dynamic_info_config {
}
 | Character ID : a75c189a-9224-11f0-94d8-42010a7be01f | Session ID : -1
[18:20:28] ConvaiGRPCLog : Log : Initial Stream Write | Character ID : a75c189a-9224-11f0-94d8-42010a7be01f | Session ID : -1
[18:20:28] ConvaiGRPCLog : Log : Initial Stream Read | Character ID : a75c189a-9224-11f0-94d8-42010a7be01f | Session ID : -1
[18:20:29] ConvaiPlayerLog : Log : FinishTalking calling FinishGetResponseStream
[18:20:29] ConvaiGRPCLog : Log : Finish Writing to audio data buffer
[18:20:29] ConvaiGRPCLog : Log : FinishWriting:: Informing On Data Received
[18:20:29] ConvaiGRPCLog : Log : Calling Stream WritesDone | LastWriteReceived : True | AudioBuffer.Num() : 0 | Character ID : a75c189a-9224-11f0-94d8-42010a7be01f | Session ID : -1
[18:20:29] ConvaiGRPCLog : Log : On Stream Write Done Writing
[18:20:29] ConvaiPlayerLog : Log : Finished Talking
[18:20:29] ConvaiGRPCLog : Log : OnStreamWriteDone
[18:20:29] ConvaiGRPCLog : Log : NumberOfAudioBytesSent 21824
[18:20:31] ConvaiGRPCLog : Log : GetResponse EmotionResponseDebug: session_id: "8dcd14b5433a63ecc14cd2046159ca27"
emotion_response: "Distraction"

[18:20:31] ConvaiGRPCLog : Log : Received Audio Chunk: 0.639909 secs | Character ID : a75c189a-9224-11f0-94d8-42010a7be01f | Session ID : 8dcd14b5433a63ecc14cd2046159ca27
[18:20:31] ConvaiGRPCLog : Log : EmotionResponse: surprise 1
[18:20:31] ConvaiAudioStreamerLog : Log : New SampleRate: 44100
[18:20:31] ConvaiAudioStreamerLog : Log : New Channels: 1
[18:20:31] ConvaiAudioStreamerLog : Log : State transition: Stopped -> Playing
[18:20:31] ConvaiGRPCLog : Log : Received Text Bonjour ! : | Character ID : a75c189a-9224-11f0-94d8-42010a7be01f | Session ID : 8dcd14b5433a63ecc14cd2046159ca27 | ReceivedFinalResponse : False
[18:20:31] ConvaiGRPCLog : Log : GetResponse EmotionResponseDebug: session_id: "8dcd14b5433a63ecc14cd2046159ca27"
emotion_response: "Distraction"

[18:20:31] ConvaiGRPCLog : Log : Received Audio Chunk: 0.919342 secs | Character ID : a75c189a-9224-11f0-94d8-42010a7be01f | Session ID : 8dcd14b5433a63ecc14cd2046159ca27
[18:20:31] ConvaiGRPCLog : Log : EmotionResponse: surprise 1
[18:20:31] ConvaiGRPCLog : Log : Received Text Je suis Stuart. : | Character ID : a75c189a-9224-11f0-94d8-42010a7be01f | Session ID : 8dcd14b5433a63ecc14cd2046159ca27 | ReceivedFinalResponse : False
[18:20:31] ConvaiGRPCLog : Log : GetResponse EmotionResponseDebug: session_id: "8dcd14b5433a63ecc14cd2046159ca27"
emotion_response: "Distraction"

[18:20:32] ConvaiGRPCLog : Log : Received Audio Chunk: 4.977619 secs | Character ID : a75c189a-9224-11f0-94d8-42010a7be01f | Session ID : 8dcd14b5433a63ecc14cd2046159ca27
[18:20:32] ConvaiGRPCLog : Log : EmotionResponse: surprise 1
[18:20:32] ConvaiGRPCLog : Log : Received Text Je suis là pour discuter d'une affirmation intéressante : « Les droitiers respirent plus d'oxygène. : | Character ID : a75c189a-9224-11f0-94d8-42010a7be01f | Session ID : 8dcd14b5433a63ecc14cd2046159ca27 | ReceivedFinalResponse : False
[18:20:32] ConvaiGRPCLog : Log : GetResponse EmotionResponseDebug: session_id: "8dcd14b5433a63ecc14cd2046159ca27"
emotion_response: "Distraction"

[18:20:32] ConvaiGRPCLog : Log : Received Audio Chunk: 1.753583 secs | Character ID : a75c189a-9224-11f0-94d8-42010a7be01f | Session ID : 8dcd14b5433a63ecc14cd2046159ca27
[18:20:32] ConvaiGRPCLog : Log : EmotionResponse: surprise 1
[18:20:32] ConvaiChatbotComponentLog : Log : Chatbot Total Received Audio: 8.286372 seconds
[18:20:32] ConvaiGRPCLog : Log : Received Text » Qu'en pensez-vous, vrai ou faux ?: | Character ID : a75c189a-9224-11f0-94d8-42010a7be01f | Session ID : 8dcd14b5433a63ecc14cd2046159ca27 | ReceivedFinalResponse : True
[18:20:32] ConvaiGRPCLog : Log : GetResponse SequenceString: walk
[18:20:32] ConvaiGRPCLog : Log : Action: None
[18:20:32] ConvaiGRPCLog : Log : GetResponse EmotionResponseDebug: session_id: "8dcd14b5433a63ecc14cd2046159ca27"
emotion_response: "Trust Interest Serenity"

[18:20:33] ConvaiGRPCLog : Log : No more data to read after 3 attempts. Calling Finish...
[18:20:33] ConvaiGRPCLog : Log : Calling Stream Finish | Character ID : a75c189a-9224-11f0-94d8-42010a7be01f | Session ID : 8dcd14b5433a63ecc14cd2046159ca27
[18:20:33] ConvaiGRPCLog : Log : On Stream Finish | Character ID : a75c189a-9224-11f0-94d8-42010a7be01f | Session ID : 8dcd14b5433a63ecc14cd2046159ca27
[18:20:33] ConvaiChatbotComponentLog : Log : UConvaiChatbotComponent Request Finished! | Character ID : a75c189a-9224-11f0-94d8-42010a7be01f | Session ID : 8dcd14b5433a63ecc14cd2046159ca27
[18:20:37] ConvaiPlayerLog : Log : Started Talking
[18:20:37] ConvaiAudioLog : Log : Using Headset Microphone (Oculus Virtual Audio Device) as Audio capture device with NumChannels:1 and SampleRate:48000
[18:20:37] ConvaiChatbotComponentLog : Log : InterruptSpeech: Interrupting character | Character ID : a75c189a-9224-11f0-94d8-42010a7be01f | Session ID : 8dcd14b5433a63ecc14cd2046159ca27
[18:20:37] ConvaiGRPCLog : Log : AsyncGetResponse started | Character ID : a75c189a-9224-11f0-94d8-42010a7be01f | Session ID : 8dcd14b5433a63ecc14cd2046159ca27
[18:20:37] ConvaiGRPCLog : Log : GRPC GetResponse stream initialized | Character ID : a75c189a-9224-11f0-94d8-42010a7be01f | Session ID : 8dcd14b5433a63ecc14cd2046159ca27
[18:20:37] ConvaiGRPCLog : Log : request: character_id: "a75c189a-9224-11f0-94d8-42010a7be01f"
api_key: "0d59d0e9911a2f0886cb47a3cf7925ab"
session_id: "8dcd14b5433a63ecc14cd2046159ca27"
audio_config {
  sample_rate_hertz: 16000
}
action_config {
  actions: "Moves To"
  actions: "Follows"
  actions: "None"
  actions: "Stops"
  actions: "Waits for <time in seconds or character>"
  characters {
    name: "Player"
  }
  characters {
    name: "Stuart"
  }
  characters {
    name: "Guest"
  }
  classification: "multistep"
}
speaker: "Player"
dynamic_info_config {
}
 | Character ID : a75c189a-9224-11f0-94d8-42010a7be01f | Session ID : 8dcd14b5433a63ecc14cd2046159ca27
[18:20:37] ConvaiGRPCLog : Log : Initial Stream Write | Character ID : a75c189a-9224-11f0-94d8-42010a7be01f | Session ID : 8dcd14b5433a63ecc14cd2046159ca27
[18:20:37] ConvaiGRPCLog : Log : Initial Stream Read | Character ID : a75c189a-9224-11f0-94d8-42010a7be01f | Session ID : 8dcd14b5433a63ecc14cd2046159ca27
[18:20:38] ConvaiPlayerLog : Log : FinishTalking calling FinishGetResponseStream
[18:20:38] ConvaiGRPCLog : Log : Finish Writing to audio data buffer
[18:20:38] ConvaiGRPCLog : Log : FinishWriting:: Informing On Data Received
[18:20:38] ConvaiGRPCLog : Log : Calling Stream WritesDone | LastWriteReceived : True | AudioBuffer.Num() : 0 | Character ID : a75c189a-9224-11f0-94d8-42010a7be01f | Session ID : 8dcd14b5433a63ecc14cd2046159ca27
[18:20:38] ConvaiGRPCLog : Log : On Stream Write Done Writing
[18:20:38] ConvaiPlayerLog : Log : Finished Talking
[18:20:38] ConvaiGRPCLog : Log : OnStreamWriteDone
[18:20:38] ConvaiGRPCLog : Log : NumberOfAudioBytesSent 28644
[18:20:38] ConvaiAudioStreamerLog : Log : State transition: Playing -> Stopped
[18:20:38] ConvaiAudioStreamerLog : Log : onAudioFinished
[18:20:38] ConvaiGRPCLog : Log : Received UserQuery Salut.: | Character ID : a75c189a-9224-11f0-94d8-42010a7be01f | Session ID : 8dcd14b5433a63ecc14cd2046159ca27 | IsFinalTranscription : False
[18:20:38] ConvaiGRPCLog : Log : Received UserQuery Salut.: | Character ID : a75c189a-9224-11f0-94d8-42010a7be01f | Session ID : 8dcd14b5433a63ecc14cd2046159ca27 | IsFinalTranscription : True
[18:20:40] ConvaiGRPCLog : Log : GetResponse EmotionResponseDebug: session_id: "8dcd14b5433a63ecc14cd2046159ca27"
emotion_response: "Serenity"

[18:20:40] ConvaiGRPCLog : Log : Received Audio Chunk: 0.639909 secs | Character ID : a75c189a-9224-11f0-94d8-42010a7be01f | Session ID : 8dcd14b5433a63ecc14cd2046159ca27
[18:20:40] ConvaiGRPCLog : Log : EmotionResponse: joy 1
[18:20:40] ConvaiAudioStreamerLog : Log : State transition: Stopped -> Playing
[18:20:40] ConvaiGRPCLog : Log : Received Text Bonjour ! : | Character ID : a75c189a-9224-11f0-94d8-42010a7be01f | Session ID : 8dcd14b5433a63ecc14cd2046159ca27 | ReceivedFinalResponse : False
[18:20:40] ConvaiGRPCLog : Log : GetResponse EmotionResponseDebug: session_id: "8dcd14b5433a63ecc14cd2046159ca27"
emotion_response: "Serenity"

[18:20:40] ConvaiGRPCLog : Log : Received Audio Chunk: 1.138503 secs | Character ID : a75c189a-9224-11f0-94d8-42010a7be01f | Session ID : 8dcd14b5433a63ecc14cd2046159ca27
[18:20:40] ConvaiGRPCLog : Log : EmotionResponse: joy 1
[18:20:40] ConvaiGRPCLog : Log : Received Text Je m'appelle Stuart. : | Character ID : a75c189a-9224-11f0-94d8-42010a7be01f | Session ID : 8dcd14b5433a63ecc14cd2046159ca27 | ReceivedFinalResponse : False
[18:20:40] ConvaiGRPCLog : Log : GetResponse EmotionResponseDebug: session_id: "8dcd14b5433a63ecc14cd2046159ca27"
emotion_response: "Serenity"

[18:20:40] ConvaiGRPCLog : Log : Received Audio Chunk: 1.354218 secs | Character ID : a75c189a-9224-11f0-94d8-42010a7be01f | Session ID : 8dcd14b5433a63ecc14cd2046159ca27
[18:20:40] ConvaiGRPCLog : Log : EmotionResponse: joy 1
[18:20:40] ConvaiGRPCLog : Log : Received Text Il est bon de vous rencontrer. : | Character ID : a75c189a-9224-11f0-94d8-42010a7be01f | Session ID : 8dcd14b5433a63ecc14cd2046159ca27 | ReceivedFinalResponse : False
[18:20:40] ConvaiGRPCLog : Log : GetResponse EmotionResponseDebug: session_id: "8dcd14b5433a63ecc14cd2046159ca27"
emotion_response: "Serenity"

[18:20:41] ConvaiGRPCLog : Log : Received Audio Chunk: 5.064104 secs | Character ID : a75c189a-9224-11f0-94d8-42010a7be01f | Session ID : 8dcd14b5433a63ecc14cd2046159ca27
[18:20:41] ConvaiGRPCLog : Log : EmotionResponse: joy 1
[18:20:41] ConvaiGRPCLog : Log : Received Text J'aimerais discuter d'une affirmation intéressante avec vous : « Les droitiers respirent plus d'oxygène. : | Character ID : a75c189a-9224-11f0-94d8-42010a7be01f | Session ID : 8dcd14b5433a63ecc14cd2046159ca27 | ReceivedFinalResponse : False
[18:20:41] ConvaiGRPCLog : Log : GetResponse EmotionResponseDebug: session_id: "8dcd14b5433a63ecc14cd2046159ca27"
emotion_response: "Serenity"

[18:20:41] ConvaiGRPCLog : Log : Received Audio Chunk: 1.859683 secs | Character ID : a75c189a-9224-11f0-94d8-42010a7be01f | Session ID : 8dcd14b5433a63ecc14cd2046159ca27
[18:20:41] ConvaiGRPCLog : Log : EmotionResponse: joy 1
[18:20:41] ConvaiChatbotComponentLog : Log : Chatbot Total Received Audio: 10.051315 seconds
[18:20:41] ConvaiGRPCLog : Log : Received Text » Qu'en pensez-vous, est-ce vrai ou faux ?: | Character ID : a75c189a-9224-11f0-94d8-42010a7be01f | Session ID : 8dcd14b5433a63ecc14cd2046159ca27 | ReceivedFinalResponse : True
[18:20:41] ConvaiGRPCLog : Log : GetResponse SequenceString: None
[18:20:41] ConvaiGRPCLog : Log : Action: None
[18:20:42] ConvaiGRPCLog : Log : GetResponse EmotionResponseDebug: session_id: "8dcd14b5433a63ecc14cd2046159ca27"
emotion_response: "Admiration Joy Anticipation"

[18:20:42] ConvaiGRPCLog : Log : No more data to read after 3 attempts. Calling Finish...
[18:20:42] ConvaiGRPCLog : Log : Calling Stream Finish | Character ID : a75c189a-9224-11f0-94d8-42010a7be01f | Session ID : 8dcd14b5433a63ecc14cd2046159ca27
[18:20:42] ConvaiGRPCLog : Log : On Stream Finish | Character ID : a75c189a-9224-11f0-94d8-42010a7be01f | Session ID : 8dcd14b5433a63ecc14cd2046159ca27
[18:20:42] ConvaiChatbotComponentLog : Log : UConvaiChatbotComponent Request Finished! | Character ID : a75c189a-9224-11f0-94d8-42010a7be01f | Session ID : 8dcd14b5433a63ecc14cd2046159ca27
[18:20:46] ConvaiSubsystemLog : Verbose : Unregistered player component: ConvaiPlayer
[18:20:46] ConvaiSubsystemLog : Log : UConvaiSubsystem Stopped
[18:20:46] ConvaiSubsystemLog : Log : End Run
[18:20:46] ConvaiChatbotComponentLog : Log : Cleanup | Character ID :  | Session ID : -1
[18:20:46] ConvaiGRPCLog : Log : Destroying UConvaiGRPCGetResponseProxy... | Character ID : a75c189a-9224-11f0-94d8-42010a7be01f | Session ID : 8dcd14b5433a63ecc14cd2046159ca27
[18:20:46] ConvaiChatbotComponentLog : Log : Cleanup | Character ID : a75c189a-9224-11f0-94d8-42010a7be01f | Session ID : 8dcd14b5433a63ecc14cd2046159ca27
[18:20:46] ConvaiGRPCLog : Log : Destroying UConvaiGRPCGetResponseProxy... | Character ID : a75c189a-9224-11f0-94d8-42010a7be01f | Session ID : 8dcd14b5433a63ecc14cd2046159ca27
[18:20:51] ConvaiSubsystemLog : Log : gRPC Creating Channel...
[18:20:51] ConvaiSubsystemLog : Log : Start Run
[18:20:51] ConvaiSubsystemLog : Log : UConvaiSubsystem Started
[18:20:52] ConvaiPlayerLog : Log : UConvaiPlayerComponent: Found submix "AudioInput"
[18:20:52] ConvaiSubsystemLog : Verbose : Registered player component: ConvaiPlayer
[18:21:27] ConvaiSubsystemLog : Verbose : Unregistered player component: ConvaiPlayer
[18:21:27] ConvaiSubsystemLog : Log : UConvaiSubsystem Stopped
[18:21:27] ConvaiSubsystemLog : Log : End Run
[18:21:27] ConvaiChatbotComponentLog : Log : Cleanup | Character ID : a75c189a-9224-11f0-94d8-42010a7be01f | Session ID : -1
[18:21:29] ConvaiSubsystemLog : Log : gRPC Creating Channel...
[18:21:29] ConvaiSubsystemLog : Log : Start Run
[18:21:29] ConvaiSubsystemLog : Log : UConvaiSubsystem Started
[18:21:29] ConvaiPlayerLog : Log : UConvaiPlayerComponent: Found submix "AudioInput"
[18:21:29] ConvaiSubsystemLog : Verbose : Registered player component: ConvaiPlayer
[18:21:43] ConvaiSubsystemLog : Verbose : Unregistered player component: ConvaiPlayer
[18:21:43] ConvaiSubsystemLog : Log : UConvaiSubsystem Stopped
[18:21:43] ConvaiSubsystemLog : Log : End Run
[18:21:43] ConvaiChatbotComponentLog : Log : Cleanup | Character ID : a75c189a-9224-11f0-94d8-42010a7be01f | Session ID : -1
[18:22:17] ConvaiSubsystemLog : Log : gRPC Creating Channel...
[18:22:17] ConvaiSubsystemLog : Log : Start Run
[18:22:17] ConvaiSubsystemLog : Log : UConvaiSubsystem Started
[18:22:17] ConvaiPlayerLog : Log : UConvaiPlayerComponent: Found submix "AudioInput"
[18:22:17] ConvaiSubsystemLog : Verbose : Registered player component: ConvaiPlayer
[18:22:24] ConvaiSubsystemLog : Warning : gRPC channel not ready yet.. Current State: GRPC_CHANNEL_IDLE
[18:22:24] ConvaiGRPCLog : Log : AsyncGetResponse started | Character ID : a75c189a-9224-11f0-94d8-42010a7be01f | Session ID : -1
[18:22:24] ConvaiGRPCLog : Log : GRPC GetResponse stream initialized | Character ID : a75c189a-9224-11f0-94d8-42010a7be01f | Session ID : -1
[18:22:24] ConvaiGRPCLog : Log : request: character_id: "a75c189a-9224-11f0-94d8-42010a7be01f"
api_key: "0d59d0e9911a2f0886cb47a3cf7925ab"
session_id: "-1"
audio_config {
  sample_rate_hertz: 16000
}
action_config {
  actions: "Moves To"
  actions: "Follows"
  actions: "None"
  actions: "Stops"
  actions: "Waits for <time in seconds or character>"
  characters {
    name: "Stuart"
  }
  characters {
    name: "Guest"
  }
  characters {
    name: "Player"
  }
  classification: "multistep"
}
speaker: "Player"
dynamic_info_config {
}
 | Character ID : a75c189a-9224-11f0-94d8-42010a7be01f | Session ID : -1
[18:22:24] ConvaiGRPCLog : Log : Initial Stream Write | Character ID : a75c189a-9224-11f0-94d8-42010a7be01f | Session ID : -1
[18:22:24] ConvaiGRPCLog : Log : Initial Stream Read | Character ID : a75c189a-9224-11f0-94d8-42010a7be01f | Session ID : -1
[18:22:24] ConvaiGRPCLog : Log : Sent UserQuery hello: | Character ID : a75c189a-9224-11f0-94d8-42010a7be01f | Session ID : -1
[18:22:24] ConvaiGRPCLog : Log : Calling Stream WriteLast | Character ID : a75c189a-9224-11f0-94d8-42010a7be01f | Session ID : -1
[18:22:24] ConvaiGRPCLog : Log : OnStreamWriteDone
[18:22:24] ConvaiGRPCLog : Log : NumberOfAudioBytesSent 0
[18:22:27] ConvaiGRPCLog : Log : GetResponse EmotionResponseDebug: session_id: "f504e06863c073e46416473566003d90"
emotion_response: "Serenity"

[18:22:28] ConvaiGRPCLog : Log : Received Audio Chunk: 0.639909 secs | Character ID : a75c189a-9224-11f0-94d8-42010a7be01f | Session ID : f504e06863c073e46416473566003d90
[18:22:28] ConvaiGRPCLog : Log : EmotionResponse: joy 1
[18:22:28] ConvaiAudioStreamerLog : Log : New SampleRate: 44100
[18:22:28] ConvaiAudioStreamerLog : Log : New Channels: 1
[18:22:28] ConvaiAudioStreamerLog : Log : State transition: Stopped -> Playing
[18:22:28] ConvaiGRPCLog : Log : Received Text Bonjour ! : | Character ID : a75c189a-9224-11f0-94d8-42010a7be01f | Session ID : f504e06863c073e46416473566003d90 | ReceivedFinalResponse : False
[18:22:28] ConvaiGRPCLog : Log : GetResponse EmotionResponseDebug: session_id: "f504e06863c073e46416473566003d90"
emotion_response: "Serenity"

[18:22:28] ConvaiGRPCLog : Log : Received Audio Chunk: 0.919342 secs | Character ID : a75c189a-9224-11f0-94d8-42010a7be01f | Session ID : f504e06863c073e46416473566003d90
[18:22:28] ConvaiGRPCLog : Log : EmotionResponse: joy 1
[18:22:28] ConvaiGRPCLog : Log : Received Text Je suis Stuart. : | Character ID : a75c189a-9224-11f0-94d8-42010a7be01f | Session ID : f504e06863c073e46416473566003d90 | ReceivedFinalResponse : False
[18:22:28] ConvaiGRPCLog : Log : GetResponse EmotionResponseDebug: session_id: "f504e06863c073e46416473566003d90"
emotion_response: "Serenity"

[18:22:28] ConvaiGRPCLog : Log : Received Audio Chunk: 1.313741 secs | Character ID : a75c189a-9224-11f0-94d8-42010a7be01f | Session ID : f504e06863c073e46416473566003d90
[18:22:28] ConvaiGRPCLog : Log : EmotionResponse: joy 1
[18:22:28] ConvaiGRPCLog : Log : Received Text Enchanté de vous rencontrer. : | Character ID : a75c189a-9224-11f0-94d8-42010a7be01f | Session ID : f504e06863c073e46416473566003d90 | ReceivedFinalResponse : False
[18:22:28] ConvaiGRPCLog : Log : GetResponse EmotionResponseDebug: session_id: "f504e06863c073e46416473566003d90"
emotion_response: "Serenity"

[18:22:28] ConvaiGRPCLog : Log : Received Audio Chunk: 1.175261 secs | Character ID : a75c189a-9224-11f0-94d8-42010a7be01f | Session ID : f504e06863c073e46416473566003d90
[18:22:28] ConvaiGRPCLog : Log : EmotionResponse: joy 1
[18:22:28] ConvaiChatbotComponentLog : Log : Chatbot Total Received Audio: 4.044172 seconds
[18:22:28] ConvaiGRPCLog : Log : Received Text Comment allez-vous aujourd'hui ?: | Character ID : a75c189a-9224-11f0-94d8-42010a7be01f | Session ID : f504e06863c073e46416473566003d90 | ReceivedFinalResponse : True
[18:22:28] ConvaiGRPCLog : Log : GetResponse SequenceString: None
[18:22:28] ConvaiGRPCLog : Log : Action: None
[18:22:29] ConvaiGRPCLog : Log : GetResponse EmotionResponseDebug: session_id: "f504e06863c073e46416473566003d90"
emotion_response: "Trust Joy Interest"

[18:22:30] ConvaiGRPCLog : Log : No more data to read after 3 attempts. Calling Finish...
[18:22:30] ConvaiGRPCLog : Log : Calling Stream Finish | Character ID : a75c189a-9224-11f0-94d8-42010a7be01f | Session ID : f504e06863c073e46416473566003d90
[18:22:30] ConvaiGRPCLog : Log : On Stream Finish | Character ID : a75c189a-9224-11f0-94d8-42010a7be01f | Session ID : f504e06863c073e46416473566003d90
[18:22:30] ConvaiChatbotComponentLog : Log : UConvaiChatbotComponent Request Finished! | Character ID : a75c189a-9224-11f0-94d8-42010a7be01f | Session ID : f504e06863c073e46416473566003d90
[18:22:32] ConvaiAudioStreamerLog : Log : onAudioFinished
[18:22:32] ConvaiAudioStreamerLog : Log : State transition: Playing -> Stopped
[18:22:32] ConvaiPlayerLog : Log : Started Talking
[18:22:32] ConvaiAudioLog : Log : Using Headset (USBC Headset) as Audio capture device with NumChannels:1 and SampleRate:48000
[18:22:32] ConvaiGRPCLog : Log : AsyncGetResponse started | Character ID : a75c189a-9224-11f0-94d8-42010a7be01f | Session ID : f504e06863c073e46416473566003d90
[18:22:32] ConvaiGRPCLog : Log : GRPC GetResponse stream initialized | Character ID : a75c189a-9224-11f0-94d8-42010a7be01f | Session ID : f504e06863c073e46416473566003d90
[18:22:32] ConvaiGRPCLog : Log : request: character_id: "a75c189a-9224-11f0-94d8-42010a7be01f"
api_key: "0d59d0e9911a2f0886cb47a3cf7925ab"
session_id: "f504e06863c073e46416473566003d90"
audio_config {
  sample_rate_hertz: 16000
}
action_config {
  actions: "Moves To"
  actions: "Follows"
  actions: "None"
  actions: "Stops"
  actions: "Waits for <time in seconds or character>"
  characters {
    name: "Stuart"
  }
  characters {
    name: "Guest"
  }
  characters {
    name: "Player"
  }
  classification: "multistep"
}
speaker: "Player"
dynamic_info_config {
}
 | Character ID : a75c189a-9224-11f0-94d8-42010a7be01f | Session ID : f504e06863c073e46416473566003d90
[18:22:32] ConvaiGRPCLog : Log : Initial Stream Write | Character ID : a75c189a-9224-11f0-94d8-42010a7be01f | Session ID : f504e06863c073e46416473566003d90
[18:22:32] ConvaiGRPCLog : Log : Initial Stream Read | Character ID : a75c189a-9224-11f0-94d8-42010a7be01f | Session ID : f504e06863c073e46416473566003d90
[18:22:34] ConvaiGRPCLog : Log : Received UserQuery bien: | Character ID : a75c189a-9224-11f0-94d8-42010a7be01f | Session ID : f504e06863c073e46416473566003d90 | IsFinalTranscription : False
[18:22:34] ConvaiGRPCLog : Log : Received UserQuery bien et: | Character ID : a75c189a-9224-11f0-94d8-42010a7be01f | Session ID : f504e06863c073e46416473566003d90 | IsFinalTranscription : False
[18:22:34] ConvaiPlayerLog : Log : FinishTalking calling FinishGetResponseStream
[18:22:34] ConvaiGRPCLog : Log : Finish Writing to audio data buffer
[18:22:34] ConvaiGRPCLog : Log : FinishWriting:: Informing On Data Received
[18:22:34] ConvaiGRPCLog : Log : Calling Stream WritesDone | LastWriteReceived : True | AudioBuffer.Num() : 0 | Character ID : a75c189a-9224-11f0-94d8-42010a7be01f | Session ID : f504e06863c073e46416473566003d90
[18:22:34] ConvaiGRPCLog : Log : On Stream Write Done Writing
[18:22:34] ConvaiPlayerLog : Log : Finished Talking
[18:22:34] ConvaiGRPCLog : Log : OnStreamWriteDone
[18:22:34] ConvaiGRPCLog : Log : NumberOfAudioBytesSent 64108
[18:22:34] ConvaiGRPCLog : Log : Received UserQuery bien et vous: | Character ID : a75c189a-9224-11f0-94d8-42010a7be01f | Session ID : f504e06863c073e46416473566003d90 | IsFinalTranscription : False
[18:22:34] ConvaiGRPCLog : Log : Received UserQuery bien et vous: | Character ID : a75c189a-9224-11f0-94d8-42010a7be01f | Session ID : f504e06863c073e46416473566003d90 | IsFinalTranscription : True
[18:22:36] ConvaiGRPCLog : Log : Received Audio Chunk: 1.421474 secs | Character ID : a75c189a-9224-11f0-94d8-42010a7be01f | Session ID : f504e06863c073e46416473566003d90
[18:22:36] ConvaiGRPCLog : Log : EmotionResponse: neutral 1
[18:22:36] ConvaiAudioStreamerLog : Log : State transition: Stopped -> Playing
[18:22:36] ConvaiGRPCLog : Log : Received Text Je vais très bien, merci ! : | Character ID : a75c189a-9224-11f0-94d8-42010a7be01f | Session ID : f504e06863c073e46416473566003d90 | ReceivedFinalResponse : False
[18:22:37] ConvaiGRPCLog : Log : Received Audio Chunk: 1.812177 secs | Character ID : a75c189a-9224-11f0-94d8-42010a7be01f | Session ID : f504e06863c073e46416473566003d90
[18:22:37] ConvaiGRPCLog : Log : EmotionResponse: neutral 1
[18:22:37] ConvaiGRPCLog : Log : Received Text Alors, j'ai une question pour vous. : | Character ID : a75c189a-9224-11f0-94d8-42010a7be01f | Session ID : f504e06863c073e46416473566003d90 | ReceivedFinalResponse : False
[18:22:37] ConvaiGRPCLog : Log : Received Audio Chunk: 3.974014 secs | Character ID : a75c189a-9224-11f0-94d8-42010a7be01f | Session ID : f504e06863c073e46416473566003d90
[18:22:37] ConvaiGRPCLog : Log : EmotionResponse: neutral 1
[18:22:37] ConvaiGRPCLog : Log : Received Text Que pensez-vous de l'affirmation suivante : « Les droitiers respirent plus d'oxygène » ? : | Character ID : a75c189a-9224-11f0-94d8-42010a7be01f | Session ID : f504e06863c073e46416473566003d90 | ReceivedFinalResponse : False
[18:22:37] ConvaiGRPCLog : Log : Received Audio Chunk: 1.853651 secs | Character ID : a75c189a-9224-11f0-94d8-42010a7be01f | Session ID : f504e06863c073e46416473566003d90
[18:22:37] ConvaiGRPCLog : Log : EmotionResponse: neutral 1
[18:22:37] ConvaiChatbotComponentLog : Log : Chatbot Total Received Audio: 9.057234 seconds
[18:22:37] ConvaiGRPCLog : Log : Received Text Est-ce que c'est vrai ou faux, selon vous ?: | Character ID : a75c189a-9224-11f0-94d8-42010a7be01f | Session ID : f504e06863c073e46416473566003d90 | ReceivedFinalResponse : True
[18:22:37] ConvaiGRPCLog : Log : GetResponse SequenceString: None
[18:22:37] ConvaiGRPCLog : Log : Action: None
[18:22:38] ConvaiSubsystemLog : Verbose : Unregistered player component: ConvaiPlayer
[18:22:38] ConvaiSubsystemLog : Log : UConvaiSubsystem Stopped
[18:22:38] ConvaiSubsystemLog : Log : Could not run gRPC delegate due to thread closing down
[18:22:38] ConvaiSubsystemLog : Log : End Run
[18:22:38] ConvaiGRPCLog : Log : Destroying UConvaiGRPCGetResponseProxy... | Character ID : a75c189a-9224-11f0-94d8-42010a7be01f | Session ID : f504e06863c073e46416473566003d90
[18:22:38] ConvaiGRPCLog : Log : Destroying UConvaiGRPCGetResponseProxy... | Character ID : a75c189a-9224-11f0-94d8-42010a7be01f | Session ID : f504e06863c073e46416473566003d90
[18:22:38] ConvaiChatbotComponentLog : Log : Cleanup | Character ID : a75c189a-9224-11f0-94d8-42010a7be01f | Session ID : f504e06863c073e46416473566003d90
[18:22:43] ConvaiSubsystemLog : Log : gRPC Creating Channel...
[18:22:43] ConvaiSubsystemLog : Log : Start Run
[18:22:43] ConvaiSubsystemLog : Log : UConvaiSubsystem Started
[18:22:43] ConvaiPlayerLog : Log : UConvaiPlayerComponent: Found submix "AudioInput"
[18:22:43] ConvaiSubsystemLog : Verbose : Registered player component: ConvaiPlayer
[18:22:49] ConvaiPlayerLog : Log : Started Talking
[18:22:49] ConvaiAudioLog : Log : Using Headset (USBC Headset) as Audio capture device with NumChannels:1 and SampleRate:48000
[18:22:49] ConvaiSubsystemLog : Warning : gRPC channel not ready yet.. Current State: GRPC_CHANNEL_IDLE
[18:22:49] ConvaiGRPCLog : Log : AsyncGetResponse started | Character ID : a75c189a-9224-11f0-94d8-42010a7be01f | Session ID : -1
[18:22:49] ConvaiGRPCLog : Log : GRPC GetResponse stream initialized | Character ID : a75c189a-9224-11f0-94d8-42010a7be01f | Session ID : -1
[18:22:49] ConvaiGRPCLog : Log : request: character_id: "a75c189a-9224-11f0-94d8-42010a7be01f"
api_key: "0d59d0e9911a2f0886cb47a3cf7925ab"
session_id: "-1"
audio_config {
  sample_rate_hertz: 16000
}
action_config {
  actions: "Moves To"
  actions: "Follows"
  actions: "None"
  actions: "Stops"
  actions: "Waits for <time in seconds or character>"
  characters {
    name: "Stuart"
  }
  characters {
    name: "Guest"
  }
  characters {
    name: "Player"
  }
  classification: "multistep"
}
speaker: "Player"
dynamic_info_config {
}
 | Character ID : a75c189a-9224-11f0-94d8-42010a7be01f | Session ID : -1
[18:22:49] ConvaiGRPCLog : Log : Initial Stream Write | Character ID : a75c189a-9224-11f0-94d8-42010a7be01f | Session ID : -1
[18:22:49] ConvaiGRPCLog : Log : Initial Stream Read | Character ID : a75c189a-9224-11f0-94d8-42010a7be01f | Session ID : -1
[18:22:51] ConvaiPlayerLog : Log : FinishTalking calling FinishGetResponseStream
[18:22:51] ConvaiGRPCLog : Log : Finish Writing to audio data buffer
[18:22:51] ConvaiGRPCLog : Log : FinishWriting:: Informing On Data Received
[18:22:51] ConvaiGRPCLog : Log : Calling Stream WritesDone | LastWriteReceived : True | AudioBuffer.Num() : 0 | Character ID : a75c189a-9224-11f0-94d8-42010a7be01f | Session ID : -1
[18:22:51] ConvaiGRPCLog : Log : On Stream Write Done Writing
[18:22:51] ConvaiPlayerLog : Log : Finished Talking
[18:22:51] ConvaiGRPCLog : Log : OnStreamWriteDone
[18:22:51] ConvaiGRPCLog : Log : NumberOfAudioBytesSent 54560
[18:22:51] ConvaiGRPCLog : Log : Received UserQuery Bonjour.: | Character ID : a75c189a-9224-11f0-94d8-42010a7be01f | Session ID : cdc6fbdcd1b6f94211c9c2c5d9828b4a | IsFinalTranscription : False
[18:22:51] ConvaiGRPCLog : Log : Received UserQuery Bonjour.: | Character ID : a75c189a-9224-11f0-94d8-42010a7be01f | Session ID : cdc6fbdcd1b6f94211c9c2c5d9828b4a | IsFinalTranscription : True
[18:22:53] ConvaiGRPCLog : Log : GetResponse EmotionResponseDebug: session_id: "cdc6fbdcd1b6f94211c9c2c5d9828b4a"
emotion_response: "Serenity"

[18:22:53] ConvaiGRPCLog : Log : Received Audio Chunk: 0.639909 secs | Character ID : a75c189a-9224-11f0-94d8-42010a7be01f | Session ID : cdc6fbdcd1b6f94211c9c2c5d9828b4a
[18:22:53] ConvaiGRPCLog : Log : EmotionResponse: joy 1
[18:22:53] ConvaiAudioStreamerLog : Log : New SampleRate: 44100
[18:22:53] ConvaiAudioStreamerLog : Log : New Channels: 1
[18:22:53] ConvaiAudioStreamerLog : Log : State transition: Stopped -> Playing
[18:22:53] ConvaiGRPCLog : Log : Received Text Bonjour ! : | Character ID : a75c189a-9224-11f0-94d8-42010a7be01f | Session ID : cdc6fbdcd1b6f94211c9c2c5d9828b4a | ReceivedFinalResponse : False
[18:22:53] ConvaiGRPCLog : Log : GetResponse EmotionResponseDebug: session_id: "cdc6fbdcd1b6f94211c9c2c5d9828b4a"
emotion_response: "Serenity"

[18:22:53] ConvaiGRPCLog : Log : Received Audio Chunk: 1.535828 secs | Character ID : a75c189a-9224-11f0-94d8-42010a7be01f | Session ID : cdc6fbdcd1b6f94211c9c2c5d9828b4a
[18:22:53] ConvaiGRPCLog : Log : EmotionResponse: joy 1
[18:22:53] ConvaiGRPCLog : Log : Received Text Bienvenue dans notre expérience. : | Character ID : a75c189a-9224-11f0-94d8-42010a7be01f | Session ID : cdc6fbdcd1b6f94211c9c2c5d9828b4a | ReceivedFinalResponse : False
[18:22:53] ConvaiGRPCLog : Log : GetResponse EmotionResponseDebug: session_id: "cdc6fbdcd1b6f94211c9c2c5d9828b4a"
emotion_response: "Serenity"

[18:22:54] ConvaiGRPCLog : Log : Received Audio Chunk: 0.919342 secs | Character ID : a75c189a-9224-11f0-94d8-42010a7be01f | Session ID : cdc6fbdcd1b6f94211c9c2c5d9828b4a
[18:22:54] ConvaiGRPCLog : Log : EmotionResponse: joy 1
[18:22:54] ConvaiGRPCLog : Log : Received Text Je suis Stuart. : | Character ID : a75c189a-9224-11f0-94d8-42010a7be01f | Session ID : cdc6fbdcd1b6f94211c9c2c5d9828b4a | ReceivedFinalResponse : False
[18:22:54] ConvaiGRPCLog : Log : GetResponse EmotionResponseDebug: session_id: "cdc6fbdcd1b6f94211c9c2c5d9828b4a"
emotion_response: "Serenity"

[18:22:54] ConvaiGRPCLog : Log : Received Audio Chunk: 2.843719 secs | Character ID : a75c189a-9224-11f0-94d8-42010a7be01f | Session ID : cdc6fbdcd1b6f94211c9c2c5d9828b4a
[18:22:54] ConvaiGRPCLog : Log : EmotionResponse: joy 1
[18:22:54] ConvaiGRPCLog : Log : Received Text Nous allons discuter d'une affirmation intéressante aujourd'hui. : | Character ID : a75c189a-9224-11f0-94d8-42010a7be01f | Session ID : cdc6fbdcd1b6f94211c9c2c5d9828b4a | ReceivedFinalResponse : False
[18:22:54] ConvaiGRPCLog : Log : GetResponse EmotionResponseDebug: session_id: "cdc6fbdcd1b6f94211c9c2c5d9828b4a"
emotion_response: "Serenity"

[18:22:54] ConvaiGRPCLog : Log : Received Audio Chunk: 0.780476 secs | Character ID : a75c189a-9224-11f0-94d8-42010a7be01f | Session ID : cdc6fbdcd1b6f94211c9c2c5d9828b4a
[18:22:54] ConvaiGRPCLog : Log : EmotionResponse: joy 1
[18:22:54] ConvaiChatbotComponentLog : Log : Chatbot Total Received Audio: 6.714172 seconds
[18:22:54] ConvaiGRPCLog : Log : Received Text Êtes-vous prêt ?: | Character ID : a75c189a-9224-11f0-94d8-42010a7be01f | Session ID : cdc6fbdcd1b6f94211c9c2c5d9828b4a | ReceivedFinalResponse : True
[18:22:54] ConvaiGRPCLog : Log : GetResponse SequenceString: None
[18:22:54] ConvaiGRPCLog : Log : Action: None
[18:22:55] ConvaiGRPCLog : Log : GetResponse EmotionResponseDebug: session_id: "cdc6fbdcd1b6f94211c9c2c5d9828b4a"
emotion_response: "Trust Serenity Interest"

[18:22:55] ConvaiSubsystemLog : Verbose : Unregistered player component: ConvaiPlayer
[18:22:55] ConvaiSubsystemLog : Log : UConvaiSubsystem Stopped
[18:22:55] ConvaiSubsystemLog : Log : Could not run gRPC delegate due to thread closing down
[18:22:55] ConvaiSubsystemLog : Log : End Run
[18:22:55] ConvaiGRPCLog : Log : Destroying UConvaiGRPCGetResponseProxy... | Character ID : a75c189a-9224-11f0-94d8-42010a7be01f | Session ID : cdc6fbdcd1b6f94211c9c2c5d9828b4a
[18:22:55] ConvaiChatbotComponentLog : Log : Cleanup | Character ID : a75c189a-9224-11f0-94d8-42010a7be01f | Session ID : cdc6fbdcd1b6f94211c9c2c5d9828b4a
[18:23:21] ConvaiPlayerLog : Log : UConvaiPlayerComponent: Found submix "AudioInput"
[18:23:28] ConvaiPlayerLog : Log : UConvaiPlayerComponent: Found submix "AudioInput"
[18:23:31] ConvaiPlayerLog : Log : UConvaiPlayerComponent: Found submix "AudioInput"
[18:23:36] ConvaiPlayerLog : Log : UConvaiPlayerComponent: Found submix "AudioInput"
[18:23:38] ConvaiPlayerLog : Log : UConvaiPlayerComponent: Found submix "AudioInput"
[18:24:25] ConvaiPlayerLog : Log : UConvaiPlayerComponent: Found submix "AudioInput"
[18:24:25] ConvaiPlayerLog : Log : UConvaiPlayerComponent: Found submix "AudioInput"
[18:24:25] ConvaiPlayerLog : Log : UConvaiPlayerComponent: Found submix "AudioInput"
[18:24:25] ConvaiPlayerLog : Log : UConvaiPlayerComponent: Found submix "AudioInput"
[18:24:25] ConvaiPlayerLog : Log : UConvaiPlayerComponent: Found submix "AudioInput"
[18:24:25] ConvaiPlayerLog : Log : UConvaiPlayerComponent: Found submix "AudioInput"
[18:24:25] ConvaiPlayerLog : Log : UConvaiPlayerComponent: Found submix "AudioInput"
[18:24:25] ConvaiPlayerLog : Log : UConvaiPlayerComponent: Found submix "AudioInput"
[18:24:25] ConvaiPlayerLog : Log : UConvaiPlayerComponent: Found submix "AudioInput"
[18:24:25] ConvaiPlayerLog : Log : UConvaiPlayerComponent: Found submix "AudioInput"
[18:25:11] ConvaiPlayerLog : Log : UConvaiPlayerComponent: Found submix "AudioInput"
[18:25:11] ConvaiPlayerLog : Log : UConvaiPlayerComponent: Found submix "AudioInput"
[18:25:11] ConvaiPlayerLog : Log : UConvaiPlayerComponent: Found submix "AudioInput"
[18:25:11] ConvaiPlayerLog : Log : UConvaiPlayerComponent: Found submix "AudioInput"
[18:25:11] ConvaiPlayerLog : Log : UConvaiPlayerComponent: Found submix "AudioInput"
[18:25:11] ConvaiPlayerLog : Log : UConvaiPlayerComponent: Found submix "AudioInput"
[18:25:11] ConvaiPlayerLog : Log : UConvaiPlayerComponent: Found submix "AudioInput"
[18:26:44] ConvaiChatbotComponentLog : Log : Cleanup | Character ID :  | Session ID : -1
[18:26:44] ConvaiChatbotComponentLog : Log : Cleanup | Character ID : a75c189a-9224-11f0-94d8-42010a7be01f | Session ID : -1
[18:26:44] ConvaiChatbotComponentLog : Log : Cleanup | Character ID :  | Session ID : -1
[18:26:44] ConvaiGRPCLog : Log : Destroying UConvaiGRPCGetResponseProxy... | Character ID :  | Session ID : 
[18:26:44] ConvaiGRPCFeedBackLog : Log : On Stream Finish | Interaction ID :  | Feedback Text :  | ThumbsUp: False
