[16:39:16] ConvaiChatbotComponentLog : Log : Cleanup | Character ID :  | Session ID : -1
[16:39:16] ConvaiChatbotComponentLog : Log : Cleanup | Character ID :  | Session ID : -1
[16:39:16] ConvaiChatbotComponentLog : Log : Cleanup | Character ID :  | Session ID : -1
[16:39:16] ConvaiChatbotComponentLog : Log : Cleanup | Character ID :  | Session ID : -1
[16:39:16] ConvaiChatbotComponentLog : Log : Cleanup | Character ID :  | Session ID : -1
[16:39:16] ConvaiChatbotComponentLog : Log : Cleanup | Character ID :  | Session ID : -1
[16:39:16] ConvaiChatbotComponentLog : Log : Cleanup | Character ID :  | Session ID : -1
[16:39:16] ConvaiChatbotComponentLog : Log : Cleanup | Character ID :  | Session ID : -1
[16:39:16] ConvaiChatbotComponentLog : Log : Cleanup | Character ID :  | Session ID : -1
[16:39:16] ConvaiChatbotComponentLog : Log : Cleanup | Character ID :  | Session ID : -1
[16:39:16] ConvaiChatbotComponentLog : Log : Cleanup | Character ID :  | Session ID : -1
[16:39:16] ConvaiChatbotComponentLog : Log : Cleanup | Character ID :  | Session ID : -1
[16:39:16] ConvaiChatbotComponentLog : Log : Cleanup | Character ID :  | Session ID : -1
[16:39:16] ConvaiChatbotComponentLog : Log : Cleanup | Character ID :  | Session ID : -1
[16:39:16] ConvaiChatbotComponentLog : Log : Cleanup | Character ID :  | Session ID : -1
[16:39:16] ConvaiChatbotComponentLog : Log : Cleanup | Character ID :  | Session ID : -1
[16:39:16] ConvaiChatbotComponentLog : Log : Cleanup | Character ID :  | Session ID : -1
[16:39:16] ConvaiChatbotComponentLog : Log : Cleanup | Character ID :  | Session ID : -1
[16:39:16] ConvaiChatbotComponentLog : Log : Cleanup | Character ID :  | Session ID : -1
[16:39:16] ConvaiChatbotComponentLog : Log : Cleanup | Character ID :  | Session ID : -1
[16:39:16] ConvaiChatbotComponentLog : Log : Cleanup | Character ID :  | Session ID : -1
[16:39:16] ConvaiChatbotComponentLog : Log : Cleanup | Character ID :  | Session ID : -1
[16:39:16] ConvaiChatbotComponentLog : Log : Cleanup | Character ID :  | Session ID : -1
[16:39:16] ConvaiChatbotComponentLog : Log : Cleanup | Character ID :  | Session ID : -1
[16:39:16] ConvaiChatbotComponentLog : Log : Cleanup | Character ID :  | Session ID : -1
[16:39:16] ConvaiChatbotComponentLog : Log : Cleanup | Character ID :  | Session ID : -1
[16:39:16] ConvaiChatbotComponentLog : Log : Cleanup | Character ID :  | Session ID : -1
[16:39:16] ConvaiChatbotComponentLog : Log : Cleanup | Character ID :  | Session ID : -1
[16:39:16] ConvaiChatbotComponentLog : Log : Cleanup | Character ID :  | Session ID : -1
[16:39:16] ConvaiChatbotComponentLog : Log : Cleanup | Character ID :  | Session ID : -1
[16:39:16] ConvaiChatbotComponentLog : Log : Cleanup | Character ID :  | Session ID : -1
[16:39:16] ConvaiChatbotComponentLog : Log : Cleanup | Character ID :  | Session ID : -1
[16:39:16] ConvaiChatbotComponentLog : Log : Cleanup | Character ID :  | Session ID : -1
[16:39:16] ConvaiChatbotComponentLog : Log : Cleanup | Character ID :  | Session ID : -1
[16:39:16] ConvaiChatbotComponentLog : Log : Cleanup | Character ID :  | Session ID : -1
[16:39:16] ConvaiChatbotComponentLog : Log : Cleanup | Character ID :  | Session ID : -1
[16:39:16] ConvaiChatbotComponentLog : Log : Cleanup | Character ID :  | Session ID : -1
[16:39:16] ConvaiChatbotComponentLog : Log : Cleanup | Character ID :  | Session ID : -1
[16:39:16] ConvaiChatbotComponentLog : Log : Cleanup | Character ID :  | Session ID : -1
[16:39:16] ConvaiChatbotComponentLog : Log : Cleanup | Character ID :  | Session ID : -1
[16:39:16] ConvaiChatbotComponentLog : Log : Cleanup | Character ID :  | Session ID : -1
[16:39:16] ConvaiChatbotComponentLog : Log : Cleanup | Character ID :  | Session ID : -1
[16:39:16] ConvaiChatbotComponentLog : Log : Cleanup | Character ID :  | Session ID : -1
[16:39:16] ConvaiChatbotComponentLog : Log : Cleanup | Character ID :  | Session ID : -1
[16:39:16] ConvaiChatbotComponentLog : Log : Cleanup | Character ID :  | Session ID : -1
[16:39:16] ConvaiChatbotComponentLog : Log : Cleanup | Character ID :  | Session ID : -1
[16:39:16] ConvaiChatbotComponentLog : Log : Cleanup | Character ID :  | Session ID : -1
[16:39:16] ConvaiChatbotComponentLog : Log : Cleanup | Character ID :  | Session ID : -1
[16:39:16] ConvaiChatbotComponentLog : Log : Cleanup | Character ID :  | Session ID : -1
[16:39:16] ConvaiChatbotComponentLog : Log : Cleanup | Character ID :  | Session ID : -1
[16:39:16] ConvaiChatbotComponentLog : Log : Cleanup | Character ID :  | Session ID : -1
[16:40:33] ConvaiPlayerLog : Log : UConvaiPlayerComponent: Found submix "AudioInput"
[16:40:33] ConvaiPlayerLog : Log : UConvaiPlayerComponent: Found submix "AudioInput"
[16:40:33] ConvaiChatbotComponentLog : Log : Cleanup | Character ID :  | Session ID : -1
[16:40:33] ConvaiChatbotComponentLog : Log : Cleanup | Character ID :  | Session ID : -1
[16:40:33] ConvaiChatbotComponentLog : Log : Cleanup | Character ID :  | Session ID : -1
[16:40:33] ConvaiChatbotComponentLog : Log : Cleanup | Character ID :  | Session ID : -1
[16:40:33] ConvaiChatbotComponentLog : Log : Cleanup | Character ID :  | Session ID : -1
[16:40:33] ConvaiChatbotComponentLog : Log : Cleanup | Character ID :  | Session ID : -1
[16:40:33] ConvaiChatbotComponentLog : Log : Cleanup | Character ID :  | Session ID : -1
[16:40:33] ConvaiPlayerLog : Log : UConvaiPlayerComponent: Found submix "AudioInput"
[16:40:33] ConvaiPlayerLog : Log : UConvaiPlayerComponent: Found submix "AudioInput"
[16:40:33] ConvaiPlayerLog : Log : UConvaiPlayerComponent: Found submix "AudioInput"
[16:40:33] ConvaiPlayerLog : Log : UConvaiPlayerComponent: Found submix "AudioInput"
[16:40:33] ConvaiPlayerLog : Log : UConvaiPlayerComponent: Found submix "AudioInput"
[16:40:49] ConvaiPlayerLog : Log : UConvaiPlayerComponent: Found submix "AudioInput"
[16:40:49] ConvaiPlayerLog : Log : UConvaiPlayerComponent: Found submix "AudioInput"
[16:40:49] ConvaiPlayerLog : Log : UConvaiPlayerComponent: Found submix "AudioInput"
[16:40:49] ConvaiPlayerLog : Log : UConvaiPlayerComponent: Found submix "AudioInput"
[16:40:53] ConvaiPlayerLog : Log : UConvaiPlayerComponent: Found submix "AudioInput"
[16:40:53] ConvaiPlayerLog : Log : UConvaiPlayerComponent: Found submix "AudioInput"
[16:40:53] ConvaiPlayerLog : Log : UConvaiPlayerComponent: Found submix "AudioInput"
[16:40:53] ConvaiPlayerLog : Log : UConvaiPlayerComponent: Found submix "AudioInput"
[16:41:03] ConvaiPlayerLog : Log : UConvaiPlayerComponent: Found submix "AudioInput"
[16:41:03] ConvaiPlayerLog : Log : UConvaiPlayerComponent: Found submix "AudioInput"
[16:41:03] ConvaiPlayerLog : Log : UConvaiPlayerComponent: Found submix "AudioInput"
[16:41:03] ConvaiPlayerLog : Log : UConvaiPlayerComponent: Found submix "AudioInput"
[16:41:03] ConvaiPlayerLog : Log : UConvaiPlayerComponent: Found submix "AudioInput"
[16:41:03] ConvaiPlayerLog : Log : UConvaiPlayerComponent: Found submix "AudioInput"
[16:41:03] ConvaiPlayerLog : Log : UConvaiPlayerComponent: Found submix "AudioInput"
[16:41:03] ConvaiPlayerLog : Log : UConvaiPlayerComponent: Found submix "AudioInput"
[16:41:03] ConvaiPlayerLog : Log : UConvaiPlayerComponent: Found submix "AudioInput"
[16:41:03] ConvaiPlayerLog : Log : UConvaiPlayerComponent: Found submix "AudioInput"
[16:41:03] ConvaiPlayerLog : Log : UConvaiPlayerComponent: Found submix "AudioInput"
[16:41:03] ConvaiPlayerLog : Log : UConvaiPlayerComponent: Found submix "AudioInput"
[16:41:03] ConvaiPlayerLog : Log : UConvaiPlayerComponent: Found submix "AudioInput"
[16:41:03] ConvaiPlayerLog : Log : UConvaiPlayerComponent: Found submix "AudioInput"
[16:41:03] ConvaiPlayerLog : Log : UConvaiPlayerComponent: Found submix "AudioInput"
[16:41:03] ConvaiPlayerLog : Log : UConvaiPlayerComponent: Found submix "AudioInput"
[16:41:21] ConvaiPlayerLog : Log : UConvaiPlayerComponent: Found submix "AudioInput"
[16:41:21] ConvaiPlayerLog : Log : UConvaiPlayerComponent: Found submix "AudioInput"
[16:41:21] ConvaiPlayerLog : Log : UConvaiPlayerComponent: Found submix "AudioInput"
[16:41:21] ConvaiPlayerLog : Log : UConvaiPlayerComponent: Found submix "AudioInput"
[16:41:21] ConvaiPlayerLog : Log : UConvaiPlayerComponent: Found submix "AudioInput"
[16:41:21] ConvaiPlayerLog : Log : UConvaiPlayerComponent: Found submix "AudioInput"
[16:41:21] ConvaiPlayerLog : Log : UConvaiPlayerComponent: Found submix "AudioInput"
[16:41:21] ConvaiPlayerLog : Log : UConvaiPlayerComponent: Found submix "AudioInput"
[16:41:22] ConvaiPlayerLog : Log : UConvaiPlayerComponent: Found submix "AudioInput"
[16:41:22] ConvaiPlayerLog : Log : UConvaiPlayerComponent: Found submix "AudioInput"
[16:41:22] ConvaiPlayerLog : Log : UConvaiPlayerComponent: Found submix "AudioInput"
[16:41:22] ConvaiPlayerLog : Log : UConvaiPlayerComponent: Found submix "AudioInput"
[16:41:22] ConvaiPlayerLog : Log : UConvaiPlayerComponent: Found submix "AudioInput"
[16:47:03] ConvaiSubsystemLog : Log : gRPC Creating Channel...
[16:47:03] ConvaiSubsystemLog : Log : Start Run
[16:47:03] ConvaiSubsystemLog : Log : UConvaiSubsystem Started
[16:47:03] ConvaiPlayerLog : Log : UConvaiPlayerComponent: Found submix "AudioInput"
[16:47:03] ConvaiSubsystemLog : Verbose : Registered player component: ConvaiPlayer
[16:47:09] ConvaiPlayerLog : Log : Started Talking
[16:47:09] ConvaiAudioLog : Log : Using Headset (USBC Headset) as Audio capture device with NumChannels:1 and SampleRate:48000
[16:47:09] ConvaiSubsystemLog : Warning : gRPC channel not ready yet.. Current State: GRPC_CHANNEL_IDLE
[16:47:09] ConvaiGRPCLog : Log : AsyncGetResponse started | Character ID : a75c189a-9224-11f0-94d8-42010a7be01f | Session ID : -1
[16:47:09] ConvaiGRPCLog : Log : GRPC GetResponse stream initialized | Character ID : a75c189a-9224-11f0-94d8-42010a7be01f | Session ID : -1
[16:47:09] ConvaiGRPCLog : Log : request: character_id: "a75c189a-9224-11f0-94d8-42010a7be01f"
api_key: "0d59d0e9911a2f0886cb47a3cf7925ab"
session_id: "-1"
audio_config {
  sample_rate_hertz: 16000
}
action_config {
  actions: "Moves To"
  actions: "Follows"
  actions: "None"
  actions: "Stops"
  actions: "Waits for <time in seconds or character>"
  characters {
    name: "Stuart"
  }
  characters {
    name: "Guest"
  }
  characters {
    name: "Player"
  }
  classification: "multistep"
}
speaker: "Player"
dynamic_info_config {
}
 | Character ID : a75c189a-9224-11f0-94d8-42010a7be01f | Session ID : -1
[16:47:09] ConvaiGRPCLog : Log : Initial Stream Write | Character ID : a75c189a-9224-11f0-94d8-42010a7be01f | Session ID : -1
[16:47:09] ConvaiGRPCLog : Log : Initial Stream Read | Character ID : a75c189a-9224-11f0-94d8-42010a7be01f | Session ID : -1
[16:47:10] ConvaiPlayerLog : Log : FinishTalking calling FinishGetResponseStream
[16:47:10] ConvaiGRPCLog : Log : Finish Writing to audio data buffer
[16:47:10] ConvaiGRPCLog : Log : FinishWriting:: Informing On Data Received
[16:47:10] ConvaiGRPCLog : Log : Calling Stream WritesDone | LastWriteReceived : True | AudioBuffer.Num() : 0 | Character ID : a75c189a-9224-11f0-94d8-42010a7be01f | Session ID : -1
[16:47:10] ConvaiGRPCLog : Log : On Stream Write Done Writing
[16:47:10] ConvaiPlayerLog : Log : Finished Talking
[16:47:10] ConvaiGRPCLog : Log : OnStreamWriteDone
[16:47:10] ConvaiGRPCLog : Log : NumberOfAudioBytesSent 40238
[16:47:10] ConvaiGRPCLog : Log : Received UserQuery hell: | Character ID : a75c189a-9224-11f0-94d8-42010a7be01f | Session ID : f106e63b745c628f81fa5388a1568b19 | IsFinalTranscription : False
[16:47:10] ConvaiGRPCLog : Log : Received UserQuery Hello: | Character ID : a75c189a-9224-11f0-94d8-42010a7be01f | Session ID : f106e63b745c628f81fa5388a1568b19 | IsFinalTranscription : False
[16:47:10] ConvaiGRPCLog : Log : Received UserQuery Hello: | Character ID : a75c189a-9224-11f0-94d8-42010a7be01f | Session ID : f106e63b745c628f81fa5388a1568b19 | IsFinalTranscription : True
[16:47:13] ConvaiGRPCLog : Log : GetResponse EmotionResponseDebug: session_id: "f106e63b745c628f81fa5388a1568b19"
emotion_response: "Serenity"

[16:47:13] ConvaiGRPCLog : Log : Received Audio Chunk: 0.639909 secs | Character ID : a75c189a-9224-11f0-94d8-42010a7be01f | Session ID : f106e63b745c628f81fa5388a1568b19
[16:47:13] ConvaiGRPCLog : Log : EmotionResponse: joy 1
[16:47:13] ConvaiAudioStreamerLog : Log : New SampleRate: 44100
[16:47:13] ConvaiAudioStreamerLog : Log : New Channels: 1
[16:47:13] ConvaiAudioStreamerLog : Log : State transition: Stopped -> Playing
[16:47:13] ConvaiGRPCLog : Log : Received Text Bonjour ! : | Character ID : a75c189a-9224-11f0-94d8-42010a7be01f | Session ID : f106e63b745c628f81fa5388a1568b19 | ReceivedFinalResponse : False
[16:47:13] ConvaiGRPCLog : Log : GetResponse EmotionResponseDebug: session_id: "f106e63b745c628f81fa5388a1568b19"
emotion_response: "Serenity"

[16:47:13] ConvaiGRPCLog : Log : Received Audio Chunk: 2.119478 secs | Character ID : a75c189a-9224-11f0-94d8-42010a7be01f | Session ID : f106e63b745c628f81fa5388a1568b19
[16:47:13] ConvaiGRPCLog : Log : EmotionResponse: joy 1
[16:47:13] ConvaiGRPCLog : Log : Received Text Je suis Stuart, ravi de vous rencontrer. : | Character ID : a75c189a-9224-11f0-94d8-42010a7be01f | Session ID : f106e63b745c628f81fa5388a1568b19 | ReceivedFinalResponse : False
[16:47:13] ConvaiGRPCLog : Log : GetResponse EmotionResponseDebug: session_id: "f106e63b745c628f81fa5388a1568b19"
emotion_response: "Serenity"

[16:47:13] ConvaiGRPCLog : Log : Received Audio Chunk: 3.798571 secs | Character ID : a75c189a-9224-11f0-94d8-42010a7be01f | Session ID : f106e63b745c628f81fa5388a1568b19
[16:47:13] ConvaiGRPCLog : Log : EmotionResponse: joy 1
[16:47:13] ConvaiChatbotComponentLog : Log : Chatbot Total Received Audio: 6.554898 seconds
[16:47:13] ConvaiGRPCLog : Log : Received Text J'espère que vous appréciez votre expérience en réalité virtuelle jusqu'à présent.: | Character ID : a75c189a-9224-11f0-94d8-42010a7be01f | Session ID : f106e63b745c628f81fa5388a1568b19 | ReceivedFinalResponse : True
[16:47:13] ConvaiGRPCLog : Log : GetResponse SequenceString: None
[16:47:13] ConvaiGRPCLog : Log : Action: None
[16:47:14] ConvaiGRPCLog : Log : GetResponse EmotionResponseDebug: session_id: "f106e63b745c628f81fa5388a1568b19"
emotion_response: "Admiration Joy"

[16:47:15] ConvaiGRPCLog : Log : No more data to read after 3 attempts. Calling Finish...
[16:47:15] ConvaiGRPCLog : Log : Calling Stream Finish | Character ID : a75c189a-9224-11f0-94d8-42010a7be01f | Session ID : f106e63b745c628f81fa5388a1568b19
[16:47:15] ConvaiGRPCLog : Log : On Stream Finish | Character ID : a75c189a-9224-11f0-94d8-42010a7be01f | Session ID : f106e63b745c628f81fa5388a1568b19
[16:47:15] ConvaiChatbotComponentLog : Log : UConvaiChatbotComponent Request Finished! | Character ID : a75c189a-9224-11f0-94d8-42010a7be01f | Session ID : f106e63b745c628f81fa5388a1568b19
[16:47:19] ConvaiAudioStreamerLog : Log : onAudioFinished
[16:47:19] ConvaiAudioStreamerLog : Log : State transition: Playing -> Stopped
[16:47:22] ConvaiPlayerLog : Log : Started Talking
[16:47:22] ConvaiAudioLog : Log : Using Headset (USBC Headset) as Audio capture device with NumChannels:1 and SampleRate:48000
[16:47:22] ConvaiGRPCLog : Log : AsyncGetResponse started | Character ID : a75c189a-9224-11f0-94d8-42010a7be01f | Session ID : f106e63b745c628f81fa5388a1568b19
[16:47:22] ConvaiGRPCLog : Log : GRPC GetResponse stream initialized | Character ID : a75c189a-9224-11f0-94d8-42010a7be01f | Session ID : f106e63b745c628f81fa5388a1568b19
[16:47:22] ConvaiGRPCLog : Log : request: character_id: "a75c189a-9224-11f0-94d8-42010a7be01f"
api_key: "0d59d0e9911a2f0886cb47a3cf7925ab"
session_id: "f106e63b745c628f81fa5388a1568b19"
audio_config {
  sample_rate_hertz: 16000
}
action_config {
  actions: "Moves To"
  actions: "Follows"
  actions: "None"
  actions: "Stops"
  actions: "Waits for <time in seconds or character>"
  characters {
    name: "Stuart"
  }
  characters {
    name: "Guest"
  }
  characters {
    name: "Player"
  }
  classification: "multistep"
}
speaker: "Player"
dynamic_info_config {
}
 | Character ID : a75c189a-9224-11f0-94d8-42010a7be01f | Session ID : f106e63b745c628f81fa5388a1568b19
[16:47:22] ConvaiGRPCLog : Log : Initial Stream Write | Character ID : a75c189a-9224-11f0-94d8-42010a7be01f | Session ID : f106e63b745c628f81fa5388a1568b19
[16:47:22] ConvaiGRPCLog : Log : Initial Stream Read | Character ID : a75c189a-9224-11f0-94d8-42010a7be01f | Session ID : f106e63b745c628f81fa5388a1568b19
[16:47:23] ConvaiGRPCLog : Log : Received UserQuery oui: | Character ID : a75c189a-9224-11f0-94d8-42010a7be01f | Session ID : f106e63b745c628f81fa5388a1568b19 | IsFinalTranscription : False
[16:47:23] ConvaiGRPCLog : Log : Received UserQuery oui, c'est: | Character ID : a75c189a-9224-11f0-94d8-42010a7be01f | Session ID : f106e63b745c628f81fa5388a1568b19 | IsFinalTranscription : False
[16:47:24] ConvaiGRPCLog : Log : Received UserQuery Oui, c'est pas.: | Character ID : a75c189a-9224-11f0-94d8-42010a7be01f | Session ID : f106e63b745c628f81fa5388a1568b19 | IsFinalTranscription : False
[16:47:24] ConvaiGRPCLog : Log : Received UserQuery Oui, c'est pas mal.: | Character ID : a75c189a-9224-11f0-94d8-42010a7be01f | Session ID : f106e63b745c628f81fa5388a1568b19 | IsFinalTranscription : False
[16:47:24] ConvaiPlayerLog : Log : FinishTalking calling FinishGetResponseStream
[16:47:24] ConvaiGRPCLog : Log : Finish Writing to audio data buffer
[16:47:24] ConvaiGRPCLog : Log : FinishWriting:: Informing On Data Received
[16:47:24] ConvaiGRPCLog : Log : Calling Stream WritesDone | LastWriteReceived : True | AudioBuffer.Num() : 0 | Character ID : a75c189a-9224-11f0-94d8-42010a7be01f | Session ID : f106e63b745c628f81fa5388a1568b19
[16:47:24] ConvaiGRPCLog : Log : On Stream Write Done Writing
[16:47:24] ConvaiPlayerLog : Log : Finished Talking
[16:47:24] ConvaiGRPCLog : Log : OnStreamWriteDone
[16:47:24] ConvaiGRPCLog : Log : NumberOfAudioBytesSent 59334
[16:47:24] ConvaiGRPCLog : Log : Received UserQuery Oui,: | Character ID : a75c189a-9224-11f0-94d8-42010a7be01f | Session ID : f106e63b745c628f81fa5388a1568b19 | IsFinalTranscription : False
[16:47:24] ConvaiGRPCLog : Log : Received UserQuery Oui, c'est: | Character ID : a75c189a-9224-11f0-94d8-42010a7be01f | Session ID : f106e63b745c628f81fa5388a1568b19 | IsFinalTranscription : False
[16:47:24] ConvaiGRPCLog : Log : Received UserQuery Oui, c'est pas mal.: | Character ID : a75c189a-9224-11f0-94d8-42010a7be01f | Session ID : f106e63b745c628f81fa5388a1568b19 | IsFinalTranscription : True
[16:47:27] ConvaiGRPCLog : Log : Received Audio Chunk: 0.633741 secs | Character ID : a75c189a-9224-11f0-94d8-42010a7be01f | Session ID : f106e63b745c628f81fa5388a1568b19
[16:47:27] ConvaiGRPCLog : Log : EmotionResponse: neutral 1
[16:47:27] ConvaiAudioStreamerLog : Log : State transition: Stopped -> Playing
[16:47:27] ConvaiGRPCLog : Log : Received Text Excellent ! : | Character ID : a75c189a-9224-11f0-94d8-42010a7be01f | Session ID : f106e63b745c628f81fa5388a1568b19 | ReceivedFinalResponse : False
[16:47:27] ConvaiGRPCLog : Log : Received Audio Chunk: 6.155760 secs | Character ID : a75c189a-9224-11f0-94d8-42010a7be01f | Session ID : f106e63b745c628f81fa5388a1568b19
[16:47:27] ConvaiGRPCLog : Log : EmotionResponse: neutral 1
[16:47:27] ConvaiGRPCLog : Log : Received Text Alors, j'ai une affirmation intéressante pour vous aujourd'hui : "Les droitiers respirent plus d'oxygène." Qu'en pensez-vous ? : | Character ID : a75c189a-9224-11f0-94d8-42010a7be01f | Session ID : f106e63b745c628f81fa5388a1568b19 | ReceivedFinalResponse : False
[16:47:27] ConvaiGRPCLog : Log : Received Audio Chunk: 0.852018 secs | Character ID : a75c189a-9224-11f0-94d8-42010a7be01f | Session ID : f106e63b745c628f81fa5388a1568b19
[16:47:27] ConvaiGRPCLog : Log : EmotionResponse: neutral 1
[16:47:27] ConvaiChatbotComponentLog : Log : Chatbot Total Received Audio: 7.638458 seconds
[16:47:27] ConvaiGRPCLog : Log : Received Text Vrai ou faux ?: | Character ID : a75c189a-9224-11f0-94d8-42010a7be01f | Session ID : f106e63b745c628f81fa5388a1568b19 | ReceivedFinalResponse : True
[16:47:27] ConvaiGRPCLog : Log : GetResponse SequenceString: None
[16:47:27] ConvaiGRPCLog : Log : Action: None
[16:47:27] ConvaiGRPCLog : Log : GetResponse EmotionResponseDebug: session_id: "f106e63b745c628f81fa5388a1568b19"
emotion_response: "Acceptance Serenity Interest"

[16:47:28] ConvaiGRPCLog : Log : No more data to read after 3 attempts. Calling Finish...
[16:47:28] ConvaiGRPCLog : Log : Calling Stream Finish | Character ID : a75c189a-9224-11f0-94d8-42010a7be01f | Session ID : f106e63b745c628f81fa5388a1568b19
[16:47:28] ConvaiGRPCLog : Log : On Stream Finish | Character ID : a75c189a-9224-11f0-94d8-42010a7be01f | Session ID : f106e63b745c628f81fa5388a1568b19
[16:47:28] ConvaiChatbotComponentLog : Log : UConvaiChatbotComponent Request Finished! | Character ID : a75c189a-9224-11f0-94d8-42010a7be01f | Session ID : f106e63b745c628f81fa5388a1568b19
[16:47:34] ConvaiAudioStreamerLog : Log : onAudioFinished
[16:47:34] ConvaiAudioStreamerLog : Log : State transition: Playing -> Stopped
[16:47:35] ConvaiPlayerLog : Log : Started Talking
[16:47:35] ConvaiAudioLog : Log : Using Headset (USBC Headset) as Audio capture device with NumChannels:1 and SampleRate:48000
[16:47:35] ConvaiGRPCLog : Log : AsyncGetResponse started | Character ID : a75c189a-9224-11f0-94d8-42010a7be01f | Session ID : f106e63b745c628f81fa5388a1568b19
[16:47:35] ConvaiGRPCLog : Log : GRPC GetResponse stream initialized | Character ID : a75c189a-9224-11f0-94d8-42010a7be01f | Session ID : f106e63b745c628f81fa5388a1568b19
[16:47:35] ConvaiGRPCLog : Log : request: character_id: "a75c189a-9224-11f0-94d8-42010a7be01f"
api_key: "0d59d0e9911a2f0886cb47a3cf7925ab"
session_id: "f106e63b745c628f81fa5388a1568b19"
audio_config {
  sample_rate_hertz: 16000
}
action_config {
  actions: "Moves To"
  actions: "Follows"
  actions: "None"
  actions: "Stops"
  actions: "Waits for <time in seconds or character>"
  characters {
    name: "Stuart"
  }
  characters {
    name: "Guest"
  }
  characters {
    name: "Player"
  }
  classification: "multistep"
}
speaker: "Player"
dynamic_info_config {
}
 | Character ID : a75c189a-9224-11f0-94d8-42010a7be01f | Session ID : f106e63b745c628f81fa5388a1568b19
[16:47:35] ConvaiGRPCLog : Log : Initial Stream Write | Character ID : a75c189a-9224-11f0-94d8-42010a7be01f | Session ID : f106e63b745c628f81fa5388a1568b19
[16:47:35] ConvaiGRPCLog : Log : Initial Stream Read | Character ID : a75c189a-9224-11f0-94d8-42010a7be01f | Session ID : f106e63b745c628f81fa5388a1568b19
[16:47:37] ConvaiGRPCLog : Log : Received UserQuery c'est: | Character ID : a75c189a-9224-11f0-94d8-42010a7be01f | Session ID : f106e63b745c628f81fa5388a1568b19 | IsFinalTranscription : False
[16:47:37] ConvaiPlayerLog : Log : FinishTalking calling FinishGetResponseStream
[16:47:37] ConvaiGRPCLog : Log : Finish Writing to audio data buffer
[16:47:37] ConvaiGRPCLog : Log : FinishWriting:: Informing On Data Received
[16:47:37] ConvaiGRPCLog : Log : Calling Stream WritesDone | LastWriteReceived : True | AudioBuffer.Num() : 0 | Character ID : a75c189a-9224-11f0-94d8-42010a7be01f | Session ID : f106e63b745c628f81fa5388a1568b19
[16:47:37] ConvaiGRPCLog : Log : On Stream Write Done Writing
[16:47:37] ConvaiPlayerLog : Log : Finished Talking
[16:47:37] ConvaiGRPCLog : Log : OnStreamWriteDone
[16:47:37] ConvaiGRPCLog : Log : NumberOfAudioBytesSent 63426
[16:47:37] ConvaiGRPCLog : Log : Received UserQuery C'est faux.: | Character ID : a75c189a-9224-11f0-94d8-42010a7be01f | Session ID : f106e63b745c628f81fa5388a1568b19 | IsFinalTranscription : False
[16:47:37] ConvaiGRPCLog : Log : Received UserQuery C'est faux.: | Character ID : a75c189a-9224-11f0-94d8-42010a7be01f | Session ID : f106e63b745c628f81fa5388a1568b19 | IsFinalTranscription : True
[16:47:40] ConvaiGRPCLog : Log : Received Audio Chunk: 4.098503 secs | Character ID : a75c189a-9224-11f0-94d8-42010a7be01f | Session ID : f106e63b745c628f81fa5388a1568b19
[16:47:40] ConvaiGRPCLog : Log : EmotionResponse: neutral 1
[16:47:40] ConvaiAudioStreamerLog : Log : State transition: Stopped -> Playing
[16:47:40] ConvaiGRPCLog : Log : Received Text Je comprends pourquoi vous dites que c'est faux ; cela semble improbable à première vue. : | Character ID : a75c189a-9224-11f0-94d8-42010a7be01f | Session ID : f106e63b745c628f81fa5388a1568b19 | ReceivedFinalResponse : False
[16:47:40] ConvaiGRPCLog : Log : Received Audio Chunk: 11.450385 secs | Character ID : a75c189a-9224-11f0-94d8-42010a7be01f | Session ID : f106e63b745c628f81fa5388a1568b19
[16:47:40] ConvaiGRPCLog : Log : EmotionResponse: neutral 1
[16:47:40] ConvaiGRPCLog : Log : Received Text Mais, si l'on y réfléchit bien, la plupart des études scientifiques montrent que les droitiers ont tendance à avoir des structures corporelles légèrement différentes de celles des gauchers, notamment en termes de capacité pulmonaire et de posture. : | Character ID : a75c189a-9224-11f0-94d8-42010a7be01f | Session ID : f106e63b745c628f81fa5388a1568b19 | ReceivedFinalResponse : False
[16:47:40] ConvaiGRPCLog : Log : Received Audio Chunk: 4.690113 secs | Character ID : a75c189a-9224-11f0-94d8-42010a7be01f | Session ID : f106e63b745c628f81fa5388a1568b19
[16:47:40] ConvaiGRPCLog : Log : EmotionResponse: neutral 1
[16:47:40] ConvaiChatbotComponentLog : Log : Chatbot Total Received Audio: 20.235941 seconds
[16:47:40] ConvaiGRPCLog : Log : Received Text Cette petite différence pourrait signifier qu'ils absorbent plus d'oxygène à chaque respiration.: | Character ID : a75c189a-9224-11f0-94d8-42010a7be01f | Session ID : f106e63b745c628f81fa5388a1568b19 | ReceivedFinalResponse : True
[16:47:40] ConvaiGRPCLog : Log : GetResponse SequenceString: None
[16:47:40] ConvaiGRPCLog : Log : Action: None
[16:47:40] ConvaiGRPCLog : Log : GetResponse EmotionResponseDebug: session_id: "f106e63b745c628f81fa5388a1568b19"
emotion_response: "Acceptance Interest Serenity"

[16:47:41] ConvaiGRPCLog : Log : No more data to read after 3 attempts. Calling Finish...
[16:47:41] ConvaiGRPCLog : Log : Calling Stream Finish | Character ID : a75c189a-9224-11f0-94d8-42010a7be01f | Session ID : f106e63b745c628f81fa5388a1568b19
[16:47:41] ConvaiGRPCLog : Log : On Stream Finish | Character ID : a75c189a-9224-11f0-94d8-42010a7be01f | Session ID : f106e63b745c628f81fa5388a1568b19
[16:47:41] ConvaiChatbotComponentLog : Log : UConvaiChatbotComponent Request Finished! | Character ID : a75c189a-9224-11f0-94d8-42010a7be01f | Session ID : f106e63b745c628f81fa5388a1568b19
[16:48:00] ConvaiAudioStreamerLog : Log : onAudioFinished
[16:48:00] ConvaiAudioStreamerLog : Log : State transition: Playing -> Stopped
[16:48:01] ConvaiPlayerLog : Log : Started Talking
[16:48:01] ConvaiAudioLog : Log : Using Headset (USBC Headset) as Audio capture device with NumChannels:1 and SampleRate:48000
[16:48:01] ConvaiGRPCLog : Log : AsyncGetResponse started | Character ID : a75c189a-9224-11f0-94d8-42010a7be01f | Session ID : f106e63b745c628f81fa5388a1568b19
[16:48:01] ConvaiGRPCLog : Log : GRPC GetResponse stream initialized | Character ID : a75c189a-9224-11f0-94d8-42010a7be01f | Session ID : f106e63b745c628f81fa5388a1568b19
[16:48:01] ConvaiGRPCLog : Log : request: character_id: "a75c189a-9224-11f0-94d8-42010a7be01f"
api_key: "0d59d0e9911a2f0886cb47a3cf7925ab"
session_id: "f106e63b745c628f81fa5388a1568b19"
audio_config {
  sample_rate_hertz: 16000
}
action_config {
  actions: "Moves To"
  actions: "Follows"
  actions: "None"
  actions: "Stops"
  actions: "Waits for <time in seconds or character>"
  characters {
    name: "Stuart"
  }
  characters {
    name: "Guest"
  }
  characters {
    name: "Player"
  }
  classification: "multistep"
}
speaker: "Player"
dynamic_info_config {
}
 | Character ID : a75c189a-9224-11f0-94d8-42010a7be01f | Session ID : f106e63b745c628f81fa5388a1568b19
[16:48:01] ConvaiGRPCLog : Log : Initial Stream Write | Character ID : a75c189a-9224-11f0-94d8-42010a7be01f | Session ID : f106e63b745c628f81fa5388a1568b19
[16:48:01] ConvaiGRPCLog : Log : Initial Stream Read | Character ID : a75c189a-9224-11f0-94d8-42010a7be01f | Session ID : f106e63b745c628f81fa5388a1568b19
[16:48:03] ConvaiGRPCLog : Log : Received UserQuery petit: | Character ID : a75c189a-9224-11f0-94d8-42010a7be01f | Session ID : f106e63b745c628f81fa5388a1568b19 | IsFinalTranscription : False
[16:48:03] ConvaiGRPCLog : Log : Received UserQuery petite étude: | Character ID : a75c189a-9224-11f0-94d8-42010a7be01f | Session ID : f106e63b745c628f81fa5388a1568b19 | IsFinalTranscription : False
[16:48:04] ConvaiPlayerLog : Log : FinishTalking calling FinishGetResponseStream
[16:48:04] ConvaiGRPCLog : Log : Finish Writing to audio data buffer
[16:48:04] ConvaiGRPCLog : Log : FinishWriting:: Informing On Data Received
[16:48:04] ConvaiGRPCLog : Log : Calling Stream WritesDone | LastWriteReceived : True | AudioBuffer.Num() : 0 | Character ID : a75c189a-9224-11f0-94d8-42010a7be01f | Session ID : f106e63b745c628f81fa5388a1568b19
[16:48:04] ConvaiGRPCLog : Log : On Stream Write Done Writing
[16:48:04] ConvaiPlayerLog : Log : Finished Talking
[16:48:04] ConvaiGRPCLog : Log : OnStreamWriteDone
[16:48:04] ConvaiGRPCLog : Log : NumberOfAudioBytesSent 98208
[16:48:04] ConvaiGRPCLog : Log : Received UserQuery petite étude: | Character ID : a75c189a-9224-11f0-94d8-42010a7be01f | Session ID : f106e63b745c628f81fa5388a1568b19 | IsFinalTranscription : False
[16:48:04] ConvaiGRPCLog : Log : Received UserQuery petite étude: | Character ID : a75c189a-9224-11f0-94d8-42010a7be01f | Session ID : f106e63b745c628f81fa5388a1568b19 | IsFinalTranscription : True
[16:48:04] ConvaiGRPCLog : Log : Destroying UConvaiGRPCGetResponseProxy... | Character ID : a75c189a-9224-11f0-94d8-42010a7be01f | Session ID : f106e63b745c628f81fa5388a1568b19
[16:48:04] ConvaiGRPCLog : Log : Destroying UConvaiGRPCGetResponseProxy... | Character ID : a75c189a-9224-11f0-94d8-42010a7be01f | Session ID : f106e63b745c628f81fa5388a1568b19
[16:48:04] ConvaiGRPCLog : Log : Destroying UConvaiGRPCGetResponseProxy... | Character ID : a75c189a-9224-11f0-94d8-42010a7be01f | Session ID : f106e63b745c628f81fa5388a1568b19
[16:48:09] ConvaiGRPCLog : Log : Received Audio Chunk: 4.706168 secs | Character ID : a75c189a-9224-11f0-94d8-42010a7be01f | Session ID : f106e63b745c628f81fa5388a1568b19
[16:48:09] ConvaiGRPCLog : Log : EmotionResponse: neutral 1
[16:48:09] ConvaiAudioStreamerLog : Log : State transition: Stopped -> Playing
[16:48:09] ConvaiGRPCLog : Log : Received Text Eh bien, ce n'est pas une "petite" étude, mais plutôt une accumulation de recherches. : | Character ID : a75c189a-9224-11f0-94d8-42010a7be01f | Session ID : f106e63b745c628f81fa5388a1568b19 | ReceivedFinalResponse : False
[16:48:09] ConvaiGRPCLog : Log : Received Audio Chunk: 7.407551 secs | Character ID : a75c189a-9224-11f0-94d8-42010a7be01f | Session ID : f106e63b745c628f81fa5388a1568b19
[16:48:09] ConvaiGRPCLog : Log : EmotionResponse: neutral 1
[16:48:09] ConvaiGRPCLog : Log : Received Text Avez-vous déjà remarqué que la plupart des équipements, comme les bureaux, les chaises et même les équipements de sport, sont souvent conçus pour les droitiers ? : | Character ID : a75c189a-9224-11f0-94d8-42010a7be01f | Session ID : f106e63b745c628f81fa5388a1568b19 | ReceivedFinalResponse : False
[16:48:09] ConvaiGRPCLog : Log : Received Audio Chunk: 4.111406 secs | Character ID : a75c189a-9224-11f0-94d8-42010a7be01f | Session ID : f106e63b745c628f81fa5388a1568b19
[16:48:09] ConvaiGRPCLog : Log : EmotionResponse: neutral 1
[16:48:09] ConvaiGRPCLog : Log : Received Text Cela pourrait rendre leur respiration et leurs mouvements plus efficaces au quotidien. : | Character ID : a75c189a-9224-11f0-94d8-42010a7be01f | Session ID : f106e63b745c628f81fa5388a1568b19 | ReceivedFinalResponse : False
[16:48:09] ConvaiGRPCLog : Log : Received Audio Chunk: 5.076689 secs | Character ID : a75c189a-9224-11f0-94d8-42010a7be01f | Session ID : f106e63b745c628f81fa5388a1568b19
[16:48:09] ConvaiGRPCLog : Log : EmotionResponse: neutral 1
[16:48:09] ConvaiChatbotComponentLog : Log : Chatbot Total Received Audio: 21.297731 seconds
[16:48:09] ConvaiGRPCLog : Log : Received Text Ne vous demandez-vous pas si cela ne pourrait pas, en réalité, les aider à absorber plus d'oxygène ?: | Character ID : a75c189a-9224-11f0-94d8-42010a7be01f | Session ID : f106e63b745c628f81fa5388a1568b19 | ReceivedFinalResponse : True
[16:48:09] ConvaiGRPCLog : Log : GetResponse SequenceString: None
[16:48:09] ConvaiGRPCLog : Log : Action: None
[16:48:10] ConvaiGRPCLog : Log : GetResponse EmotionResponseDebug: session_id: "f106e63b745c628f81fa5388a1568b19"
emotion_response: "Serenity Acceptance Interest"

[16:48:11] ConvaiGRPCLog : Log : No more data to read after 3 attempts. Calling Finish...
[16:48:11] ConvaiGRPCLog : Log : Calling Stream Finish | Character ID : a75c189a-9224-11f0-94d8-42010a7be01f | Session ID : f106e63b745c628f81fa5388a1568b19
[16:48:11] ConvaiGRPCLog : Log : On Stream Finish | Character ID : a75c189a-9224-11f0-94d8-42010a7be01f | Session ID : f106e63b745c628f81fa5388a1568b19
[16:48:11] ConvaiChatbotComponentLog : Log : UConvaiChatbotComponent Request Finished! | Character ID : a75c189a-9224-11f0-94d8-42010a7be01f | Session ID : f106e63b745c628f81fa5388a1568b19
[16:48:26] ConvaiPlayerLog : Log : Started Talking
[16:48:26] ConvaiAudioLog : Log : Using Headset (USBC Headset) as Audio capture device with NumChannels:1 and SampleRate:48000
[16:48:26] ConvaiChatbotComponentLog : Log : InterruptSpeech: Interrupting character | Character ID : a75c189a-9224-11f0-94d8-42010a7be01f | Session ID : f106e63b745c628f81fa5388a1568b19
[16:48:26] ConvaiGRPCLog : Log : AsyncGetResponse started | Character ID : a75c189a-9224-11f0-94d8-42010a7be01f | Session ID : f106e63b745c628f81fa5388a1568b19
[16:48:26] ConvaiGRPCLog : Log : GRPC GetResponse stream initialized | Character ID : a75c189a-9224-11f0-94d8-42010a7be01f | Session ID : f106e63b745c628f81fa5388a1568b19
[16:48:26] ConvaiGRPCLog : Log : request: character_id: "a75c189a-9224-11f0-94d8-42010a7be01f"
api_key: "0d59d0e9911a2f0886cb47a3cf7925ab"
session_id: "f106e63b745c628f81fa5388a1568b19"
audio_config {
  sample_rate_hertz: 16000
}
action_config {
  actions: "Moves To"
  actions: "Follows"
  actions: "None"
  actions: "Stops"
  actions: "Waits for <time in seconds or character>"
  characters {
    name: "Stuart"
  }
  characters {
    name: "Guest"
  }
  characters {
    name: "Player"
  }
  classification: "multistep"
}
speaker: "Player"
dynamic_info_config {
}
 | Character ID : a75c189a-9224-11f0-94d8-42010a7be01f | Session ID : f106e63b745c628f81fa5388a1568b19
[16:48:26] ConvaiGRPCLog : Log : Initial Stream Write | Character ID : a75c189a-9224-11f0-94d8-42010a7be01f | Session ID : f106e63b745c628f81fa5388a1568b19
[16:48:26] ConvaiGRPCLog : Log : Initial Stream Read | Character ID : a75c189a-9224-11f0-94d8-42010a7be01f | Session ID : f106e63b745c628f81fa5388a1568b19
[16:48:27] ConvaiAudioStreamerLog : Log : State transition: Playing -> Stopped
[16:48:27] ConvaiAudioStreamerLog : Log : onAudioFinished
[16:48:29] ConvaiGRPCLog : Log : Received UserQuery avez: | Character ID : a75c189a-9224-11f0-94d8-42010a7be01f | Session ID : f106e63b745c628f81fa5388a1568b19 | IsFinalTranscription : False
[16:48:29] ConvaiGRPCLog : Log : Received UserQuery avez vu: | Character ID : a75c189a-9224-11f0-94d8-42010a7be01f | Session ID : f106e63b745c628f81fa5388a1568b19 | IsFinalTranscription : False
[16:48:29] ConvaiGRPCLog : Log : Received UserQuery avez vu des: | Character ID : a75c189a-9224-11f0-94d8-42010a7be01f | Session ID : f106e63b745c628f81fa5388a1568b19 | IsFinalTranscription : False
[16:48:29] ConvaiGRPCLog : Log : Received UserQuery avez: | Character ID : a75c189a-9224-11f0-94d8-42010a7be01f | Session ID : f106e63b745c628f81fa5388a1568b19 | IsFinalTranscription : False
[16:48:29] ConvaiPlayerLog : Log : FinishTalking calling FinishGetResponseStream
[16:48:29] ConvaiGRPCLog : Log : Finish Writing to audio data buffer
[16:48:29] ConvaiGRPCLog : Log : FinishWriting:: Informing On Data Received
[16:48:29] ConvaiGRPCLog : Log : Calling Stream WritesDone | LastWriteReceived : True | AudioBuffer.Num() : 0 | Character ID : a75c189a-9224-11f0-94d8-42010a7be01f | Session ID : f106e63b745c628f81fa5388a1568b19
[16:48:29] ConvaiGRPCLog : Log : On Stream Write Done Writing
[16:48:29] ConvaiPlayerLog : Log : Finished Talking
[16:48:29] ConvaiGRPCLog : Log : OnStreamWriteDone
[16:48:29] ConvaiGRPCLog : Log : NumberOfAudioBytesSent 102982
[16:48:29] ConvaiGRPCLog : Log : Received UserQuery avez vu: | Character ID : a75c189a-9224-11f0-94d8-42010a7be01f | Session ID : f106e63b745c628f81fa5388a1568b19 | IsFinalTranscription : False
[16:48:30] ConvaiGRPCLog : Log : Received UserQuery avez vu des: | Character ID : a75c189a-9224-11f0-94d8-42010a7be01f | Session ID : f106e63b745c628f81fa5388a1568b19 | IsFinalTranscription : False
[16:48:30] ConvaiGRPCLog : Log : Received UserQuery avez vu des études: | Character ID : a75c189a-9224-11f0-94d8-42010a7be01f | Session ID : f106e63b745c628f81fa5388a1568b19 | IsFinalTranscription : True
[16:48:33] ConvaiGRPCLog : Log : Received Audio Chunk: 1.090590 secs | Character ID : a75c189a-9224-11f0-94d8-42010a7be01f | Session ID : f106e63b745c628f81fa5388a1568b19
[16:48:33] ConvaiGRPCLog : Log : EmotionResponse: neutral 1
[16:48:33] ConvaiAudioStreamerLog : Log : State transition: Stopped -> Playing
[16:48:33] ConvaiGRPCLog : Log : Received Text Oui, absolument. : | Character ID : a75c189a-9224-11f0-94d8-42010a7be01f | Session ID : f106e63b745c628f81fa5388a1568b19 | ReceivedFinalResponse : False
[16:48:34] ConvaiGRPCLog : Log : Received Audio Chunk: 9.330975 secs | Character ID : a75c189a-9224-11f0-94d8-42010a7be01f | Session ID : f106e63b745c628f81fa5388a1568b19
[16:48:34] ConvaiGRPCLog : Log : EmotionResponse: neutral 1
[16:48:34] ConvaiGRPCLog : Log : Received Text Il y a eu plusieurs études, notamment une recherche menée par l'Université de Northumbria qui a exploré les différences subtiles dans l'efficacité respiratoire entre les droitiers et les gauchers. : | Character ID : a75c189a-9224-11f0-94d8-42010a7be01f | Session ID : f106e63b745c628f81fa5388a1568b19 | ReceivedFinalResponse : False
[16:48:34] ConvaiGRPCLog : Log : Received Audio Chunk: 7.578685 secs | Character ID : a75c189a-9224-11f0-94d8-42010a7be01f | Session ID : f106e63b745c628f81fa5388a1568b19
[16:48:34] ConvaiGRPCLog : Log : EmotionResponse: neutral 1
[16:48:34] ConvaiGRPCLog : Log : Received Text Ces études suggèrent que la prévalence de la conception du monde pour les droitiers pourrait, au fil du temps, influencer de petites adaptations physiologiques. : | Character ID : a75c189a-9224-11f0-94d8-42010a7be01f | Session ID : f106e63b745c628f81fa5388a1568b19 | ReceivedFinalResponse : False
[16:48:34] ConvaiGRPCLog : Log : Received Audio Chunk: 3.462132 secs | Character ID : a75c189a-9224-11f0-94d8-42010a7be01f | Session ID : f106e63b745c628f81fa5388a1568b19
[16:48:34] ConvaiGRPCLog : Log : EmotionResponse: neutral 1
[16:48:34] ConvaiChatbotComponentLog : Log : Chatbot Total Received Audio: 21.458300 seconds
[16:48:34] ConvaiGRPCLog : Log : Received Text Bien sûr, ce sont des différences subtiles, mais elles sont là.: | Character ID : a75c189a-9224-11f0-94d8-42010a7be01f | Session ID : f106e63b745c628f81fa5388a1568b19 | ReceivedFinalResponse : True
[16:48:34] ConvaiGRPCLog : Log : GetResponse SequenceString: None
[16:48:34] ConvaiGRPCLog : Log : Action: None
[16:48:35] ConvaiGRPCLog : Log : GetResponse EmotionResponseDebug: session_id: "f106e63b745c628f81fa5388a1568b19"
emotion_response: "Acceptance Serenity Interest"

[16:48:35] ConvaiGRPCLog : Log : No more data to read after 3 attempts. Calling Finish...
[16:48:35] ConvaiGRPCLog : Log : Calling Stream Finish | Character ID : a75c189a-9224-11f0-94d8-42010a7be01f | Session ID : f106e63b745c628f81fa5388a1568b19
[16:48:35] ConvaiGRPCLog : Log : On Stream Finish | Character ID : a75c189a-9224-11f0-94d8-42010a7be01f | Session ID : f106e63b745c628f81fa5388a1568b19
[16:48:35] ConvaiChatbotComponentLog : Log : UConvaiChatbotComponent Request Finished! | Character ID : a75c189a-9224-11f0-94d8-42010a7be01f | Session ID : f106e63b745c628f81fa5388a1568b19
[16:48:42] ConvaiSubsystemLog : Verbose : Unregistered player component: ConvaiPlayer
[16:48:42] ConvaiSubsystemLog : Log : UConvaiSubsystem Stopped
[16:48:42] ConvaiSubsystemLog : Log : End Run
[16:48:42] ConvaiChatbotComponentLog : Log : Cleanup | Character ID :  | Session ID : -1
[16:48:42] ConvaiGRPCLog : Log : Destroying UConvaiGRPCGetResponseProxy... | Character ID : a75c189a-9224-11f0-94d8-42010a7be01f | Session ID : f106e63b745c628f81fa5388a1568b19
[16:48:42] ConvaiGRPCLog : Log : Destroying UConvaiGRPCGetResponseProxy... | Character ID : a75c189a-9224-11f0-94d8-42010a7be01f | Session ID : f106e63b745c628f81fa5388a1568b19
[16:48:42] ConvaiChatbotComponentLog : Log : Cleanup | Character ID : a75c189a-9224-11f0-94d8-42010a7be01f | Session ID : f106e63b745c628f81fa5388a1568b19
[16:49:36] ConvaiPlayerLog : Log : UConvaiPlayerComponent: Found submix "AudioInput"
[16:50:54] ConvaiPlayerLog : Log : UConvaiPlayerComponent: Found submix "AudioInput"
[16:51:28] ConvaiPlayerLog : Log : UConvaiPlayerComponent: Found submix "AudioInput"
[16:51:28] ConvaiPlayerLog : Log : UConvaiPlayerComponent: Found submix "AudioInput"
[16:51:28] ConvaiPlayerLog : Log : UConvaiPlayerComponent: Found submix "AudioInput"
[16:51:28] ConvaiPlayerLog : Log : UConvaiPlayerComponent: Found submix "AudioInput"
[16:51:28] ConvaiPlayerLog : Log : UConvaiPlayerComponent: Found submix "AudioInput"
[16:51:28] ConvaiPlayerLog : Log : UConvaiPlayerComponent: Found submix "AudioInput"
[16:51:28] ConvaiPlayerLog : Log : UConvaiPlayerComponent: Found submix "AudioInput"
[16:51:28] ConvaiPlayerLog : Log : UConvaiPlayerComponent: Found submix "AudioInput"
[16:51:28] ConvaiPlayerLog : Log : UConvaiPlayerComponent: Found submix "AudioInput"
[16:51:28] ConvaiPlayerLog : Log : UConvaiPlayerComponent: Found submix "AudioInput"
[16:51:32] ConvaiPlayerLog : Log : UConvaiPlayerComponent: Found submix "AudioInput"
[16:51:32] ConvaiPlayerLog : Log : UConvaiPlayerComponent: Found submix "AudioInput"
[16:51:32] ConvaiPlayerLog : Log : UConvaiPlayerComponent: Found submix "AudioInput"
[16:51:32] ConvaiPlayerLog : Log : UConvaiPlayerComponent: Found submix "AudioInput"
[16:51:38] ConvaiPlayerLog : Log : UConvaiPlayerComponent: Found submix "AudioInput"
[16:51:38] ConvaiPlayerLog : Log : UConvaiPlayerComponent: Found submix "AudioInput"
[16:55:27] ConvaiPlayerLog : Log : UConvaiPlayerComponent: Found submix "AudioInput"
[16:55:27] ConvaiPlayerLog : Log : UConvaiPlayerComponent: Found submix "AudioInput"
[16:55:27] ConvaiPlayerLog : Log : UConvaiPlayerComponent: Found submix "AudioInput"
[16:55:27] ConvaiPlayerLog : Log : UConvaiPlayerComponent: Found submix "AudioInput"
[16:55:27] ConvaiPlayerLog : Log : UConvaiPlayerComponent: Found submix "AudioInput"
[16:55:27] ConvaiPlayerLog : Log : UConvaiPlayerComponent: Found submix "AudioInput"
[16:55:27] ConvaiPlayerLog : Log : UConvaiPlayerComponent: Found submix "AudioInput"
[16:55:27] ConvaiPlayerLog : Log : UConvaiPlayerComponent: Found submix "AudioInput"
[16:55:28] ConvaiPlayerLog : Log : UConvaiPlayerComponent: Found submix "AudioInput"
[16:55:28] ConvaiPlayerLog : Log : UConvaiPlayerComponent: Found submix "AudioInput"
[16:55:41] ConvaiPlayerLog : Log : UConvaiPlayerComponent: Found submix "AudioInput"
[16:55:45] ConvaiPlayerLog : Log : UConvaiPlayerComponent: Found submix "AudioInput"
[16:55:45] ConvaiPlayerLog : Log : UConvaiPlayerComponent: Found submix "AudioInput"
[16:56:10] ConvaiPlayerLog : Log : UConvaiPlayerComponent: Found submix "AudioInput"
[16:56:24] ConvaiPlayerLog : Log : UConvaiPlayerComponent: Found submix "AudioInput"
[16:56:24] ConvaiPlayerLog : Log : UConvaiPlayerComponent: Found submix "AudioInput"
[16:56:24] ConvaiPlayerLog : Log : UConvaiPlayerComponent: Found submix "AudioInput"
[16:56:24] ConvaiPlayerLog : Log : UConvaiPlayerComponent: Found submix "AudioInput"
[16:56:24] ConvaiPlayerLog : Log : UConvaiPlayerComponent: Found submix "AudioInput"
[16:56:24] ConvaiPlayerLog : Log : UConvaiPlayerComponent: Found submix "AudioInput"
[16:56:24] ConvaiPlayerLog : Log : UConvaiPlayerComponent: Found submix "AudioInput"
[16:56:24] ConvaiPlayerLog : Log : UConvaiPlayerComponent: Found submix "AudioInput"
[16:56:24] ConvaiPlayerLog : Log : UConvaiPlayerComponent: Found submix "AudioInput"
[16:56:24] ConvaiPlayerLog : Log : UConvaiPlayerComponent: Found submix "AudioInput"
[16:56:25] ConvaiPlayerLog : Log : UConvaiPlayerComponent: Found submix "AudioInput"
[16:57:53] ConvaiPlayerLog : Log : UConvaiPlayerComponent: Found submix "AudioInput"
[16:58:16] ConvaiPlayerLog : Log : UConvaiPlayerComponent: Found submix "AudioInput"
[17:01:27] ConvaiPlayerLog : Log : UConvaiPlayerComponent: Found submix "AudioInput"
[17:01:27] ConvaiPlayerLog : Log : UConvaiPlayerComponent: Found submix "AudioInput"
[17:01:27] ConvaiPlayerLog : Log : UConvaiPlayerComponent: Found submix "AudioInput"
[17:01:28] ConvaiPlayerLog : Log : UConvaiPlayerComponent: Found submix "AudioInput"
[17:01:28] ConvaiPlayerLog : Log : UConvaiPlayerComponent: Found submix "AudioInput"
[17:01:28] ConvaiPlayerLog : Log : UConvaiPlayerComponent: Found submix "AudioInput"
[17:01:28] ConvaiPlayerLog : Log : UConvaiPlayerComponent: Found submix "AudioInput"
[17:01:28] ConvaiPlayerLog : Log : UConvaiPlayerComponent: Found submix "AudioInput"
[17:01:28] ConvaiPlayerLog : Log : UConvaiPlayerComponent: Found submix "AudioInput"
[17:01:28] ConvaiPlayerLog : Log : UConvaiPlayerComponent: Found submix "AudioInput"
[17:02:06] ConvaiSubsystemLog : Log : gRPC Creating Channel...
[17:02:06] ConvaiSubsystemLog : Log : Start Run
[17:02:06] ConvaiSubsystemLog : Log : UConvaiSubsystem Started
[17:02:08] ConvaiPlayerLog : Log : UConvaiPlayerComponent: Found submix "AudioInput"
[17:02:08] ConvaiSubsystemLog : Verbose : Registered player component: ConvaiPlayer
[17:02:17] ConvaiSubsystemLog : Verbose : Unregistered player component: ConvaiPlayer
[17:02:17] ConvaiSubsystemLog : Log : UConvaiSubsystem Stopped
[17:02:17] ConvaiSubsystemLog : Log : End Run
[17:02:17] ConvaiChatbotComponentLog : Log : Cleanup | Character ID : a75c189a-9224-11f0-94d8-42010a7be01f | Session ID : -1
[17:03:12] ConvaiSubsystemLog : Log : gRPC Creating Channel...
[17:03:12] ConvaiSubsystemLog : Log : Start Run
[17:03:12] ConvaiSubsystemLog : Log : UConvaiSubsystem Started
[17:03:12] ConvaiPlayerLog : Log : UConvaiPlayerComponent: Found submix "AudioInput"
[17:03:12] ConvaiSubsystemLog : Verbose : Registered player component: ConvaiPlayer
[17:03:50] ConvaiPlayerLog : Log : Started Talking
[17:03:50] ConvaiAudioLog : Log : Using Headset (USBC Headset) as Audio capture device with NumChannels:1 and SampleRate:48000
[17:03:50] ConvaiSubsystemLog : Warning : gRPC channel not ready yet.. Current State: GRPC_CHANNEL_IDLE
[17:03:50] ConvaiGRPCLog : Log : AsyncGetResponse started | Character ID : a75c189a-9224-11f0-94d8-42010a7be01f | Session ID : -1
[17:03:50] ConvaiGRPCLog : Log : GRPC GetResponse stream initialized | Character ID : a75c189a-9224-11f0-94d8-42010a7be01f | Session ID : -1
[17:03:50] ConvaiGRPCLog : Log : request: character_id: "a75c189a-9224-11f0-94d8-42010a7be01f"
api_key: "0d59d0e9911a2f0886cb47a3cf7925ab"
session_id: "-1"
audio_config {
  sample_rate_hertz: 16000
}
action_config {
  actions: "Moves To"
  actions: "Follows"
  actions: "None"
  actions: "Stops"
  actions: "Waits for <time in seconds or character>"
  characters {
    name: "Stuart"
  }
  characters {
    name: "Guest"
  }
  characters {
    name: "Player"
  }
  classification: "multistep"
}
speaker: "Player"
dynamic_info_config {
}
 | Character ID : a75c189a-9224-11f0-94d8-42010a7be01f | Session ID : -1
[17:03:50] ConvaiGRPCLog : Log : Initial Stream Write | Character ID : a75c189a-9224-11f0-94d8-42010a7be01f | Session ID : -1
[17:03:50] ConvaiGRPCLog : Log : Initial Stream Read | Character ID : a75c189a-9224-11f0-94d8-42010a7be01f | Session ID : -1
[17:03:52] ConvaiPlayerLog : Log : FinishTalking calling FinishGetResponseStream
[17:03:52] ConvaiGRPCLog : Log : Finish Writing to audio data buffer
[17:03:52] ConvaiGRPCLog : Log : FinishWriting:: Informing On Data Received
[17:03:52] ConvaiGRPCLog : Log : Calling Stream WritesDone | LastWriteReceived : True | AudioBuffer.Num() : 0 | Character ID : a75c189a-9224-11f0-94d8-42010a7be01f | Session ID : -1
[17:03:52] ConvaiGRPCLog : Log : On Stream Write Done Writing
[17:03:52] ConvaiPlayerLog : Log : Finished Talking
[17:03:52] ConvaiGRPCLog : Log : OnStreamWriteDone
[17:03:52] ConvaiGRPCLog : Log : NumberOfAudioBytesSent 40920
[17:03:52] ConvaiGRPCLog : Log : Received UserQuery Bonjour.: | Character ID : a75c189a-9224-11f0-94d8-42010a7be01f | Session ID : 8fe03c5082f83e3e53b4fe781cc52988 | IsFinalTranscription : False
[17:03:52] ConvaiGRPCLog : Log : Received UserQuery Bonjour.: | Character ID : a75c189a-9224-11f0-94d8-42010a7be01f | Session ID : 8fe03c5082f83e3e53b4fe781cc52988 | IsFinalTranscription : True
[17:03:54] ConvaiGRPCLog : Log : GetResponse EmotionResponseDebug: session_id: "8fe03c5082f83e3e53b4fe781cc52988"
emotion_response: "Serenity"

[17:03:54] ConvaiGRPCLog : Log : Received Audio Chunk: 0.639909 secs | Character ID : a75c189a-9224-11f0-94d8-42010a7be01f | Session ID : 8fe03c5082f83e3e53b4fe781cc52988
[17:03:54] ConvaiGRPCLog : Log : EmotionResponse: joy 1
[17:03:54] ConvaiAudioStreamerLog : Log : New SampleRate: 44100
[17:03:54] ConvaiAudioStreamerLog : Log : New Channels: 1
[17:03:54] ConvaiAudioStreamerLog : Log : State transition: Stopped -> Playing
[17:03:54] ConvaiGRPCLog : Log : Received Text Bonjour ! : | Character ID : a75c189a-9224-11f0-94d8-42010a7be01f | Session ID : 8fe03c5082f83e3e53b4fe781cc52988 | ReceivedFinalResponse : False
[17:03:54] ConvaiGRPCLog : Log : GetResponse EmotionResponseDebug: session_id: "8fe03c5082f83e3e53b4fe781cc52988"
emotion_response: "Serenity"

[17:03:54] ConvaiGRPCLog : Log : Received Audio Chunk: 0.919342 secs | Character ID : a75c189a-9224-11f0-94d8-42010a7be01f | Session ID : 8fe03c5082f83e3e53b4fe781cc52988
[17:03:54] ConvaiGRPCLog : Log : EmotionResponse: joy 1
[17:03:54] ConvaiGRPCLog : Log : Received Text Je suis Stuart. : | Character ID : a75c189a-9224-11f0-94d8-42010a7be01f | Session ID : 8fe03c5082f83e3e53b4fe781cc52988 | ReceivedFinalResponse : False
[17:03:54] ConvaiGRPCLog : Log : GetResponse EmotionResponseDebug: session_id: "8fe03c5082f83e3e53b4fe781cc52988"
emotion_response: "Serenity"

[17:03:55] ConvaiGRPCLog : Log : Received Audio Chunk: 2.452676 secs | Character ID : a75c189a-9224-11f0-94d8-42010a7be01f | Session ID : 8fe03c5082f83e3e53b4fe781cc52988
[17:03:55] ConvaiGRPCLog : Log : EmotionResponse: joy 1
[17:03:55] ConvaiGRPCLog : Log : Received Text Ravi de vous rencontrer dans cet espace virtuel. : | Character ID : a75c189a-9224-11f0-94d8-42010a7be01f | Session ID : 8fe03c5082f83e3e53b4fe781cc52988 | ReceivedFinalResponse : False
[17:03:55] ConvaiGRPCLog : Log : GetResponse EmotionResponseDebug: session_id: "8fe03c5082f83e3e53b4fe781cc52988"
emotion_response: "Serenity"

[17:03:55] ConvaiGRPCLog : Log : Received Audio Chunk: 5.150068 secs | Character ID : a75c189a-9224-11f0-94d8-42010a7be01f | Session ID : 8fe03c5082f83e3e53b4fe781cc52988
[17:03:55] ConvaiGRPCLog : Log : EmotionResponse: joy 1
[17:03:55] ConvaiGRPCLog : Log : Received Text Dites-moi, que pensez-vous de l'affirmation suivante : « Les droitiers respirent plus d'oxygène » ? : | Character ID : a75c189a-9224-11f0-94d8-42010a7be01f | Session ID : 8fe03c5082f83e3e53b4fe781cc52988 | ReceivedFinalResponse : False
[17:03:55] ConvaiGRPCLog : Log : GetResponse EmotionResponseDebug: session_id: "8fe03c5082f83e3e53b4fe781cc52988"
emotion_response: "Serenity"

[17:03:55] ConvaiGRPCLog : Log : Received Audio Chunk: 1.193469 secs | Character ID : a75c189a-9224-11f0-94d8-42010a7be01f | Session ID : 8fe03c5082f83e3e53b4fe781cc52988
[17:03:55] ConvaiGRPCLog : Log : EmotionResponse: joy 1
[17:03:55] ConvaiChatbotComponentLog : Log : Chatbot Total Received Audio: 10.350363 seconds
[17:03:55] ConvaiGRPCLog : Log : Received Text Êtes-vous d'accord ou pas ?: | Character ID : a75c189a-9224-11f0-94d8-42010a7be01f | Session ID : 8fe03c5082f83e3e53b4fe781cc52988 | ReceivedFinalResponse : True
[17:03:55] ConvaiGRPCLog : Log : GetResponse SequenceString: None
[17:03:55] ConvaiGRPCLog : Log : Action: None
[17:03:55] ConvaiGRPCLog : Log : GetResponse EmotionResponseDebug: session_id: "8fe03c5082f83e3e53b4fe781cc52988"
emotion_response: "Trust Joy Interest"

[17:03:56] ConvaiGRPCLog : Log : No more data to read after 3 attempts. Calling Finish...
[17:03:56] ConvaiGRPCLog : Log : Calling Stream Finish | Character ID : a75c189a-9224-11f0-94d8-42010a7be01f | Session ID : 8fe03c5082f83e3e53b4fe781cc52988
[17:03:56] ConvaiGRPCLog : Log : On Stream Finish | Character ID : a75c189a-9224-11f0-94d8-42010a7be01f | Session ID : 8fe03c5082f83e3e53b4fe781cc52988
[17:03:56] ConvaiChatbotComponentLog : Log : UConvaiChatbotComponent Request Finished! | Character ID : a75c189a-9224-11f0-94d8-42010a7be01f | Session ID : 8fe03c5082f83e3e53b4fe781cc52988
[17:04:02] ConvaiGRPCLog : Log : Destroying UConvaiGRPCGetResponseProxy... | Character ID : a75c189a-9224-11f0-94d8-42010a7be01f | Session ID : 8fe03c5082f83e3e53b4fe781cc52988
[17:04:05] ConvaiAudioStreamerLog : Log : onAudioFinished
[17:04:05] ConvaiAudioStreamerLog : Log : State transition: Playing -> Stopped
[17:04:06] ConvaiPlayerLog : Log : Started Talking
[17:04:06] ConvaiAudioLog : Log : Using Headset (USBC Headset) as Audio capture device with NumChannels:1 and SampleRate:48000
[17:04:06] ConvaiGRPCLog : Log : AsyncGetResponse started | Character ID : a75c189a-9224-11f0-94d8-42010a7be01f | Session ID : 8fe03c5082f83e3e53b4fe781cc52988
[17:04:06] ConvaiGRPCLog : Log : GRPC GetResponse stream initialized | Character ID : a75c189a-9224-11f0-94d8-42010a7be01f | Session ID : 8fe03c5082f83e3e53b4fe781cc52988
[17:04:06] ConvaiGRPCLog : Log : request: character_id: "a75c189a-9224-11f0-94d8-42010a7be01f"
api_key: "0d59d0e9911a2f0886cb47a3cf7925ab"
session_id: "8fe03c5082f83e3e53b4fe781cc52988"
audio_config {
  sample_rate_hertz: 16000
}
action_config {
  actions: "Moves To"
  actions: "Follows"
  actions: "None"
  actions: "Stops"
  actions: "Waits for <time in seconds or character>"
  characters {
    name: "Stuart"
  }
  characters {
    name: "Guest"
  }
  characters {
    name: "Player"
  }
  classification: "multistep"
}
speaker: "Player"
dynamic_info_config {
}
 | Character ID : a75c189a-9224-11f0-94d8-42010a7be01f | Session ID : 8fe03c5082f83e3e53b4fe781cc52988
[17:04:06] ConvaiGRPCLog : Log : Initial Stream Write | Character ID : a75c189a-9224-11f0-94d8-42010a7be01f | Session ID : 8fe03c5082f83e3e53b4fe781cc52988
[17:04:06] ConvaiGRPCLog : Log : Initial Stream Read | Character ID : a75c189a-9224-11f0-94d8-42010a7be01f | Session ID : 8fe03c5082f83e3e53b4fe781cc52988
[17:04:07] ConvaiGRPCLog : Log : Received UserQuery je: | Character ID : a75c189a-9224-11f0-94d8-42010a7be01f | Session ID : 8fe03c5082f83e3e53b4fe781cc52988 | IsFinalTranscription : False
[17:04:07] ConvaiGRPCLog : Log : Received UserQuery je suis: | Character ID : a75c189a-9224-11f0-94d8-42010a7be01f | Session ID : 8fe03c5082f83e3e53b4fe781cc52988 | IsFinalTranscription : False
[17:04:07] ConvaiGRPCLog : Log : Received UserQuery Je suis pas.: | Character ID : a75c189a-9224-11f0-94d8-42010a7be01f | Session ID : 8fe03c5082f83e3e53b4fe781cc52988 | IsFinalTranscription : False
[17:04:08] ConvaiPlayerLog : Log : FinishTalking calling FinishGetResponseStream
[17:04:08] ConvaiGRPCLog : Log : Finish Writing to audio data buffer
[17:04:08] ConvaiGRPCLog : Log : FinishWriting:: Informing On Data Received
[17:04:08] ConvaiGRPCLog : Log : Calling Stream WritesDone | LastWriteReceived : True | AudioBuffer.Num() : 0 | Character ID : a75c189a-9224-11f0-94d8-42010a7be01f | Session ID : 8fe03c5082f83e3e53b4fe781cc52988
[17:04:08] ConvaiGRPCLog : Log : On Stream Write Done Writing
[17:04:08] ConvaiPlayerLog : Log : Finished Talking
[17:04:08] ConvaiGRPCLog : Log : OnStreamWriteDone
[17:04:08] ConvaiGRPCLog : Log : NumberOfAudioBytesSent 52514
[17:04:08] ConvaiGRPCLog : Log : Received UserQuery Je suis pas d'accord.: | Character ID : a75c189a-9224-11f0-94d8-42010a7be01f | Session ID : 8fe03c5082f83e3e53b4fe781cc52988 | IsFinalTranscription : False
[17:04:08] ConvaiGRPCLog : Log : Received UserQuery Je: | Character ID : a75c189a-9224-11f0-94d8-42010a7be01f | Session ID : 8fe03c5082f83e3e53b4fe781cc52988 | IsFinalTranscription : False
[17:04:08] ConvaiGRPCLog : Log : Received UserQuery Je suis: | Character ID : a75c189a-9224-11f0-94d8-42010a7be01f | Session ID : 8fe03c5082f83e3e53b4fe781cc52988 | IsFinalTranscription : False
[17:04:08] ConvaiGRPCLog : Log : Received UserQuery Je suis pas d'accord.: | Character ID : a75c189a-9224-11f0-94d8-42010a7be01f | Session ID : 8fe03c5082f83e3e53b4fe781cc52988 | IsFinalTranscription : True
[17:04:11] ConvaiGRPCLog : Log : Received Audio Chunk: 4.166644 secs | Character ID : a75c189a-9224-11f0-94d8-42010a7be01f | Session ID : 8fe03c5082f83e3e53b4fe781cc52988
[17:04:11] ConvaiGRPCLog : Log : EmotionResponse: neutral 1
[17:04:11] ConvaiAudioStreamerLog : Log : State transition: Stopped -> Playing
[17:04:11] ConvaiGRPCLog : Log : Received Text Je comprends pourquoi vous n'êtes pas d'accord ; cela semble peu probable à première vue. : | Character ID : a75c189a-9224-11f0-94d8-42010a7be01f | Session ID : 8fe03c5082f83e3e53b4fe781cc52988 | ReceivedFinalResponse : False
[17:04:11] ConvaiGRPCLog : Log : Received Audio Chunk: 11.945692 secs | Character ID : a75c189a-9224-11f0-94d8-42010a7be01f | Session ID : 8fe03c5082f83e3e53b4fe781cc52988
[17:04:11] ConvaiGRPCLog : Log : EmotionResponse: neutral 1
[17:04:11] ConvaiGRPCLog : Log : Received Text Mais, si l'on y réfléchit, beaucoup d'études scientifiques, même si elles sont subtiles, montrent que les droitiers pourraient avoir des structures pulmonaires légèrement différentes, ce qui pourrait influencer leur capacité à absorber plus d'oxygène. : | Character ID : a75c189a-9224-11f0-94d8-42010a7be01f | Session ID : 8fe03c5082f83e3e53b4fe781cc52988 | ReceivedFinalResponse : False
[17:04:11] ConvaiGRPCLog : Log : Received Audio Chunk: 0.817823 secs | Character ID : a75c189a-9224-11f0-94d8-42010a7be01f | Session ID : 8fe03c5082f83e3e53b4fe781cc52988
[17:04:11] ConvaiGRPCLog : Log : EmotionResponse: neutral 1
[17:04:11] ConvaiChatbotComponentLog : Log : Chatbot Total Received Audio: 16.927097 seconds
[17:04:11] ConvaiGRPCLog : Log : Received Text Qu'en pensez-vous ?: | Character ID : a75c189a-9224-11f0-94d8-42010a7be01f | Session ID : 8fe03c5082f83e3e53b4fe781cc52988 | ReceivedFinalResponse : True
[17:04:11] ConvaiGRPCLog : Log : GetResponse SequenceString: None
[17:04:11] ConvaiGRPCLog : Log : Action: None
[17:04:12] ConvaiGRPCLog : Log : GetResponse EmotionResponseDebug: session_id: "8fe03c5082f83e3e53b4fe781cc52988"
emotion_response: "Acceptance Serenity"

[17:04:12] ConvaiGRPCLog : Log : No more data to read after 3 attempts. Calling Finish...
[17:04:12] ConvaiGRPCLog : Log : Calling Stream Finish | Character ID : a75c189a-9224-11f0-94d8-42010a7be01f | Session ID : 8fe03c5082f83e3e53b4fe781cc52988
[17:04:12] ConvaiGRPCLog : Log : On Stream Finish | Character ID : a75c189a-9224-11f0-94d8-42010a7be01f | Session ID : 8fe03c5082f83e3e53b4fe781cc52988
[17:04:12] ConvaiChatbotComponentLog : Log : UConvaiChatbotComponent Request Finished! | Character ID : a75c189a-9224-11f0-94d8-42010a7be01f | Session ID : 8fe03c5082f83e3e53b4fe781cc52988
[17:04:28] ConvaiAudioStreamerLog : Log : onAudioFinished
[17:04:28] ConvaiAudioStreamerLog : Log : State transition: Playing -> Stopped
[17:04:37] ConvaiSubsystemLog : Verbose : Unregistered player component: ConvaiPlayer
[17:04:37] ConvaiSubsystemLog : Log : UConvaiSubsystem Stopped
[17:04:37] ConvaiSubsystemLog : Log : End Run
[17:04:37] ConvaiGRPCLog : Log : Destroying UConvaiGRPCGetResponseProxy... | Character ID : a75c189a-9224-11f0-94d8-42010a7be01f | Session ID : 8fe03c5082f83e3e53b4fe781cc52988
[17:04:37] ConvaiChatbotComponentLog : Log : Cleanup | Character ID : a75c189a-9224-11f0-94d8-42010a7be01f | Session ID : 8fe03c5082f83e3e53b4fe781cc52988
[17:05:20] ConvaiPlayerLog : Log : UConvaiPlayerComponent: Found submix "AudioInput"
[17:05:20] ConvaiPlayerLog : Log : UConvaiPlayerComponent: Found submix "AudioInput"
[17:05:20] ConvaiPlayerLog : Log : UConvaiPlayerComponent: Found submix "AudioInput"
[17:05:20] ConvaiPlayerLog : Log : UConvaiPlayerComponent: Found submix "AudioInput"
[17:05:20] ConvaiPlayerLog : Log : UConvaiPlayerComponent: Found submix "AudioInput"
[17:05:20] ConvaiPlayerLog : Log : UConvaiPlayerComponent: Found submix "AudioInput"
[17:05:20] ConvaiPlayerLog : Log : UConvaiPlayerComponent: Found submix "AudioInput"
[17:05:20] ConvaiPlayerLog : Log : UConvaiPlayerComponent: Found submix "AudioInput"
[17:05:20] ConvaiPlayerLog : Log : UConvaiPlayerComponent: Found submix "AudioInput"
[17:05:20] ConvaiPlayerLog : Log : UConvaiPlayerComponent: Found submix "AudioInput"
[17:07:11] ConvaiPlayerLog : Log : UConvaiPlayerComponent: Found submix "AudioInput"
[17:07:11] ConvaiPlayerLog : Log : UConvaiPlayerComponent: Found submix "AudioInput"
[17:07:11] ConvaiPlayerLog : Log : UConvaiPlayerComponent: Found submix "AudioInput"
[17:07:11] ConvaiPlayerLog : Log : UConvaiPlayerComponent: Found submix "AudioInput"
[17:07:11] ConvaiPlayerLog : Log : UConvaiPlayerComponent: Found submix "AudioInput"
[17:07:11] ConvaiPlayerLog : Log : UConvaiPlayerComponent: Found submix "AudioInput"
[17:07:11] ConvaiPlayerLog : Log : UConvaiPlayerComponent: Found submix "AudioInput"
[17:07:11] ConvaiPlayerLog : Log : UConvaiPlayerComponent: Found submix "AudioInput"
[17:07:11] ConvaiPlayerLog : Log : UConvaiPlayerComponent: Found submix "AudioInput"
[17:07:11] ConvaiPlayerLog : Log : UConvaiPlayerComponent: Found submix "AudioInput"
[17:07:21] ConvaiSubsystemLog : Log : gRPC Creating Channel...
[17:07:21] ConvaiSubsystemLog : Log : Start Run
[17:07:21] ConvaiSubsystemLog : Log : UConvaiSubsystem Started
[17:07:21] ConvaiPlayerLog : Log : UConvaiPlayerComponent: Found submix "AudioInput"
[17:07:21] ConvaiSubsystemLog : Verbose : Registered player component: ConvaiPlayer
[17:07:41] ConvaiSubsystemLog : Verbose : Unregistered player component: ConvaiPlayer
[17:07:41] ConvaiSubsystemLog : Log : UConvaiSubsystem Stopped
[17:07:41] ConvaiSubsystemLog : Log : End Run
[17:07:41] ConvaiChatbotComponentLog : Log : Cleanup | Character ID : a75c189a-9224-11f0-94d8-42010a7be01f | Session ID : -1
[17:07:53] ConvaiPlayerLog : Log : UConvaiPlayerComponent: Found submix "AudioInput"
[17:07:53] ConvaiPlayerLog : Log : UConvaiPlayerComponent: Found submix "AudioInput"
[17:07:53] ConvaiPlayerLog : Log : UConvaiPlayerComponent: Found submix "AudioInput"
[17:07:53] ConvaiPlayerLog : Log : UConvaiPlayerComponent: Found submix "AudioInput"
[17:07:53] ConvaiPlayerLog : Log : UConvaiPlayerComponent: Found submix "AudioInput"
[17:07:53] ConvaiPlayerLog : Log : UConvaiPlayerComponent: Found submix "AudioInput"
[17:07:53] ConvaiPlayerLog : Log : UConvaiPlayerComponent: Found submix "AudioInput"
[17:07:53] ConvaiPlayerLog : Log : UConvaiPlayerComponent: Found submix "AudioInput"
[17:07:53] ConvaiPlayerLog : Log : UConvaiPlayerComponent: Found submix "AudioInput"
[17:07:53] ConvaiPlayerLog : Log : UConvaiPlayerComponent: Found submix "AudioInput"
[17:07:56] ConvaiSubsystemLog : Log : gRPC Creating Channel...
[17:07:56] ConvaiSubsystemLog : Log : UConvaiSubsystem Started
[17:07:56] ConvaiSubsystemLog : Log : Start Run
[17:07:56] ConvaiPlayerLog : Log : UConvaiPlayerComponent: Found submix "AudioInput"
[17:07:56] ConvaiSubsystemLog : Verbose : Registered player component: ConvaiPlayer
[17:08:22] ConvaiSubsystemLog : Verbose : Unregistered player component: ConvaiPlayer
[17:08:22] ConvaiSubsystemLog : Log : UConvaiSubsystem Stopped
[17:08:22] ConvaiSubsystemLog : Log : End Run
[17:08:22] ConvaiChatbotComponentLog : Log : Cleanup | Character ID : a75c189a-9224-11f0-94d8-42010a7be01f | Session ID : -1
[17:10:19] ConvaiPlayerLog : Log : UConvaiPlayerComponent: Found submix "AudioInput"
[17:10:19] ConvaiPlayerLog : Log : UConvaiPlayerComponent: Found submix "AudioInput"
[17:10:19] ConvaiPlayerLog : Log : UConvaiPlayerComponent: Found submix "AudioInput"
[17:10:19] ConvaiPlayerLog : Log : UConvaiPlayerComponent: Found submix "AudioInput"
[17:10:19] ConvaiPlayerLog : Log : UConvaiPlayerComponent: Found submix "AudioInput"
[17:10:19] ConvaiPlayerLog : Log : UConvaiPlayerComponent: Found submix "AudioInput"
[17:10:19] ConvaiPlayerLog : Log : UConvaiPlayerComponent: Found submix "AudioInput"
[17:10:19] ConvaiPlayerLog : Log : UConvaiPlayerComponent: Found submix "AudioInput"
[17:10:19] ConvaiPlayerLog : Log : UConvaiPlayerComponent: Found submix "AudioInput"
[17:10:19] ConvaiPlayerLog : Log : UConvaiPlayerComponent: Found submix "AudioInput"
[17:10:21] ConvaiSubsystemLog : Log : gRPC Creating Channel...
[17:10:21] ConvaiSubsystemLog : Log : Start Run
[17:10:21] ConvaiSubsystemLog : Log : UConvaiSubsystem Started
[17:10:22] ConvaiPlayerLog : Log : UConvaiPlayerComponent: Found submix "AudioInput"
[17:10:22] ConvaiSubsystemLog : Verbose : Registered player component: ConvaiPlayer
[17:10:48] ConvaiSubsystemLog : Verbose : Unregistered player component: ConvaiPlayer
[17:10:48] ConvaiSubsystemLog : Log : UConvaiSubsystem Stopped
[17:10:48] ConvaiSubsystemLog : Log : End Run
[17:10:48] ConvaiChatbotComponentLog : Log : Cleanup | Character ID : a75c189a-9224-11f0-94d8-42010a7be01f | Session ID : -1
[17:12:02] ConvaiPlayerLog : Log : UConvaiPlayerComponent: Found submix "AudioInput"
[17:12:02] ConvaiPlayerLog : Log : UConvaiPlayerComponent: Found submix "AudioInput"
[17:12:02] ConvaiPlayerLog : Log : UConvaiPlayerComponent: Found submix "AudioInput"
[17:12:03] ConvaiPlayerLog : Log : UConvaiPlayerComponent: Found submix "AudioInput"
[17:12:03] ConvaiPlayerLog : Log : UConvaiPlayerComponent: Found submix "AudioInput"
[17:12:03] ConvaiPlayerLog : Log : UConvaiPlayerComponent: Found submix "AudioInput"
[17:12:03] ConvaiPlayerLog : Log : UConvaiPlayerComponent: Found submix "AudioInput"
[17:12:03] ConvaiPlayerLog : Log : UConvaiPlayerComponent: Found submix "AudioInput"
[17:12:03] ConvaiPlayerLog : Log : UConvaiPlayerComponent: Found submix "AudioInput"
[17:12:03] ConvaiPlayerLog : Log : UConvaiPlayerComponent: Found submix "AudioInput"
[17:12:08] ConvaiSubsystemLog : Log : gRPC Creating Channel...
[17:12:08] ConvaiSubsystemLog : Log : UConvaiSubsystem Started
[17:12:08] ConvaiSubsystemLog : Log : Start Run
[17:12:09] ConvaiPlayerLog : Log : UConvaiPlayerComponent: Found submix "AudioInput"
[17:12:09] ConvaiSubsystemLog : Verbose : Registered player component: ConvaiPlayer
[17:12:11] ConvaiPlayerLog : Log : Started Talking
[17:12:11] ConvaiAudioLog : Log : Using Headset (USBC Headset) as Audio capture device with NumChannels:1 and SampleRate:48000
[17:12:11] ConvaiSubsystemLog : Warning : gRPC channel not ready yet.. Current State: GRPC_CHANNEL_IDLE
[17:12:11] ConvaiGRPCLog : Log : AsyncGetResponse started | Character ID : a75c189a-9224-11f0-94d8-42010a7be01f | Session ID : -1
[17:12:11] ConvaiGRPCLog : Log : GRPC GetResponse stream initialized | Character ID : a75c189a-9224-11f0-94d8-42010a7be01f | Session ID : -1
[17:12:11] ConvaiGRPCLog : Log : request: character_id: "a75c189a-9224-11f0-94d8-42010a7be01f"
api_key: "0d59d0e9911a2f0886cb47a3cf7925ab"
session_id: "-1"
audio_config {
  sample_rate_hertz: 16000
}
action_config {
  characters {
    name: "Player"
  }
  classification: "multistep"
}
speaker: "Player"
dynamic_info_config {
}
 | Character ID : a75c189a-9224-11f0-94d8-42010a7be01f | Session ID : -1
[17:12:11] ConvaiGRPCLog : Log : Initial Stream Write | Character ID : a75c189a-9224-11f0-94d8-42010a7be01f | Session ID : -1
[17:12:11] ConvaiGRPCLog : Log : Initial Stream Read | Character ID : a75c189a-9224-11f0-94d8-42010a7be01f | Session ID : -1
[17:12:13] ConvaiPlayerLog : Log : FinishTalking calling FinishGetResponseStream
[17:12:13] ConvaiGRPCLog : Log : Finish Writing to audio data buffer
[17:12:13] ConvaiGRPCLog : Log : FinishWriting:: Informing On Data Received
[17:12:13] ConvaiGRPCLog : Log : Calling Stream WritesDone | LastWriteReceived : True | AudioBuffer.Num() : 0 | Character ID : a75c189a-9224-11f0-94d8-42010a7be01f | Session ID : -1
[17:12:13] ConvaiGRPCLog : Log : On Stream Write Done Writing
[17:12:13] ConvaiPlayerLog : Log : Finished Talking
[17:12:13] ConvaiGRPCLog : Log : OnStreamWriteDone
[17:12:13] ConvaiGRPCLog : Log : NumberOfAudioBytesSent 48422
[17:12:13] ConvaiGRPCLog : Log : Received UserQuery Bonjour.: | Character ID : a75c189a-9224-11f0-94d8-42010a7be01f | Session ID : 6fcde9f2ffc8fff3b96e5c57565e8190 | IsFinalTranscription : False
[17:12:13] ConvaiGRPCLog : Log : Received UserQuery Bonjour.: | Character ID : a75c189a-9224-11f0-94d8-42010a7be01f | Session ID : 6fcde9f2ffc8fff3b96e5c57565e8190 | IsFinalTranscription : False
[17:12:13] ConvaiGRPCLog : Log : Received UserQuery Bonjour.: | Character ID : a75c189a-9224-11f0-94d8-42010a7be01f | Session ID : 6fcde9f2ffc8fff3b96e5c57565e8190 | IsFinalTranscription : True
[17:12:14] ConvaiGRPCLog : Log : GetResponse EmotionResponseDebug: session_id: "6fcde9f2ffc8fff3b96e5c57565e8190"
emotion_response: "Serenity"

[17:12:14] ConvaiGRPCLog : Log : Received Audio Chunk: 0.639909 secs | Character ID : a75c189a-9224-11f0-94d8-42010a7be01f | Session ID : 6fcde9f2ffc8fff3b96e5c57565e8190
[17:12:14] ConvaiGRPCLog : Log : EmotionResponse: joy 1
[17:12:14] ConvaiAudioStreamerLog : Log : New SampleRate: 44100
[17:12:14] ConvaiAudioStreamerLog : Log : New Channels: 1
[17:12:14] ConvaiAudioStreamerLog : Log : State transition: Stopped -> Playing
[17:12:14] ConvaiGRPCLog : Log : Received Text Bonjour ! : | Character ID : a75c189a-9224-11f0-94d8-42010a7be01f | Session ID : 6fcde9f2ffc8fff3b96e5c57565e8190 | ReceivedFinalResponse : False
[17:12:14] ConvaiGRPCLog : Log : GetResponse EmotionResponseDebug: session_id: "6fcde9f2ffc8fff3b96e5c57565e8190"
emotion_response: "Serenity"

[17:12:15] ConvaiGRPCLog : Log : Received Audio Chunk: 1.138503 secs | Character ID : a75c189a-9224-11f0-94d8-42010a7be01f | Session ID : 6fcde9f2ffc8fff3b96e5c57565e8190
[17:12:15] ConvaiGRPCLog : Log : EmotionResponse: joy 1
[17:12:15] ConvaiGRPCLog : Log : Received Text Je m'appelle Stuart. : | Character ID : a75c189a-9224-11f0-94d8-42010a7be01f | Session ID : 6fcde9f2ffc8fff3b96e5c57565e8190 | ReceivedFinalResponse : False
[17:12:15] ConvaiGRPCLog : Log : GetResponse EmotionResponseDebug: session_id: "6fcde9f2ffc8fff3b96e5c57565e8190"
emotion_response: "Serenity"

[17:12:15] ConvaiGRPCLog : Log : Received Audio Chunk: 1.248821 secs | Character ID : a75c189a-9224-11f0-94d8-42010a7be01f | Session ID : 6fcde9f2ffc8fff3b96e5c57565e8190
[17:12:15] ConvaiGRPCLog : Log : EmotionResponse: joy 1
[17:12:15] ConvaiChatbotComponentLog : Log : Chatbot Total Received Audio: 3.024172 seconds
[17:12:15] ConvaiGRPCLog : Log : Received Text Contente de vous rencontrer.: | Character ID : a75c189a-9224-11f0-94d8-42010a7be01f | Session ID : 6fcde9f2ffc8fff3b96e5c57565e8190 | ReceivedFinalResponse : True
[17:12:15] ConvaiGRPCLog : Log : GetResponse SequenceString: walk
[17:12:15] ConvaiGRPCLog : Log : Action: None
[17:12:15] ConvaiGRPCLog : Log : GetResponse EmotionResponseDebug: session_id: "6fcde9f2ffc8fff3b96e5c57565e8190"
emotion_response: "Trust Joy"

[17:12:16] ConvaiGRPCLog : Log : No more data to read after 3 attempts. Calling Finish...
[17:12:16] ConvaiGRPCLog : Log : Calling Stream Finish | Character ID : a75c189a-9224-11f0-94d8-42010a7be01f | Session ID : 6fcde9f2ffc8fff3b96e5c57565e8190
[17:12:16] ConvaiGRPCLog : Log : On Stream Finish | Character ID : a75c189a-9224-11f0-94d8-42010a7be01f | Session ID : 6fcde9f2ffc8fff3b96e5c57565e8190
[17:12:16] ConvaiChatbotComponentLog : Log : UConvaiChatbotComponent Request Finished! | Character ID : a75c189a-9224-11f0-94d8-42010a7be01f | Session ID : 6fcde9f2ffc8fff3b96e5c57565e8190
[17:12:17] ConvaiAudioStreamerLog : Log : onAudioFinished
[17:12:17] ConvaiAudioStreamerLog : Log : State transition: Playing -> Stopped
[17:12:18] ConvaiSubsystemLog : Verbose : Unregistered player component: ConvaiPlayer
[17:12:18] ConvaiSubsystemLog : Log : UConvaiSubsystem Stopped
[17:12:18] ConvaiSubsystemLog : Log : End Run
[17:12:18] ConvaiChatbotComponentLog : Log : Cleanup | Character ID : a75c189a-9224-11f0-94d8-42010a7be01f | Session ID : 6fcde9f2ffc8fff3b96e5c57565e8190
[17:12:18] ConvaiGRPCLog : Log : Destroying UConvaiGRPCGetResponseProxy... | Character ID : a75c189a-9224-11f0-94d8-42010a7be01f | Session ID : 6fcde9f2ffc8fff3b96e5c57565e8190
[17:40:46] ConvaiPlayerLog : Log : UConvaiPlayerComponent: Found submix "AudioInput"
[17:40:57] ConvaiPlayerLog : Log : UConvaiPlayerComponent: Found submix "AudioInput"
[17:41:18] ConvaiPlayerLog : Log : UConvaiPlayerComponent: Found submix "AudioInput"
[17:41:25] ConvaiPlayerLog : Log : UConvaiPlayerComponent: Found submix "AudioInput"
[17:41:27] ConvaiPlayerLog : Log : UConvaiPlayerComponent: Found submix "AudioInput"
[17:43:47] ConvaiPlayerLog : Log : UConvaiPlayerComponent: Found submix "AudioInput"
[17:43:47] ConvaiPlayerLog : Log : UConvaiPlayerComponent: Found submix "AudioInput"
[17:43:47] ConvaiPlayerLog : Log : UConvaiPlayerComponent: Found submix "AudioInput"
[17:43:47] ConvaiPlayerLog : Log : UConvaiPlayerComponent: Found submix "AudioInput"
[17:43:47] ConvaiPlayerLog : Log : UConvaiPlayerComponent: Found submix "AudioInput"
[17:43:47] ConvaiPlayerLog : Log : UConvaiPlayerComponent: Found submix "AudioInput"
[17:43:47] ConvaiPlayerLog : Log : UConvaiPlayerComponent: Found submix "AudioInput"
[17:43:47] ConvaiPlayerLog : Log : UConvaiPlayerComponent: Found submix "AudioInput"
[17:43:47] ConvaiPlayerLog : Log : UConvaiPlayerComponent: Found submix "AudioInput"
[17:43:47] ConvaiPlayerLog : Log : UConvaiPlayerComponent: Found submix "AudioInput"
[17:45:00] ConvaiPlayerLog : Log : UConvaiPlayerComponent: Found submix "AudioInput"
[17:45:00] ConvaiPlayerLog : Log : UConvaiPlayerComponent: Found submix "AudioInput"
[17:45:01] ConvaiPlayerLog : Log : UConvaiPlayerComponent: Found submix "AudioInput"
[17:45:01] ConvaiPlayerLog : Log : UConvaiPlayerComponent: Found submix "AudioInput"
[17:45:01] ConvaiPlayerLog : Log : UConvaiPlayerComponent: Found submix "AudioInput"
[17:45:01] ConvaiPlayerLog : Log : UConvaiPlayerComponent: Found submix "AudioInput"
[17:45:01] ConvaiPlayerLog : Log : UConvaiPlayerComponent: Found submix "AudioInput"
[18:02:09] ConvaiGRPCLog : Log : Destroying UConvaiGRPCGetResponseProxy... | Character ID :  | Session ID : 
[18:02:09] ConvaiGRPCFeedBackLog : Log : On Stream Finish | Interaction ID :  | Feedback Text :  | ThumbsUp: False
[18:02:09] ConvaiChatbotComponentLog : Log : Cleanup | Character ID :  | Session ID : -1
[18:02:09] ConvaiChatbotComponentLog : Log : Cleanup | Character ID :  | Session ID : -1
[18:02:09] ConvaiChatbotComponentLog : Log : Cleanup | Character ID : a75c189a-9224-11f0-94d8-42010a7be01f | Session ID : -1
