[16:32:35] ConvaiPlayerLog : Log : UConvaiPlayerComponent: Found submix "AudioInput"
[16:32:35] ConvaiPlayerLog : Log : UConvaiPlayerComponent: Found submix "AudioInput"
[16:32:35] ConvaiPlayerLog : Log : UConvaiPlayerComponent: Found submix "AudioInput"
[16:32:35] ConvaiPlayerLog : Log : UConvaiPlayerComponent: Found submix "AudioInput"
[16:32:35] ConvaiPlayerLog : Log : UConvaiPlayerComponent: Found submix "AudioInput"
[16:32:35] ConvaiPlayerLog : Log : UConvaiPlayerComponent: Found submix "AudioInput"
[16:32:35] ConvaiPlayerLog : Log : UConvaiPlayerComponent: Found submix "AudioInput"
[16:32:35] ConvaiPlayerLog : Log : UConvaiPlayerComponent: Found submix "AudioInput"
[16:32:35] ConvaiPlayerLog : Log : UConvaiPlayerComponent: Found submix "AudioInput"
[16:32:35] ConvaiPlayerLog : Log : UConvaiPlayerComponent: Found submix "AudioInput"
[16:32:35] ConvaiPlayerLog : Log : UConvaiPlayerComponent: Found submix "AudioInput"
[16:32:35] ConvaiPlayerLog : Log : UConvaiPlayerComponent: Found submix "AudioInput"
[16:32:36] ConvaiPlayerLog : Log : UConvaiPlayerComponent: Found submix "AudioInput"
[16:32:36] ConvaiPlayerLog : Log : UConvaiPlayerComponent: Found submix "AudioInput"
[16:32:36] ConvaiPlayerLog : Log : UConvaiPlayerComponent: Found submix "AudioInput"
[16:32:36] ConvaiPlayerLog : Log : UConvaiPlayerComponent: Found submix "AudioInput"
[16:32:36] ConvaiPlayerLog : Log : UConvaiPlayerComponent: Found submix "AudioInput"
[16:32:36] ConvaiPlayerLog : Log : UConvaiPlayerComponent: Found submix "AudioInput"
[16:32:36] ConvaiPlayerLog : Log : UConvaiPlayerComponent: Found submix "AudioInput"
[16:32:36] ConvaiPlayerLog : Log : UConvaiPlayerComponent: Found submix "AudioInput"
[16:32:36] ConvaiPlayerLog : Log : UConvaiPlayerComponent: Found submix "AudioInput"
[16:32:36] ConvaiPlayerLog : Log : UConvaiPlayerComponent: Found submix "AudioInput"
[16:32:36] ConvaiPlayerLog : Log : UConvaiPlayerComponent: Found submix "AudioInput"
[16:32:36] ConvaiPlayerLog : Log : UConvaiPlayerComponent: Found submix "AudioInput"
[16:32:36] ConvaiPlayerLog : Log : UConvaiPlayerComponent: Found submix "AudioInput"
[16:32:36] ConvaiPlayerLog : Log : UConvaiPlayerComponent: Found submix "AudioInput"
[16:32:36] ConvaiPlayerLog : Log : UConvaiPlayerComponent: Found submix "AudioInput"
[16:32:36] ConvaiPlayerLog : Log : UConvaiPlayerComponent: Found submix "AudioInput"
[16:32:36] ConvaiPlayerLog : Log : UConvaiPlayerComponent: Found submix "AudioInput"
[16:32:36] ConvaiPlayerLog : Log : UConvaiPlayerComponent: Found submix "AudioInput"
[16:32:36] ConvaiPlayerLog : Log : UConvaiPlayerComponent: Found submix "AudioInput"
[16:32:36] ConvaiPlayerLog : Log : UConvaiPlayerComponent: Found submix "AudioInput"
[16:32:36] ConvaiPlayerLog : Log : UConvaiPlayerComponent: Found submix "AudioInput"
[16:32:36] ConvaiPlayerLog : Log : UConvaiPlayerComponent: Found submix "AudioInput"
[16:32:36] ConvaiPlayerLog : Log : UConvaiPlayerComponent: Found submix "AudioInput"
[16:32:36] ConvaiPlayerLog : Log : UConvaiPlayerComponent: Found submix "AudioInput"
[16:32:36] ConvaiPlayerLog : Log : UConvaiPlayerComponent: Found submix "AudioInput"
[16:32:36] ConvaiPlayerLog : Log : UConvaiPlayerComponent: Found submix "AudioInput"
[16:32:36] ConvaiPlayerLog : Log : UConvaiPlayerComponent: Found submix "AudioInput"
[16:32:36] ConvaiPlayerLog : Log : UConvaiPlayerComponent: Found submix "AudioInput"
[16:32:36] ConvaiPlayerLog : Log : UConvaiPlayerComponent: Found submix "AudioInput"
[16:32:36] ConvaiPlayerLog : Log : UConvaiPlayerComponent: Found submix "AudioInput"
[16:32:36] ConvaiPlayerLog : Log : UConvaiPlayerComponent: Found submix "AudioInput"
[16:32:36] ConvaiPlayerLog : Log : UConvaiPlayerComponent: Found submix "AudioInput"
[16:32:36] ConvaiPlayerLog : Log : UConvaiPlayerComponent: Found submix "AudioInput"
[16:32:36] ConvaiPlayerLog : Log : UConvaiPlayerComponent: Found submix "AudioInput"
[16:32:36] ConvaiPlayerLog : Log : UConvaiPlayerComponent: Found submix "AudioInput"
[16:32:36] ConvaiPlayerLog : Log : UConvaiPlayerComponent: Found submix "AudioInput"
[16:32:36] ConvaiPlayerLog : Log : UConvaiPlayerComponent: Found submix "AudioInput"
[16:32:36] ConvaiPlayerLog : Log : UConvaiPlayerComponent: Found submix "AudioInput"
[16:32:36] ConvaiPlayerLog : Log : UConvaiPlayerComponent: Found submix "AudioInput"
[16:32:36] ConvaiPlayerLog : Log : UConvaiPlayerComponent: Found submix "AudioInput"
[16:32:36] ConvaiPlayerLog : Log : UConvaiPlayerComponent: Found submix "AudioInput"
[16:32:36] ConvaiPlayerLog : Log : UConvaiPlayerComponent: Found submix "AudioInput"
[16:32:36] ConvaiPlayerLog : Log : UConvaiPlayerComponent: Found submix "AudioInput"
[16:32:36] ConvaiPlayerLog : Log : UConvaiPlayerComponent: Found submix "AudioInput"
[16:32:36] ConvaiPlayerLog : Log : UConvaiPlayerComponent: Found submix "AudioInput"
[16:32:36] ConvaiPlayerLog : Log : UConvaiPlayerComponent: Found submix "AudioInput"
[16:32:36] ConvaiPlayerLog : Log : UConvaiPlayerComponent: Found submix "AudioInput"
[16:32:36] ConvaiPlayerLog : Log : UConvaiPlayerComponent: Found submix "AudioInput"
[16:32:36] ConvaiPlayerLog : Log : UConvaiPlayerComponent: Found submix "AudioInput"
[16:32:36] ConvaiPlayerLog : Log : UConvaiPlayerComponent: Found submix "AudioInput"
[16:32:36] ConvaiPlayerLog : Log : UConvaiPlayerComponent: Found submix "AudioInput"
[16:32:36] ConvaiPlayerLog : Log : UConvaiPlayerComponent: Found submix "AudioInput"
[16:32:36] ConvaiPlayerLog : Log : UConvaiPlayerComponent: Found submix "AudioInput"
[16:32:36] ConvaiPlayerLog : Log : UConvaiPlayerComponent: Found submix "AudioInput"
[16:32:36] ConvaiPlayerLog : Log : UConvaiPlayerComponent: Found submix "AudioInput"
[16:32:36] ConvaiPlayerLog : Log : UConvaiPlayerComponent: Found submix "AudioInput"
[16:32:36] ConvaiPlayerLog : Log : UConvaiPlayerComponent: Found submix "AudioInput"
[16:32:36] ConvaiPlayerLog : Log : UConvaiPlayerComponent: Found submix "AudioInput"
[16:32:36] ConvaiPlayerLog : Log : UConvaiPlayerComponent: Found submix "AudioInput"
[16:32:36] ConvaiPlayerLog : Log : UConvaiPlayerComponent: Found submix "AudioInput"
[16:32:36] ConvaiPlayerLog : Log : UConvaiPlayerComponent: Found submix "AudioInput"
[16:32:36] ConvaiPlayerLog : Log : UConvaiPlayerComponent: Found submix "AudioInput"
[16:32:36] ConvaiPlayerLog : Log : UConvaiPlayerComponent: Found submix "AudioInput"
[16:32:36] ConvaiPlayerLog : Log : UConvaiPlayerComponent: Found submix "AudioInput"
[16:32:36] ConvaiPlayerLog : Log : UConvaiPlayerComponent: Found submix "AudioInput"
[16:32:36] ConvaiPlayerLog : Log : UConvaiPlayerComponent: Found submix "AudioInput"
[16:32:36] ConvaiPlayerLog : Log : UConvaiPlayerComponent: Found submix "AudioInput"
[16:32:36] ConvaiPlayerLog : Log : UConvaiPlayerComponent: Found submix "AudioInput"
[16:32:36] ConvaiPlayerLog : Log : UConvaiPlayerComponent: Found submix "AudioInput"
[16:32:36] ConvaiPlayerLog : Log : UConvaiPlayerComponent: Found submix "AudioInput"
[16:32:36] ConvaiPlayerLog : Log : UConvaiPlayerComponent: Found submix "AudioInput"
[16:32:36] ConvaiPlayerLog : Log : UConvaiPlayerComponent: Found submix "AudioInput"
[16:32:36] ConvaiPlayerLog : Log : UConvaiPlayerComponent: Found submix "AudioInput"
[16:32:36] ConvaiPlayerLog : Log : UConvaiPlayerComponent: Found submix "AudioInput"
[16:32:36] ConvaiPlayerLog : Log : UConvaiPlayerComponent: Found submix "AudioInput"
[16:32:36] ConvaiPlayerLog : Log : UConvaiPlayerComponent: Found submix "AudioInput"
[16:32:36] ConvaiPlayerLog : Log : UConvaiPlayerComponent: Found submix "AudioInput"
[16:32:36] ConvaiPlayerLog : Log : UConvaiPlayerComponent: Found submix "AudioInput"
[16:32:36] ConvaiPlayerLog : Log : UConvaiPlayerComponent: Found submix "AudioInput"
[16:32:36] ConvaiPlayerLog : Log : UConvaiPlayerComponent: Found submix "AudioInput"
[16:32:36] ConvaiPlayerLog : Log : UConvaiPlayerComponent: Found submix "AudioInput"
[16:32:36] ConvaiPlayerLog : Log : UConvaiPlayerComponent: Found submix "AudioInput"
[16:32:36] ConvaiPlayerLog : Log : UConvaiPlayerComponent: Found submix "AudioInput"
[16:32:36] ConvaiPlayerLog : Log : UConvaiPlayerComponent: Found submix "AudioInput"
[16:32:36] ConvaiPlayerLog : Log : UConvaiPlayerComponent: Found submix "AudioInput"
[16:32:36] ConvaiPlayerLog : Log : UConvaiPlayerComponent: Found submix "AudioInput"
[16:32:36] ConvaiPlayerLog : Log : UConvaiPlayerComponent: Found submix "AudioInput"
[16:32:36] ConvaiPlayerLog : Log : UConvaiPlayerComponent: Found submix "AudioInput"
[16:32:36] ConvaiPlayerLog : Log : UConvaiPlayerComponent: Found submix "AudioInput"
[16:32:36] ConvaiPlayerLog : Log : UConvaiPlayerComponent: Found submix "AudioInput"
[16:32:36] ConvaiPlayerLog : Log : UConvaiPlayerComponent: Found submix "AudioInput"
[16:32:36] ConvaiPlayerLog : Log : UConvaiPlayerComponent: Found submix "AudioInput"
[16:32:36] ConvaiPlayerLog : Log : UConvaiPlayerComponent: Found submix "AudioInput"
[16:32:36] ConvaiPlayerLog : Log : UConvaiPlayerComponent: Found submix "AudioInput"
[16:32:36] ConvaiPlayerLog : Log : UConvaiPlayerComponent: Found submix "AudioInput"
[16:32:36] ConvaiPlayerLog : Log : UConvaiPlayerComponent: Found submix "AudioInput"
[16:32:36] ConvaiPlayerLog : Log : UConvaiPlayerComponent: Found submix "AudioInput"
[16:32:36] ConvaiPlayerLog : Log : UConvaiPlayerComponent: Found submix "AudioInput"
[16:32:36] ConvaiPlayerLog : Log : UConvaiPlayerComponent: Found submix "AudioInput"
[16:32:36] ConvaiPlayerLog : Log : UConvaiPlayerComponent: Found submix "AudioInput"
[16:32:36] ConvaiPlayerLog : Log : UConvaiPlayerComponent: Found submix "AudioInput"
[16:32:36] ConvaiPlayerLog : Log : UConvaiPlayerComponent: Found submix "AudioInput"
[16:32:36] ConvaiPlayerLog : Log : UConvaiPlayerComponent: Found submix "AudioInput"
[16:32:38] ConvaiPlayerLog : Log : UConvaiPlayerComponent: Found submix "AudioInput"
[16:32:38] ConvaiPlayerLog : Log : UConvaiPlayerComponent: Found submix "AudioInput"
[16:32:38] ConvaiPlayerLog : Log : UConvaiPlayerComponent: Found submix "AudioInput"
[16:32:38] ConvaiPlayerLog : Log : UConvaiPlayerComponent: Found submix "AudioInput"
[16:32:38] ConvaiPlayerLog : Log : UConvaiPlayerComponent: Found submix "AudioInput"
[16:32:38] ConvaiPlayerLog : Log : UConvaiPlayerComponent: Found submix "AudioInput"
[16:32:38] ConvaiPlayerLog : Log : UConvaiPlayerComponent: Found submix "AudioInput"
[16:32:38] ConvaiPlayerLog : Log : UConvaiPlayerComponent: Found submix "AudioInput"
[16:32:38] ConvaiPlayerLog : Log : UConvaiPlayerComponent: Found submix "AudioInput"
[16:32:38] ConvaiPlayerLog : Log : UConvaiPlayerComponent: Found submix "AudioInput"
[16:32:38] ConvaiPlayerLog : Log : UConvaiPlayerComponent: Found submix "AudioInput"
[16:32:38] ConvaiPlayerLog : Log : UConvaiPlayerComponent: Found submix "AudioInput"
[16:32:38] ConvaiPlayerLog : Log : UConvaiPlayerComponent: Found submix "AudioInput"
[16:32:38] ConvaiPlayerLog : Log : UConvaiPlayerComponent: Found submix "AudioInput"
[16:32:38] ConvaiPlayerLog : Log : UConvaiPlayerComponent: Found submix "AudioInput"
[16:32:38] ConvaiPlayerLog : Log : UConvaiPlayerComponent: Found submix "AudioInput"
[16:32:38] ConvaiPlayerLog : Log : UConvaiPlayerComponent: Found submix "AudioInput"
[16:32:38] ConvaiPlayerLog : Log : UConvaiPlayerComponent: Found submix "AudioInput"
[16:32:38] ConvaiPlayerLog : Log : UConvaiPlayerComponent: Found submix "AudioInput"
[16:32:38] ConvaiPlayerLog : Log : UConvaiPlayerComponent: Found submix "AudioInput"
[16:32:38] ConvaiPlayerLog : Log : UConvaiPlayerComponent: Found submix "AudioInput"
[16:32:38] ConvaiPlayerLog : Log : UConvaiPlayerComponent: Found submix "AudioInput"
[16:32:38] ConvaiPlayerLog : Log : UConvaiPlayerComponent: Found submix "AudioInput"
[16:32:38] ConvaiPlayerLog : Log : UConvaiPlayerComponent: Found submix "AudioInput"
[16:32:38] ConvaiPlayerLog : Log : UConvaiPlayerComponent: Found submix "AudioInput"
[16:32:38] ConvaiPlayerLog : Log : UConvaiPlayerComponent: Found submix "AudioInput"
[16:32:38] ConvaiPlayerLog : Log : UConvaiPlayerComponent: Found submix "AudioInput"
[16:32:38] ConvaiPlayerLog : Log : UConvaiPlayerComponent: Found submix "AudioInput"
[16:32:38] ConvaiPlayerLog : Log : UConvaiPlayerComponent: Found submix "AudioInput"
[16:32:38] ConvaiPlayerLog : Log : UConvaiPlayerComponent: Found submix "AudioInput"
[16:32:38] ConvaiPlayerLog : Log : UConvaiPlayerComponent: Found submix "AudioInput"
[16:32:38] ConvaiPlayerLog : Log : UConvaiPlayerComponent: Found submix "AudioInput"
[16:32:38] ConvaiPlayerLog : Log : UConvaiPlayerComponent: Found submix "AudioInput"
[16:32:38] ConvaiPlayerLog : Log : UConvaiPlayerComponent: Found submix "AudioInput"
[16:32:38] ConvaiPlayerLog : Log : UConvaiPlayerComponent: Found submix "AudioInput"
[16:32:38] ConvaiPlayerLog : Log : UConvaiPlayerComponent: Found submix "AudioInput"
[16:32:38] ConvaiPlayerLog : Log : UConvaiPlayerComponent: Found submix "AudioInput"
[16:32:38] ConvaiPlayerLog : Log : UConvaiPlayerComponent: Found submix "AudioInput"
[16:32:38] ConvaiPlayerLog : Log : UConvaiPlayerComponent: Found submix "AudioInput"
[16:32:39] ConvaiPlayerLog : Log : UConvaiPlayerComponent: Found submix "AudioInput"
[16:32:39] ConvaiPlayerLog : Log : UConvaiPlayerComponent: Found submix "AudioInput"
[16:32:39] ConvaiPlayerLog : Log : UConvaiPlayerComponent: Found submix "AudioInput"
[16:32:39] ConvaiPlayerLog : Log : UConvaiPlayerComponent: Found submix "AudioInput"
[16:32:39] ConvaiPlayerLog : Log : UConvaiPlayerComponent: Found submix "AudioInput"
[16:32:39] ConvaiPlayerLog : Log : UConvaiPlayerComponent: Found submix "AudioInput"
[16:32:39] ConvaiPlayerLog : Log : UConvaiPlayerComponent: Found submix "AudioInput"
[16:32:39] ConvaiPlayerLog : Log : UConvaiPlayerComponent: Found submix "AudioInput"
[16:32:39] ConvaiPlayerLog : Log : UConvaiPlayerComponent: Found submix "AudioInput"
[16:33:22] ConvaiPlayerLog : Log : UConvaiPlayerComponent: Found submix "AudioInput"
[16:33:22] ConvaiPlayerLog : Log : UConvaiPlayerComponent: Found submix "AudioInput"
[16:33:22] ConvaiPlayerLog : Log : UConvaiPlayerComponent: Found submix "AudioInput"
[16:33:22] ConvaiPlayerLog : Log : UConvaiPlayerComponent: Found submix "AudioInput"
[16:33:22] ConvaiPlayerLog : Log : UConvaiPlayerComponent: Found submix "AudioInput"
[16:33:22] ConvaiPlayerLog : Log : UConvaiPlayerComponent: Found submix "AudioInput"
[16:33:22] ConvaiPlayerLog : Log : UConvaiPlayerComponent: Found submix "AudioInput"
[16:33:42] ConvaiPlayerLog : Log : UConvaiPlayerComponent: Found submix "AudioInput"
[16:33:42] ConvaiPlayerLog : Log : UConvaiPlayerComponent: Found submix "AudioInput"
[16:33:42] ConvaiPlayerLog : Log : UConvaiPlayerComponent: Found submix "AudioInput"
[16:33:42] ConvaiPlayerLog : Log : UConvaiPlayerComponent: Found submix "AudioInput"
[16:33:49] ConvaiPlayerLog : Log : UConvaiPlayerComponent: Found submix "AudioInput"
[16:33:49] ConvaiPlayerLog : Log : UConvaiPlayerComponent: Found submix "AudioInput"
[16:33:49] ConvaiPlayerLog : Log : UConvaiPlayerComponent: Found submix "AudioInput"
[16:33:49] ConvaiPlayerLog : Log : UConvaiPlayerComponent: Found submix "AudioInput"
[16:34:01] ConvaiPlayerLog : Log : UConvaiPlayerComponent: Found submix "AudioInput"
[16:34:01] ConvaiPlayerLog : Log : UConvaiPlayerComponent: Found submix "AudioInput"
[16:34:01] ConvaiPlayerLog : Log : UConvaiPlayerComponent: Found submix "AudioInput"
[16:34:01] ConvaiPlayerLog : Log : UConvaiPlayerComponent: Found submix "AudioInput"
[16:34:01] ConvaiPlayerLog : Log : UConvaiPlayerComponent: Found submix "AudioInput"
[16:34:01] ConvaiPlayerLog : Log : UConvaiPlayerComponent: Found submix "AudioInput"
[16:34:01] ConvaiPlayerLog : Log : UConvaiPlayerComponent: Found submix "AudioInput"
[16:34:01] ConvaiPlayerLog : Log : UConvaiPlayerComponent: Found submix "AudioInput"
[16:34:01] ConvaiPlayerLog : Log : UConvaiPlayerComponent: Found submix "AudioInput"
[16:34:01] ConvaiPlayerLog : Log : UConvaiPlayerComponent: Found submix "AudioInput"
[16:34:01] ConvaiPlayerLog : Log : UConvaiPlayerComponent: Found submix "AudioInput"
[16:34:01] ConvaiPlayerLog : Log : UConvaiPlayerComponent: Found submix "AudioInput"
[16:34:01] ConvaiPlayerLog : Log : UConvaiPlayerComponent: Found submix "AudioInput"
[16:34:01] ConvaiPlayerLog : Log : UConvaiPlayerComponent: Found submix "AudioInput"
[16:34:01] ConvaiPlayerLog : Log : UConvaiPlayerComponent: Found submix "AudioInput"
[16:34:01] ConvaiPlayerLog : Log : UConvaiPlayerComponent: Found submix "AudioInput"
[16:34:25] ConvaiPlayerLog : Log : UConvaiPlayerComponent: Found submix "AudioInput"
[16:34:25] ConvaiPlayerLog : Log : UConvaiPlayerComponent: Found submix "AudioInput"
[16:34:25] ConvaiPlayerLog : Log : UConvaiPlayerComponent: Found submix "AudioInput"
[16:34:25] ConvaiPlayerLog : Log : UConvaiPlayerComponent: Found submix "AudioInput"
[16:34:25] ConvaiPlayerLog : Log : UConvaiPlayerComponent: Found submix "AudioInput"
[16:34:25] ConvaiPlayerLog : Log : UConvaiPlayerComponent: Found submix "AudioInput"
[16:34:30] ConvaiPlayerLog : Log : UConvaiPlayerComponent: Found submix "AudioInput"
[16:34:30] ConvaiPlayerLog : Log : UConvaiPlayerComponent: Found submix "AudioInput"
[16:34:30] ConvaiPlayerLog : Log : UConvaiPlayerComponent: Found submix "AudioInput"
[16:34:30] ConvaiPlayerLog : Log : UConvaiPlayerComponent: Found submix "AudioInput"
[16:34:30] ConvaiPlayerLog : Log : UConvaiPlayerComponent: Found submix "AudioInput"
[16:34:30] ConvaiPlayerLog : Log : UConvaiPlayerComponent: Found submix "AudioInput"
[16:34:30] ConvaiPlayerLog : Log : UConvaiPlayerComponent: Found submix "AudioInput"
[16:37:18] ConvaiChatbotComponentLog : Log : Cleanup | Character ID :  | Session ID : -1
[16:37:18] ConvaiChatbotComponentLog : Log : Cleanup | Character ID :  | Session ID : -1
[16:37:18] ConvaiChatbotComponentLog : Log : Cleanup | Character ID :  | Session ID : -1
[16:37:18] ConvaiChatbotComponentLog : Log : Cleanup | Character ID :  | Session ID : -1
[16:37:18] ConvaiChatbotComponentLog : Log : Cleanup | Character ID :  | Session ID : -1
[16:37:18] ConvaiChatbotComponentLog : Log : Cleanup | Character ID :  | Session ID : -1
[16:37:18] ConvaiChatbotComponentLog : Log : Cleanup | Character ID :  | Session ID : -1
[16:37:18] ConvaiChatbotComponentLog : Log : Cleanup | Character ID :  | Session ID : -1
[16:37:18] ConvaiChatbotComponentLog : Log : Cleanup | Character ID :  | Session ID : -1
[16:37:18] ConvaiChatbotComponentLog : Log : Cleanup | Character ID :  | Session ID : -1
[16:37:18] ConvaiChatbotComponentLog : Log : Cleanup | Character ID :  | Session ID : -1
[16:37:18] ConvaiChatbotComponentLog : Log : Cleanup | Character ID :  | Session ID : -1
[16:37:18] ConvaiChatbotComponentLog : Log : Cleanup | Character ID :  | Session ID : -1
[16:37:18] ConvaiChatbotComponentLog : Log : Cleanup | Character ID :  | Session ID : -1
[16:37:18] ConvaiChatbotComponentLog : Log : Cleanup | Character ID :  | Session ID : -1
[16:37:18] ConvaiChatbotComponentLog : Log : Cleanup | Character ID :  | Session ID : -1
[16:37:18] ConvaiChatbotComponentLog : Log : Cleanup | Character ID :  | Session ID : -1
[16:37:18] ConvaiChatbotComponentLog : Log : Cleanup | Character ID :  | Session ID : -1
[16:37:18] ConvaiChatbotComponentLog : Log : Cleanup | Character ID :  | Session ID : -1
[16:37:18] ConvaiChatbotComponentLog : Log : Cleanup | Character ID :  | Session ID : -1
[16:37:18] ConvaiChatbotComponentLog : Log : Cleanup | Character ID :  | Session ID : -1
[16:37:18] ConvaiChatbotComponentLog : Log : Cleanup | Character ID :  | Session ID : -1
[16:37:18] ConvaiChatbotComponentLog : Log : Cleanup | Character ID :  | Session ID : -1
[16:37:18] ConvaiChatbotComponentLog : Log : Cleanup | Character ID :  | Session ID : -1
[16:37:18] ConvaiChatbotComponentLog : Log : Cleanup | Character ID :  | Session ID : -1
[16:37:18] ConvaiChatbotComponentLog : Log : Cleanup | Character ID :  | Session ID : -1
[16:37:18] ConvaiChatbotComponentLog : Log : Cleanup | Character ID :  | Session ID : -1
[16:37:18] ConvaiChatbotComponentLog : Log : Cleanup | Character ID :  | Session ID : -1
[16:37:18] ConvaiChatbotComponentLog : Log : Cleanup | Character ID :  | Session ID : -1
[16:37:18] ConvaiChatbotComponentLog : Log : Cleanup | Character ID :  | Session ID : -1
[16:37:18] ConvaiChatbotComponentLog : Log : Cleanup | Character ID :  | Session ID : -1
[16:37:18] ConvaiChatbotComponentLog : Log : Cleanup | Character ID :  | Session ID : -1
[16:37:18] ConvaiChatbotComponentLog : Log : Cleanup | Character ID :  | Session ID : -1
[16:37:18] ConvaiChatbotComponentLog : Log : Cleanup | Character ID :  | Session ID : -1
[16:37:18] ConvaiChatbotComponentLog : Log : Cleanup | Character ID :  | Session ID : -1
[16:37:18] ConvaiChatbotComponentLog : Log : Cleanup | Character ID :  | Session ID : -1
[16:37:18] ConvaiChatbotComponentLog : Log : Cleanup | Character ID :  | Session ID : -1
[16:37:18] ConvaiChatbotComponentLog : Log : Cleanup | Character ID :  | Session ID : -1
[16:37:18] ConvaiChatbotComponentLog : Log : Cleanup | Character ID :  | Session ID : -1
[16:37:18] ConvaiChatbotComponentLog : Log : Cleanup | Character ID :  | Session ID : -1
[16:37:18] ConvaiChatbotComponentLog : Log : Cleanup | Character ID :  | Session ID : -1
[16:37:18] ConvaiChatbotComponentLog : Log : Cleanup | Character ID :  | Session ID : -1
[16:37:18] ConvaiChatbotComponentLog : Log : Cleanup | Character ID :  | Session ID : -1
[16:37:18] ConvaiChatbotComponentLog : Log : Cleanup | Character ID :  | Session ID : -1
[16:37:18] ConvaiChatbotComponentLog : Log : Cleanup | Character ID :  | Session ID : -1
[16:37:18] ConvaiChatbotComponentLog : Log : Cleanup | Character ID :  | Session ID : -1
[16:37:18] ConvaiChatbotComponentLog : Log : Cleanup | Character ID :  | Session ID : -1
[16:37:18] ConvaiChatbotComponentLog : Log : Cleanup | Character ID :  | Session ID : -1
[16:37:18] ConvaiChatbotComponentLog : Log : Cleanup | Character ID :  | Session ID : -1
[16:37:18] ConvaiChatbotComponentLog : Log : Cleanup | Character ID :  | Session ID : -1
[16:37:18] ConvaiChatbotComponentLog : Log : Cleanup | Character ID :  | Session ID : -1
[16:37:18] ConvaiChatbotComponentLog : Log : Cleanup | Character ID :  | Session ID : -1
[16:37:18] ConvaiChatbotComponentLog : Log : Cleanup | Character ID :  | Session ID : -1
[16:37:18] ConvaiChatbotComponentLog : Log : Cleanup | Character ID :  | Session ID : -1
[16:37:18] ConvaiChatbotComponentLog : Log : Cleanup | Character ID :  | Session ID : -1
[16:37:18] ConvaiChatbotComponentLog : Log : Cleanup | Character ID :  | Session ID : -1
[16:37:18] ConvaiChatbotComponentLog : Log : Cleanup | Character ID :  | Session ID : -1
[16:38:10] ConvaiPlayerLog : Log : UConvaiPlayerComponent: Found submix "AudioInput"
[16:38:10] ConvaiPlayerLog : Log : UConvaiPlayerComponent: Found submix "AudioInput"
[16:38:10] ConvaiPlayerLog : Log : UConvaiPlayerComponent: Found submix "AudioInput"
[16:38:10] ConvaiPlayerLog : Log : UConvaiPlayerComponent: Found submix "AudioInput"
[16:38:10] ConvaiPlayerLog : Log : UConvaiPlayerComponent: Found submix "AudioInput"
[16:38:10] ConvaiPlayerLog : Log : UConvaiPlayerComponent: Found submix "AudioInput"
[16:38:10] ConvaiPlayerLog : Log : UConvaiPlayerComponent: Found submix "AudioInput"
[16:38:10] ConvaiChatbotComponentLog : Log : Cleanup | Character ID :  | Session ID : -1
[16:38:10] ConvaiChatbotComponentLog : Log : Cleanup | Character ID :  | Session ID : -1
[16:38:10] ConvaiChatbotComponentLog : Log : Cleanup | Character ID :  | Session ID : -1
[16:38:10] ConvaiChatbotComponentLog : Log : Cleanup | Character ID :  | Session ID : -1
[16:38:10] ConvaiChatbotComponentLog : Log : Cleanup | Character ID :  | Session ID : -1
[16:38:10] ConvaiChatbotComponentLog : Log : Cleanup | Character ID :  | Session ID : -1
[16:38:10] ConvaiChatbotComponentLog : Log : Cleanup | Character ID :  | Session ID : -1
[16:38:10] ConvaiSubsystemLog : Log : gRPC Creating Channel...
[16:38:10] ConvaiSubsystemLog : Log : UConvaiSubsystem Started
[16:38:10] ConvaiSubsystemLog : Log : Start Run
[16:38:10] ConvaiPlayerLog : Log : UConvaiPlayerComponent: Found submix "AudioInput"
[16:38:10] ConvaiSubsystemLog : Verbose : Registered player component: ConvaiPlayer
[16:38:22] ConvaiSubsystemLog : Warning : gRPC channel not ready yet.. Current State: GRPC_CHANNEL_IDLE
[16:38:22] ConvaiGRPCLog : Log : AsyncGetResponse started | Character ID : a75c189a-9224-11f0-94d8-42010a7be01f | Session ID : -1
[16:38:22] ConvaiGRPCLog : Log : GRPC GetResponse stream initialized | Character ID : a75c189a-9224-11f0-94d8-42010a7be01f | Session ID : -1
[16:38:22] ConvaiGRPCLog : Log : request: character_id: "a75c189a-9224-11f0-94d8-42010a7be01f"
api_key: "0d59d0e9911a2f0886cb47a3cf7925ab"
session_id: "-1"
audio_config {
  sample_rate_hertz: 16000
}
action_config {
  actions: "Moves To"
  actions: "Follows"
  actions: "None"
  actions: "Stops"
  actions: "Waits for <time in seconds or character>"
  characters {
    name: "Stuart"
  }
  characters {
    name: "Guest"
  }
  characters {
    name: "Player"
  }
  classification: "multistep"
}
speaker: "Player"
dynamic_info_config {
}
 | Character ID : a75c189a-9224-11f0-94d8-42010a7be01f | Session ID : -1
[16:38:22] ConvaiGRPCLog : Log : Initial Stream Write | Character ID : a75c189a-9224-11f0-94d8-42010a7be01f | Session ID : -1
[16:38:22] ConvaiGRPCLog : Log : Initial Stream Read | Character ID : a75c189a-9224-11f0-94d8-42010a7be01f | Session ID : -1
[16:38:22] ConvaiGRPCLog : Log : Sent UserQuery hello: | Character ID : a75c189a-9224-11f0-94d8-42010a7be01f | Session ID : -1
[16:38:22] ConvaiGRPCLog : Log : Calling Stream WriteLast | Character ID : a75c189a-9224-11f0-94d8-42010a7be01f | Session ID : -1
[16:38:22] ConvaiGRPCLog : Log : OnStreamWriteDone
[16:38:22] ConvaiGRPCLog : Log : NumberOfAudioBytesSent 0
[16:38:26] ConvaiGRPCLog : Log : GetResponse EmotionResponseDebug: session_id: "e5a1ad4e19473f4245e6c06d350711e2"
emotion_response: "Serenity"

[16:38:26] ConvaiGRPCLog : Log : Received Audio Chunk: 0.639909 secs | Character ID : a75c189a-9224-11f0-94d8-42010a7be01f | Session ID : e5a1ad4e19473f4245e6c06d350711e2
[16:38:26] ConvaiGRPCLog : Log : EmotionResponse: joy 1
[16:38:26] ConvaiAudioStreamerLog : Log : New SampleRate: 44100
[16:38:26] ConvaiAudioStreamerLog : Log : New Channels: 1
[16:38:26] ConvaiAudioStreamerLog : Log : State transition: Stopped -> Playing
[16:38:26] ConvaiGRPCLog : Log : Received Text Bonjour ! : | Character ID : a75c189a-9224-11f0-94d8-42010a7be01f | Session ID : e5a1ad4e19473f4245e6c06d350711e2 | ReceivedFinalResponse : False
[16:38:26] ConvaiGRPCLog : Log : GetResponse EmotionResponseDebug: session_id: "e5a1ad4e19473f4245e6c06d350711e2"
emotion_response: "Serenity"

[16:38:26] ConvaiGRPCLog : Log : Received Audio Chunk: 2.119478 secs | Character ID : a75c189a-9224-11f0-94d8-42010a7be01f | Session ID : e5a1ad4e19473f4245e6c06d350711e2
[16:38:26] ConvaiGRPCLog : Log : EmotionResponse: joy 1
[16:38:26] ConvaiGRPCLog : Log : Received Text Je suis Stuart, ravi de vous rencontrer. : | Character ID : a75c189a-9224-11f0-94d8-42010a7be01f | Session ID : e5a1ad4e19473f4245e6c06d350711e2 | ReceivedFinalResponse : False
[16:38:26] ConvaiGRPCLog : Log : GetResponse EmotionResponseDebug: session_id: "e5a1ad4e19473f4245e6c06d350711e2"
emotion_response: "Serenity"

[16:38:27] ConvaiGRPCLog : Log : Received Audio Chunk: 2.405669 secs | Character ID : a75c189a-9224-11f0-94d8-42010a7be01f | Session ID : e5a1ad4e19473f4245e6c06d350711e2
[16:38:27] ConvaiGRPCLog : Log : EmotionResponse: joy 1
[16:38:27] ConvaiChatbotComponentLog : Log : Chatbot Total Received Audio: 5.161995 seconds
[16:38:27] ConvaiGRPCLog : Log : Received Text J'espère que vous appréciez votre expérience ici.: | Character ID : a75c189a-9224-11f0-94d8-42010a7be01f | Session ID : e5a1ad4e19473f4245e6c06d350711e2 | ReceivedFinalResponse : True
[16:38:27] ConvaiGRPCLog : Log : GetResponse SequenceString: None
[16:38:27] ConvaiGRPCLog : Log : Action: None
[16:38:27] ConvaiGRPCLog : Log : GetResponse EmotionResponseDebug: session_id: "e5a1ad4e19473f4245e6c06d350711e2"
emotion_response: "Trust Joy"

[16:38:28] ConvaiGRPCLog : Log : No more data to read after 3 attempts. Calling Finish...
[16:38:28] ConvaiGRPCLog : Log : Calling Stream Finish | Character ID : a75c189a-9224-11f0-94d8-42010a7be01f | Session ID : e5a1ad4e19473f4245e6c06d350711e2
[16:38:28] ConvaiGRPCLog : Log : On Stream Finish | Character ID : a75c189a-9224-11f0-94d8-42010a7be01f | Session ID : e5a1ad4e19473f4245e6c06d350711e2
[16:38:28] ConvaiChatbotComponentLog : Log : UConvaiChatbotComponent Request Finished! | Character ID : a75c189a-9224-11f0-94d8-42010a7be01f | Session ID : e5a1ad4e19473f4245e6c06d350711e2
[16:38:31] ConvaiAudioStreamerLog : Log : onAudioFinished
[16:38:31] ConvaiAudioStreamerLog : Log : State transition: Playing -> Stopped
[16:38:32] ConvaiPlayerLog : Log : Started Talking
[16:38:32] ConvaiAudioLog : Log : Using Headset (USBC Headset) as Audio capture device with NumChannels:1 and SampleRate:48000
[16:38:32] ConvaiGRPCLog : Log : AsyncGetResponse started | Character ID : a75c189a-9224-11f0-94d8-42010a7be01f | Session ID : e5a1ad4e19473f4245e6c06d350711e2
[16:38:32] ConvaiGRPCLog : Log : GRPC GetResponse stream initialized | Character ID : a75c189a-9224-11f0-94d8-42010a7be01f | Session ID : e5a1ad4e19473f4245e6c06d350711e2
[16:38:32] ConvaiGRPCLog : Log : request: character_id: "a75c189a-9224-11f0-94d8-42010a7be01f"
api_key: "0d59d0e9911a2f0886cb47a3cf7925ab"
session_id: "e5a1ad4e19473f4245e6c06d350711e2"
audio_config {
  sample_rate_hertz: 16000
}
action_config {
  actions: "Moves To"
  actions: "Follows"
  actions: "None"
  actions: "Stops"
  actions: "Waits for <time in seconds or character>"
  characters {
    name: "Stuart"
  }
  characters {
    name: "Guest"
  }
  characters {
    name: "Player"
  }
  classification: "multistep"
}
speaker: "Player"
dynamic_info_config {
}
 | Character ID : a75c189a-9224-11f0-94d8-42010a7be01f | Session ID : e5a1ad4e19473f4245e6c06d350711e2
[16:38:32] ConvaiGRPCLog : Log : Initial Stream Write | Character ID : a75c189a-9224-11f0-94d8-42010a7be01f | Session ID : e5a1ad4e19473f4245e6c06d350711e2
[16:38:32] ConvaiGRPCLog : Log : Initial Stream Read | Character ID : a75c189a-9224-11f0-94d8-42010a7be01f | Session ID : e5a1ad4e19473f4245e6c06d350711e2
[16:38:32] ConvaiPlayerLog : Log : FinishTalking calling FinishGetResponseStream
[16:38:32] ConvaiGRPCLog : Log : Finish Writing to audio data buffer
[16:38:32] ConvaiGRPCLog : Log : FinishWriting:: Informing On Data Received
[16:38:32] ConvaiGRPCLog : Log : Calling Stream WritesDone | LastWriteReceived : True | AudioBuffer.Num() : 0 | Character ID : a75c189a-9224-11f0-94d8-42010a7be01f | Session ID : e5a1ad4e19473f4245e6c06d350711e2
[16:38:32] ConvaiGRPCLog : Log : On Stream Write Done Writing
[16:38:32] ConvaiPlayerLog : Log : Finished Talking
[16:38:32] ConvaiGRPCLog : Log : OnStreamWriteDone
[16:38:32] ConvaiGRPCLog : Log : NumberOfAudioBytesSent 12958
[16:38:32] ConvaiPlayerLog : Log : Started Talking
[16:38:32] ConvaiAudioLog : Log : Using Headset (USBC Headset) as Audio capture device with NumChannels:1 and SampleRate:48000
[16:38:32] ConvaiChatbotComponentLog : Log : InterruptSpeech: Interrupting character | Character ID : a75c189a-9224-11f0-94d8-42010a7be01f | Session ID : e5a1ad4e19473f4245e6c06d350711e2
[16:38:32] ConvaiChatbotComponentLog : Log : UConvaiChatbotComponent Request Finished! | Character ID : a75c189a-9224-11f0-94d8-42010a7be01f | Session ID : e5a1ad4e19473f4245e6c06d350711e2
[16:38:32] ConvaiChatbotComponentLog : Log : Chatbot Total Received Audio: 0.000000 seconds
[16:38:32] ConvaiGRPCLog : Log : AsyncGetResponse started | Character ID : a75c189a-9224-11f0-94d8-42010a7be01f | Session ID : e5a1ad4e19473f4245e6c06d350711e2
[16:38:32] ConvaiGRPCLog : Log : GRPC GetResponse stream initialized | Character ID : a75c189a-9224-11f0-94d8-42010a7be01f | Session ID : e5a1ad4e19473f4245e6c06d350711e2
[16:38:32] ConvaiGRPCLog : Log : request: character_id: "a75c189a-9224-11f0-94d8-42010a7be01f"
api_key: "0d59d0e9911a2f0886cb47a3cf7925ab"
session_id: "e5a1ad4e19473f4245e6c06d350711e2"
audio_config {
  sample_rate_hertz: 16000
}
action_config {
  actions: "Moves To"
  actions: "Follows"
  actions: "None"
  actions: "Stops"
  actions: "Waits for <time in seconds or character>"
  characters {
    name: "Stuart"
  }
  characters {
    name: "Guest"
  }
  characters {
    name: "Player"
  }
  classification: "multistep"
}
speaker: "Player"
dynamic_info_config {
}
 | Character ID : a75c189a-9224-11f0-94d8-42010a7be01f | Session ID : e5a1ad4e19473f4245e6c06d350711e2
[16:38:32] ConvaiGRPCLog : Log : Initial Stream Write | Character ID : a75c189a-9224-11f0-94d8-42010a7be01f | Session ID : e5a1ad4e19473f4245e6c06d350711e2
[16:38:32] ConvaiGRPCLog : Log : Initial Stream Read | Character ID : a75c189a-9224-11f0-94d8-42010a7be01f | Session ID : e5a1ad4e19473f4245e6c06d350711e2
[16:38:34] ConvaiPlayerLog : Log : FinishTalking calling FinishGetResponseStream
[16:38:34] ConvaiGRPCLog : Log : Finish Writing to audio data buffer
[16:38:34] ConvaiGRPCLog : Log : FinishWriting:: Informing On Data Received
[16:38:34] ConvaiGRPCLog : Log : Calling Stream WritesDone | LastWriteReceived : True | AudioBuffer.Num() : 0 | Character ID : a75c189a-9224-11f0-94d8-42010a7be01f | Session ID : e5a1ad4e19473f4245e6c06d350711e2
[16:38:34] ConvaiGRPCLog : Log : On Stream Write Done Writing
[16:38:34] ConvaiPlayerLog : Log : Finished Talking
[16:38:34] ConvaiGRPCLog : Log : OnStreamWriteDone
[16:38:34] ConvaiGRPCLog : Log : NumberOfAudioBytesSent 43648
[16:38:34] ConvaiPlayerLog : Log : Started Talking
[16:38:34] ConvaiAudioLog : Log : Using Headset (USBC Headset) as Audio capture device with NumChannels:1 and SampleRate:48000
[16:38:34] ConvaiChatbotComponentLog : Log : InterruptSpeech: Interrupting character | Character ID : a75c189a-9224-11f0-94d8-42010a7be01f | Session ID : e5a1ad4e19473f4245e6c06d350711e2
[16:38:34] ConvaiChatbotComponentLog : Log : UConvaiChatbotComponent Request Finished! | Character ID : a75c189a-9224-11f0-94d8-42010a7be01f | Session ID : e5a1ad4e19473f4245e6c06d350711e2
[16:38:34] ConvaiChatbotComponentLog : Log : Chatbot Total Received Audio: 0.000000 seconds
[16:38:34] ConvaiGRPCLog : Log : AsyncGetResponse started | Character ID : a75c189a-9224-11f0-94d8-42010a7be01f | Session ID : e5a1ad4e19473f4245e6c06d350711e2
[16:38:34] ConvaiGRPCLog : Log : GRPC GetResponse stream initialized | Character ID : a75c189a-9224-11f0-94d8-42010a7be01f | Session ID : e5a1ad4e19473f4245e6c06d350711e2
[16:38:34] ConvaiGRPCLog : Log : request: character_id: "a75c189a-9224-11f0-94d8-42010a7be01f"
api_key: "0d59d0e9911a2f0886cb47a3cf7925ab"
session_id: "e5a1ad4e19473f4245e6c06d350711e2"
audio_config {
  sample_rate_hertz: 16000
}
action_config {
  actions: "Moves To"
  actions: "Follows"
  actions: "None"
  actions: "Stops"
  actions: "Waits for <time in seconds or character>"
  characters {
    name: "Stuart"
  }
  characters {
    name: "Guest"
  }
  characters {
    name: "Player"
  }
  classification: "multistep"
}
speaker: "Player"
dynamic_info_config {
}
 | Character ID : a75c189a-9224-11f0-94d8-42010a7be01f | Session ID : e5a1ad4e19473f4245e6c06d350711e2
[16:38:34] ConvaiGRPCLog : Log : Initial Stream Write | Character ID : a75c189a-9224-11f0-94d8-42010a7be01f | Session ID : e5a1ad4e19473f4245e6c06d350711e2
[16:38:34] ConvaiGRPCLog : Log : Initial Stream Read | Character ID : a75c189a-9224-11f0-94d8-42010a7be01f | Session ID : e5a1ad4e19473f4245e6c06d350711e2
[16:38:34] ConvaiPlayerLog : Log : FinishTalking calling FinishGetResponseStream
[16:38:34] ConvaiGRPCLog : Log : Finish Writing to audio data buffer
[16:38:34] ConvaiGRPCLog : Log : FinishWriting:: Informing On Data Received
[16:38:34] ConvaiGRPCLog : Log : Calling Stream WritesDone | LastWriteReceived : True | AudioBuffer.Num() : 0 | Character ID : a75c189a-9224-11f0-94d8-42010a7be01f | Session ID : e5a1ad4e19473f4245e6c06d350711e2
[16:38:34] ConvaiGRPCLog : Log : On Stream Write Done Writing
[16:38:34] ConvaiPlayerLog : Log : Finished Talking
[16:38:34] ConvaiGRPCLog : Log : OnStreamWriteDone
[16:38:34] ConvaiGRPCLog : Log : NumberOfAudioBytesSent 3410
[16:38:34] ConvaiPlayerLog : Log : Started Talking
[16:38:34] ConvaiAudioLog : Log : Using Headset (USBC Headset) as Audio capture device with NumChannels:1 and SampleRate:48000
[16:38:34] ConvaiChatbotComponentLog : Log : InterruptSpeech: Interrupting character | Character ID : a75c189a-9224-11f0-94d8-42010a7be01f | Session ID : e5a1ad4e19473f4245e6c06d350711e2
[16:38:34] ConvaiChatbotComponentLog : Log : UConvaiChatbotComponent Request Finished! | Character ID : a75c189a-9224-11f0-94d8-42010a7be01f | Session ID : e5a1ad4e19473f4245e6c06d350711e2
[16:38:34] ConvaiChatbotComponentLog : Log : Chatbot Total Received Audio: 0.000000 seconds
[16:38:34] ConvaiGRPCLog : Log : AsyncGetResponse started | Character ID : a75c189a-9224-11f0-94d8-42010a7be01f | Session ID : e5a1ad4e19473f4245e6c06d350711e2
[16:38:34] ConvaiGRPCLog : Log : GRPC GetResponse stream initialized | Character ID : a75c189a-9224-11f0-94d8-42010a7be01f | Session ID : e5a1ad4e19473f4245e6c06d350711e2
[16:38:34] ConvaiGRPCLog : Log : request: character_id: "a75c189a-9224-11f0-94d8-42010a7be01f"
api_key: "0d59d0e9911a2f0886cb47a3cf7925ab"
session_id: "e5a1ad4e19473f4245e6c06d350711e2"
audio_config {
  sample_rate_hertz: 16000
}
action_config {
  actions: "Moves To"
  actions: "Follows"
  actions: "None"
  actions: "Stops"
  actions: "Waits for <time in seconds or character>"
  characters {
    name: "Stuart"
  }
  characters {
    name: "Guest"
  }
  characters {
    name: "Player"
  }
  classification: "multistep"
}
speaker: "Player"
dynamic_info_config {
}
 | Character ID : a75c189a-9224-11f0-94d8-42010a7be01f | Session ID : e5a1ad4e19473f4245e6c06d350711e2
[16:38:34] ConvaiGRPCLog : Log : Initial Stream Write | Character ID : a75c189a-9224-11f0-94d8-42010a7be01f | Session ID : e5a1ad4e19473f4245e6c06d350711e2
[16:38:34] ConvaiGRPCLog : Log : Initial Stream Read | Character ID : a75c189a-9224-11f0-94d8-42010a7be01f | Session ID : e5a1ad4e19473f4245e6c06d350711e2
[16:38:34] ConvaiPlayerLog : Log : FinishTalking calling FinishGetResponseStream
[16:38:34] ConvaiGRPCLog : Log : Finish Writing to audio data buffer
[16:38:34] ConvaiGRPCLog : Log : FinishWriting:: Informing On Data Received
[16:38:34] ConvaiGRPCLog : Log : Calling Stream WritesDone | LastWriteReceived : True | AudioBuffer.Num() : 0 | Character ID : a75c189a-9224-11f0-94d8-42010a7be01f | Session ID : e5a1ad4e19473f4245e6c06d350711e2
[16:38:34] ConvaiGRPCLog : Log : On Stream Write Done Writing
[16:38:34] ConvaiPlayerLog : Log : Finished Talking
[16:38:34] ConvaiGRPCLog : Log : OnStreamWriteDone
[16:38:34] ConvaiGRPCLog : Log : NumberOfAudioBytesSent 1364
[16:38:34] ConvaiPlayerLog : Log : Started Talking
[16:38:34] ConvaiAudioLog : Log : Using Headset (USBC Headset) as Audio capture device with NumChannels:1 and SampleRate:48000
[16:38:34] ConvaiChatbotComponentLog : Log : InterruptSpeech: Interrupting character | Character ID : a75c189a-9224-11f0-94d8-42010a7be01f | Session ID : e5a1ad4e19473f4245e6c06d350711e2
[16:38:34] ConvaiChatbotComponentLog : Log : UConvaiChatbotComponent Request Finished! | Character ID : a75c189a-9224-11f0-94d8-42010a7be01f | Session ID : e5a1ad4e19473f4245e6c06d350711e2
[16:38:34] ConvaiChatbotComponentLog : Log : Chatbot Total Received Audio: 0.000000 seconds
[16:38:34] ConvaiGRPCLog : Log : AsyncGetResponse started | Character ID : a75c189a-9224-11f0-94d8-42010a7be01f | Session ID : e5a1ad4e19473f4245e6c06d350711e2
[16:38:34] ConvaiGRPCLog : Log : GRPC GetResponse stream initialized | Character ID : a75c189a-9224-11f0-94d8-42010a7be01f | Session ID : e5a1ad4e19473f4245e6c06d350711e2
[16:38:34] ConvaiGRPCLog : Log : request: character_id: "a75c189a-9224-11f0-94d8-42010a7be01f"
api_key: "0d59d0e9911a2f0886cb47a3cf7925ab"
session_id: "e5a1ad4e19473f4245e6c06d350711e2"
audio_config {
  sample_rate_hertz: 16000
}
action_config {
  actions: "Moves To"
  actions: "Follows"
  actions: "None"
  actions: "Stops"
  actions: "Waits for <time in seconds or character>"
  characters {
    name: "Stuart"
  }
  characters {
    name: "Guest"
  }
  characters {
    name: "Player"
  }
  classification: "multistep"
}
speaker: "Player"
dynamic_info_config {
}
 | Character ID : a75c189a-9224-11f0-94d8-42010a7be01f | Session ID : e5a1ad4e19473f4245e6c06d350711e2
[16:38:34] ConvaiGRPCLog : Log : Initial Stream Write | Character ID : a75c189a-9224-11f0-94d8-42010a7be01f | Session ID : e5a1ad4e19473f4245e6c06d350711e2
[16:38:34] ConvaiGRPCLog : Log : Initial Stream Read | Character ID : a75c189a-9224-11f0-94d8-42010a7be01f | Session ID : e5a1ad4e19473f4245e6c06d350711e2
[16:38:34] ConvaiPlayerLog : Log : FinishTalking calling FinishGetResponseStream
[16:38:34] ConvaiGRPCLog : Log : Finish Writing to audio data buffer
[16:38:34] ConvaiGRPCLog : Log : FinishWriting:: Informing On Data Received
[16:38:34] ConvaiGRPCLog : Log : Calling Stream WritesDone | LastWriteReceived : True | AudioBuffer.Num() : 0 | Character ID : a75c189a-9224-11f0-94d8-42010a7be01f | Session ID : e5a1ad4e19473f4245e6c06d350711e2
[16:38:34] ConvaiGRPCLog : Log : On Stream Write Done Writing
[16:38:34] ConvaiPlayerLog : Log : Finished Talking
[16:38:34] ConvaiGRPCLog : Log : OnStreamWriteDone
[16:38:34] ConvaiGRPCLog : Log : NumberOfAudioBytesSent 682
[16:38:34] ConvaiPlayerLog : Log : Started Talking
[16:38:34] ConvaiAudioLog : Log : Using Headset (USBC Headset) as Audio capture device with NumChannels:1 and SampleRate:48000
[16:38:34] ConvaiChatbotComponentLog : Log : InterruptSpeech: Interrupting character | Character ID : a75c189a-9224-11f0-94d8-42010a7be01f | Session ID : e5a1ad4e19473f4245e6c06d350711e2
[16:38:34] ConvaiChatbotComponentLog : Log : UConvaiChatbotComponent Request Finished! | Character ID : a75c189a-9224-11f0-94d8-42010a7be01f | Session ID : e5a1ad4e19473f4245e6c06d350711e2
[16:38:34] ConvaiChatbotComponentLog : Log : Chatbot Total Received Audio: 0.000000 seconds
[16:38:34] ConvaiGRPCLog : Log : AsyncGetResponse started | Character ID : a75c189a-9224-11f0-94d8-42010a7be01f | Session ID : e5a1ad4e19473f4245e6c06d350711e2
[16:38:34] ConvaiGRPCLog : Log : GRPC GetResponse stream initialized | Character ID : a75c189a-9224-11f0-94d8-42010a7be01f | Session ID : e5a1ad4e19473f4245e6c06d350711e2
[16:38:34] ConvaiGRPCLog : Log : request: character_id: "a75c189a-9224-11f0-94d8-42010a7be01f"
api_key: "0d59d0e9911a2f0886cb47a3cf7925ab"
session_id: "e5a1ad4e19473f4245e6c06d350711e2"
audio_config {
  sample_rate_hertz: 16000
}
action_config {
  actions: "Moves To"
  actions: "Follows"
  actions: "None"
  actions: "Stops"
  actions: "Waits for <time in seconds or character>"
  characters {
    name: "Stuart"
  }
  characters {
    name: "Guest"
  }
  characters {
    name: "Player"
  }
  classification: "multistep"
}
speaker: "Player"
dynamic_info_config {
}
 | Character ID : a75c189a-9224-11f0-94d8-42010a7be01f | Session ID : e5a1ad4e19473f4245e6c06d350711e2
[16:38:34] ConvaiGRPCLog : Log : Initial Stream Write | Character ID : a75c189a-9224-11f0-94d8-42010a7be01f | Session ID : e5a1ad4e19473f4245e6c06d350711e2
[16:38:34] ConvaiGRPCLog : Log : Initial Stream Read | Character ID : a75c189a-9224-11f0-94d8-42010a7be01f | Session ID : e5a1ad4e19473f4245e6c06d350711e2
[16:38:35] ConvaiPlayerLog : Log : FinishTalking calling FinishGetResponseStream
[16:38:35] ConvaiGRPCLog : Log : Finish Writing to audio data buffer
[16:38:35] ConvaiGRPCLog : Log : FinishWriting:: Informing On Data Received
[16:38:35] ConvaiGRPCLog : Log : Calling Stream WritesDone | LastWriteReceived : True | AudioBuffer.Num() : 0 | Character ID : a75c189a-9224-11f0-94d8-42010a7be01f | Session ID : e5a1ad4e19473f4245e6c06d350711e2
[16:38:35] ConvaiGRPCLog : Log : On Stream Write Done Writing
[16:38:35] ConvaiPlayerLog : Log : Finished Talking
[16:38:35] ConvaiGRPCLog : Log : OnStreamWriteDone
[16:38:35] ConvaiGRPCLog : Log : NumberOfAudioBytesSent 1364
[16:38:35] ConvaiPlayerLog : Log : Started Talking
[16:38:35] ConvaiAudioLog : Log : Using Headset (USBC Headset) as Audio capture device with NumChannels:1 and SampleRate:48000
[16:38:35] ConvaiChatbotComponentLog : Log : InterruptSpeech: Interrupting character | Character ID : a75c189a-9224-11f0-94d8-42010a7be01f | Session ID : e5a1ad4e19473f4245e6c06d350711e2
[16:38:35] ConvaiChatbotComponentLog : Log : UConvaiChatbotComponent Request Finished! | Character ID : a75c189a-9224-11f0-94d8-42010a7be01f | Session ID : e5a1ad4e19473f4245e6c06d350711e2
[16:38:35] ConvaiChatbotComponentLog : Log : Chatbot Total Received Audio: 0.000000 seconds
[16:38:35] ConvaiGRPCLog : Log : AsyncGetResponse started | Character ID : a75c189a-9224-11f0-94d8-42010a7be01f | Session ID : e5a1ad4e19473f4245e6c06d350711e2
[16:38:35] ConvaiGRPCLog : Log : GRPC GetResponse stream initialized | Character ID : a75c189a-9224-11f0-94d8-42010a7be01f | Session ID : e5a1ad4e19473f4245e6c06d350711e2
[16:38:35] ConvaiGRPCLog : Log : request: character_id: "a75c189a-9224-11f0-94d8-42010a7be01f"
api_key: "0d59d0e9911a2f0886cb47a3cf7925ab"
session_id: "e5a1ad4e19473f4245e6c06d350711e2"
audio_config {
  sample_rate_hertz: 16000
}
action_config {
  actions: "Moves To"
  actions: "Follows"
  actions: "None"
  actions: "Stops"
  actions: "Waits for <time in seconds or character>"
  characters {
    name: "Stuart"
  }
  characters {
    name: "Guest"
  }
  characters {
    name: "Player"
  }
  classification: "multistep"
}
speaker: "Player"
dynamic_info_config {
}
 | Character ID : a75c189a-9224-11f0-94d8-42010a7be01f | Session ID : e5a1ad4e19473f4245e6c06d350711e2
[16:38:35] ConvaiGRPCLog : Log : Initial Stream Write | Character ID : a75c189a-9224-11f0-94d8-42010a7be01f | Session ID : e5a1ad4e19473f4245e6c06d350711e2
[16:38:35] ConvaiGRPCLog : Log : Initial Stream Read | Character ID : a75c189a-9224-11f0-94d8-42010a7be01f | Session ID : e5a1ad4e19473f4245e6c06d350711e2
[16:38:35] ConvaiPlayerLog : Log : FinishTalking calling FinishGetResponseStream
[16:38:35] ConvaiGRPCLog : Log : Finish Writing to audio data buffer
[16:38:35] ConvaiGRPCLog : Log : FinishWriting:: Informing On Data Received
[16:38:35] ConvaiGRPCLog : Log : Calling Stream WritesDone | LastWriteReceived : True | AudioBuffer.Num() : 0 | Character ID : a75c189a-9224-11f0-94d8-42010a7be01f | Session ID : e5a1ad4e19473f4245e6c06d350711e2
[16:38:35] ConvaiGRPCLog : Log : On Stream Write Done Writing
[16:38:35] ConvaiPlayerLog : Log : Finished Talking
[16:38:35] ConvaiGRPCLog : Log : OnStreamWriteDone
[16:38:35] ConvaiGRPCLog : Log : NumberOfAudioBytesSent 2728
[16:38:36] ConvaiPlayerLog : Log : Started Talking
[16:38:36] ConvaiGRPCLog : Log : Received Audio Chunk: 5.825079 secs | Character ID : a75c189a-9224-11f0-94d8-42010a7be01f | Session ID : e5a1ad4e19473f4245e6c06d350711e2
[16:38:36] ConvaiGRPCLog : Log : EmotionResponse: neutral 1
[16:38:36] ConvaiGRPCLog : Log : Received Text Dites-moi, avez-vous déjà réfléchi à l'affirmation selon laquelle « Les droitiers respirent plus d'oxygène » ? : | Character ID : a75c189a-9224-11f0-94d8-42010a7be01f | Session ID : e5a1ad4e19473f4245e6c06d350711e2 | ReceivedFinalResponse : False
[16:38:36] ConvaiAudioLog : Log : Using Headset (USBC Headset) as Audio capture device with NumChannels:1 and SampleRate:48000
[16:38:36] ConvaiChatbotComponentLog : Log : InterruptSpeech: Interrupting character | Character ID : a75c189a-9224-11f0-94d8-42010a7be01f | Session ID : e5a1ad4e19473f4245e6c06d350711e2
[16:38:36] ConvaiChatbotComponentLog : Log : UConvaiChatbotComponent Request Finished! | Character ID : a75c189a-9224-11f0-94d8-42010a7be01f | Session ID : e5a1ad4e19473f4245e6c06d350711e2
[16:38:36] ConvaiChatbotComponentLog : Log : Chatbot Total Received Audio: 0.000000 seconds
[16:38:36] ConvaiGRPCLog : Log : AsyncGetResponse started | Character ID : a75c189a-9224-11f0-94d8-42010a7be01f | Session ID : e5a1ad4e19473f4245e6c06d350711e2
[16:38:36] ConvaiGRPCLog : Log : GRPC GetResponse stream initialized | Character ID : a75c189a-9224-11f0-94d8-42010a7be01f | Session ID : e5a1ad4e19473f4245e6c06d350711e2
[16:38:36] ConvaiGRPCLog : Log : request: character_id: "a75c189a-9224-11f0-94d8-42010a7be01f"
api_key: "0d59d0e9911a2f0886cb47a3cf7925ab"
session_id: "e5a1ad4e19473f4245e6c06d350711e2"
audio_config {
  sample_rate_hertz: 16000
}
action_config {
  actions: "Moves To"
  actions: "Follows"
  actions: "None"
  actions: "Stops"
  actions: "Waits for <time in seconds or character>"
  characters {
    name: "Stuart"
  }
  characters {
    name: "Guest"
  }
  characters {
    name: "Player"
  }
  classification: "multistep"
}
speaker: "Player"
dynamic_info_config {
}
 | Character ID : a75c189a-9224-11f0-94d8-42010a7be01f | Session ID : e5a1ad4e19473f4245e6c06d350711e2
[16:38:36] ConvaiGRPCLog : Log : Initial Stream Write | Character ID : a75c189a-9224-11f0-94d8-42010a7be01f | Session ID : e5a1ad4e19473f4245e6c06d350711e2
[16:38:36] ConvaiGRPCLog : Log : Initial Stream Read | Character ID : a75c189a-9224-11f0-94d8-42010a7be01f | Session ID : e5a1ad4e19473f4245e6c06d350711e2
[16:38:36] ConvaiGRPCLog : Log : Received Audio Chunk: 1.801587 secs | Character ID : a75c189a-9224-11f0-94d8-42010a7be01f | Session ID : e5a1ad4e19473f4245e6c06d350711e2
[16:38:36] ConvaiGRPCLog : Log : EmotionResponse: neutral 1
[16:38:36] ConvaiGRPCLog : Log : Received Text Est-ce que cela vous semble vrai ou faux ?: | Character ID : a75c189a-9224-11f0-94d8-42010a7be01f | Session ID : e5a1ad4e19473f4245e6c06d350711e2 | ReceivedFinalResponse : True
[16:38:36] ConvaiGRPCLog : Log : GetResponse SequenceString: None
[16:38:36] ConvaiGRPCLog : Log : Action: None
[16:38:36] ConvaiPlayerLog : Log : FinishTalking calling FinishGetResponseStream
[16:38:36] ConvaiGRPCLog : Log : Finish Writing to audio data buffer
[16:38:36] ConvaiGRPCLog : Log : FinishWriting:: Informing On Data Received
[16:38:36] ConvaiGRPCLog : Log : Calling Stream WritesDone | LastWriteReceived : True | AudioBuffer.Num() : 0 | Character ID : a75c189a-9224-11f0-94d8-42010a7be01f | Session ID : e5a1ad4e19473f4245e6c06d350711e2
[16:38:36] ConvaiGRPCLog : Log : On Stream Write Done Writing
[16:38:36] ConvaiPlayerLog : Log : Finished Talking
[16:38:36] ConvaiGRPCLog : Log : OnStreamWriteDone
[16:38:36] ConvaiGRPCLog : Log : NumberOfAudioBytesSent 2728
[16:38:36] ConvaiGRPCLog : Log : GetResponse EmotionResponseDebug: session_id: "e5a1ad4e19473f4245e6c06d350711e2"
emotion_response: "Acceptance Serenity Interest"

[16:38:36] ConvaiPlayerLog : Log : Started Talking
[16:38:36] ConvaiAudioLog : Log : Using Headset (USBC Headset) as Audio capture device with NumChannels:1 and SampleRate:48000
[16:38:36] ConvaiChatbotComponentLog : Log : InterruptSpeech: Interrupting character | Character ID : a75c189a-9224-11f0-94d8-42010a7be01f | Session ID : e5a1ad4e19473f4245e6c06d350711e2
[16:38:36] ConvaiChatbotComponentLog : Log : UConvaiChatbotComponent Request Finished! | Character ID : a75c189a-9224-11f0-94d8-42010a7be01f | Session ID : e5a1ad4e19473f4245e6c06d350711e2
[16:38:36] ConvaiChatbotComponentLog : Log : Chatbot Total Received Audio: 0.000000 seconds
[16:38:36] ConvaiGRPCLog : Log : AsyncGetResponse started | Character ID : a75c189a-9224-11f0-94d8-42010a7be01f | Session ID : e5a1ad4e19473f4245e6c06d350711e2
[16:38:36] ConvaiGRPCLog : Log : GRPC GetResponse stream initialized | Character ID : a75c189a-9224-11f0-94d8-42010a7be01f | Session ID : e5a1ad4e19473f4245e6c06d350711e2
[16:38:36] ConvaiGRPCLog : Log : request: character_id: "a75c189a-9224-11f0-94d8-42010a7be01f"
api_key: "0d59d0e9911a2f0886cb47a3cf7925ab"
session_id: "e5a1ad4e19473f4245e6c06d350711e2"
audio_config {
  sample_rate_hertz: 16000
}
action_config {
  actions: "Moves To"
  actions: "Follows"
  actions: "None"
  actions: "Stops"
  actions: "Waits for <time in seconds or character>"
  characters {
    name: "Stuart"
  }
  characters {
    name: "Guest"
  }
  characters {
    name: "Player"
  }
  classification: "multistep"
}
speaker: "Player"
dynamic_info_config {
}
 | Character ID : a75c189a-9224-11f0-94d8-42010a7be01f | Session ID : e5a1ad4e19473f4245e6c06d350711e2
[16:38:36] ConvaiGRPCLog : Log : Initial Stream Write | Character ID : a75c189a-9224-11f0-94d8-42010a7be01f | Session ID : e5a1ad4e19473f4245e6c06d350711e2
[16:38:36] ConvaiGRPCLog : Log : Initial Stream Read | Character ID : a75c189a-9224-11f0-94d8-42010a7be01f | Session ID : e5a1ad4e19473f4245e6c06d350711e2
[16:38:36] ConvaiPlayerLog : Log : FinishTalking calling FinishGetResponseStream
[16:38:36] ConvaiGRPCLog : Log : Finish Writing to audio data buffer
[16:38:36] ConvaiGRPCLog : Log : FinishWriting:: Informing On Data Received
[16:38:36] ConvaiGRPCLog : Log : Calling Stream WritesDone | LastWriteReceived : True | AudioBuffer.Num() : 0 | Character ID : a75c189a-9224-11f0-94d8-42010a7be01f | Session ID : e5a1ad4e19473f4245e6c06d350711e2
[16:38:36] ConvaiGRPCLog : Log : On Stream Write Done Writing
[16:38:36] ConvaiPlayerLog : Log : Finished Talking
[16:38:36] ConvaiGRPCLog : Log : OnStreamWriteDone
[16:38:36] ConvaiGRPCLog : Log : NumberOfAudioBytesSent 2728
[16:38:36] ConvaiPlayerLog : Log : Started Talking
[16:38:36] ConvaiAudioLog : Log : Using Headset (USBC Headset) as Audio capture device with NumChannels:1 and SampleRate:48000
[16:38:36] ConvaiChatbotComponentLog : Log : InterruptSpeech: Interrupting character | Character ID : a75c189a-9224-11f0-94d8-42010a7be01f | Session ID : e5a1ad4e19473f4245e6c06d350711e2
[16:38:36] ConvaiChatbotComponentLog : Log : UConvaiChatbotComponent Request Finished! | Character ID : a75c189a-9224-11f0-94d8-42010a7be01f | Session ID : e5a1ad4e19473f4245e6c06d350711e2
[16:38:36] ConvaiChatbotComponentLog : Log : Chatbot Total Received Audio: 0.000000 seconds
[16:38:36] ConvaiGRPCLog : Log : AsyncGetResponse started | Character ID : a75c189a-9224-11f0-94d8-42010a7be01f | Session ID : e5a1ad4e19473f4245e6c06d350711e2
[16:38:36] ConvaiGRPCLog : Log : GRPC GetResponse stream initialized | Character ID : a75c189a-9224-11f0-94d8-42010a7be01f | Session ID : e5a1ad4e19473f4245e6c06d350711e2
[16:38:36] ConvaiGRPCLog : Log : request: character_id: "a75c189a-9224-11f0-94d8-42010a7be01f"
api_key: "0d59d0e9911a2f0886cb47a3cf7925ab"
session_id: "e5a1ad4e19473f4245e6c06d350711e2"
audio_config {
  sample_rate_hertz: 16000
}
action_config {
  actions: "Moves To"
  actions: "Follows"
  actions: "None"
  actions: "Stops"
  actions: "Waits for <time in seconds or character>"
  characters {
    name: "Stuart"
  }
  characters {
    name: "Guest"
  }
  characters {
    name: "Player"
  }
  classification: "multistep"
}
speaker: "Player"
dynamic_info_config {
}
 | Character ID : a75c189a-9224-11f0-94d8-42010a7be01f | Session ID : e5a1ad4e19473f4245e6c06d350711e2
[16:38:36] ConvaiGRPCLog : Log : Initial Stream Write | Character ID : a75c189a-9224-11f0-94d8-42010a7be01f | Session ID : e5a1ad4e19473f4245e6c06d350711e2
[16:38:36] ConvaiGRPCLog : Log : Initial Stream Read | Character ID : a75c189a-9224-11f0-94d8-42010a7be01f | Session ID : e5a1ad4e19473f4245e6c06d350711e2
[16:38:36] ConvaiPlayerLog : Log : FinishTalking calling FinishGetResponseStream
[16:38:36] ConvaiGRPCLog : Log : Finish Writing to audio data buffer
[16:38:36] ConvaiGRPCLog : Log : FinishWriting:: Informing On Data Received
[16:38:36] ConvaiGRPCLog : Log : Calling Stream WritesDone | LastWriteReceived : True | AudioBuffer.Num() : 0 | Character ID : a75c189a-9224-11f0-94d8-42010a7be01f | Session ID : e5a1ad4e19473f4245e6c06d350711e2
[16:38:36] ConvaiGRPCLog : Log : On Stream Write Done Writing
[16:38:36] ConvaiPlayerLog : Log : Finished Talking
[16:38:36] ConvaiGRPCLog : Log : OnStreamWriteDone
[16:38:36] ConvaiGRPCLog : Log : NumberOfAudioBytesSent 2728
[16:38:37] ConvaiPlayerLog : Log : Started Talking
[16:38:37] ConvaiAudioLog : Log : Using Headset (USBC Headset) as Audio capture device with NumChannels:1 and SampleRate:48000
[16:38:37] ConvaiChatbotComponentLog : Log : InterruptSpeech: Interrupting character | Character ID : a75c189a-9224-11f0-94d8-42010a7be01f | Session ID : e5a1ad4e19473f4245e6c06d350711e2
[16:38:37] ConvaiChatbotComponentLog : Log : UConvaiChatbotComponent Request Finished! | Character ID : a75c189a-9224-11f0-94d8-42010a7be01f | Session ID : e5a1ad4e19473f4245e6c06d350711e2
[16:38:37] ConvaiChatbotComponentLog : Log : Chatbot Total Received Audio: 0.000000 seconds
[16:38:37] ConvaiGRPCLog : Log : AsyncGetResponse started | Character ID : a75c189a-9224-11f0-94d8-42010a7be01f | Session ID : e5a1ad4e19473f4245e6c06d350711e2
[16:38:37] ConvaiGRPCLog : Log : GRPC GetResponse stream initialized | Character ID : a75c189a-9224-11f0-94d8-42010a7be01f | Session ID : e5a1ad4e19473f4245e6c06d350711e2
[16:38:37] ConvaiGRPCLog : Log : request: character_id: "a75c189a-9224-11f0-94d8-42010a7be01f"
api_key: "0d59d0e9911a2f0886cb47a3cf7925ab"
session_id: "e5a1ad4e19473f4245e6c06d350711e2"
audio_config {
  sample_rate_hertz: 16000
}
action_config {
  actions: "Moves To"
  actions: "Follows"
  actions: "None"
  actions: "Stops"
  actions: "Waits for <time in seconds or character>"
  characters {
    name: "Stuart"
  }
  characters {
    name: "Guest"
  }
  characters {
    name: "Player"
  }
  classification: "multistep"
}
speaker: "Player"
dynamic_info_config {
}
 | Character ID : a75c189a-9224-11f0-94d8-42010a7be01f | Session ID : e5a1ad4e19473f4245e6c06d350711e2
[16:38:37] ConvaiGRPCLog : Log : Initial Stream Write | Character ID : a75c189a-9224-11f0-94d8-42010a7be01f | Session ID : e5a1ad4e19473f4245e6c06d350711e2
[16:38:37] ConvaiGRPCLog : Log : Initial Stream Read | Character ID : a75c189a-9224-11f0-94d8-42010a7be01f | Session ID : e5a1ad4e19473f4245e6c06d350711e2
[16:38:37] ConvaiPlayerLog : Log : FinishTalking calling FinishGetResponseStream
[16:38:37] ConvaiGRPCLog : Log : Finish Writing to audio data buffer
[16:38:37] ConvaiPlayerLog : Log : Finished Talking
[16:38:37] ConvaiGRPCLog : Log : Calling Stream WriteLast | Character ID : a75c189a-9224-11f0-94d8-42010a7be01f | Session ID : e5a1ad4e19473f4245e6c06d350711e2
[16:38:37] ConvaiGRPCLog : Log : No more data to read after 3 attempts. Calling Finish...
[16:38:37] ConvaiGRPCLog : Log : Calling Stream Finish | Character ID : a75c189a-9224-11f0-94d8-42010a7be01f | Session ID : e5a1ad4e19473f4245e6c06d350711e2
[16:38:37] ConvaiGRPCLog : Log : OnStreamWriteDone
[16:38:37] ConvaiGRPCLog : Log : NumberOfAudioBytesSent 2046
[16:38:37] ConvaiGRPCLog : Log : On Stream Finish | Character ID : a75c189a-9224-11f0-94d8-42010a7be01f | Session ID : e5a1ad4e19473f4245e6c06d350711e2
[16:38:37] ConvaiPlayerLog : Log : Started Talking
[16:38:37] ConvaiAudioLog : Log : Using Headset (USBC Headset) as Audio capture device with NumChannels:1 and SampleRate:48000
[16:38:37] ConvaiChatbotComponentLog : Log : InterruptSpeech: Interrupting character | Character ID : a75c189a-9224-11f0-94d8-42010a7be01f | Session ID : e5a1ad4e19473f4245e6c06d350711e2
[16:38:37] ConvaiChatbotComponentLog : Log : UConvaiChatbotComponent Request Finished! | Character ID : a75c189a-9224-11f0-94d8-42010a7be01f | Session ID : e5a1ad4e19473f4245e6c06d350711e2
[16:38:37] ConvaiChatbotComponentLog : Log : Chatbot Total Received Audio: 0.000000 seconds
[16:38:37] ConvaiGRPCLog : Log : AsyncGetResponse started | Character ID : a75c189a-9224-11f0-94d8-42010a7be01f | Session ID : e5a1ad4e19473f4245e6c06d350711e2
[16:38:37] ConvaiGRPCLog : Log : GRPC GetResponse stream initialized | Character ID : a75c189a-9224-11f0-94d8-42010a7be01f | Session ID : e5a1ad4e19473f4245e6c06d350711e2
[16:38:37] ConvaiGRPCLog : Log : request: character_id: "a75c189a-9224-11f0-94d8-42010a7be01f"
api_key: "0d59d0e9911a2f0886cb47a3cf7925ab"
session_id: "e5a1ad4e19473f4245e6c06d350711e2"
audio_config {
  sample_rate_hertz: 16000
}
action_config {
  actions: "Moves To"
  actions: "Follows"
  actions: "None"
  actions: "Stops"
  actions: "Waits for <time in seconds or character>"
  characters {
    name: "Stuart"
  }
  characters {
    name: "Guest"
  }
  characters {
    name: "Player"
  }
  classification: "multistep"
}
speaker: "Player"
dynamic_info_config {
}
 | Character ID : a75c189a-9224-11f0-94d8-42010a7be01f | Session ID : e5a1ad4e19473f4245e6c06d350711e2
[16:38:37] ConvaiGRPCLog : Log : Initial Stream Write | Character ID : a75c189a-9224-11f0-94d8-42010a7be01f | Session ID : e5a1ad4e19473f4245e6c06d350711e2
[16:38:37] ConvaiGRPCLog : Log : Initial Stream Read | Character ID : a75c189a-9224-11f0-94d8-42010a7be01f | Session ID : e5a1ad4e19473f4245e6c06d350711e2
[16:38:37] ConvaiPlayerLog : Log : FinishTalking calling FinishGetResponseStream
[16:38:37] ConvaiGRPCLog : Log : Finish Writing to audio data buffer
[16:38:37] ConvaiGRPCLog : Log : FinishWriting:: Informing On Data Received
[16:38:37] ConvaiGRPCLog : Log : Calling Stream WritesDone | LastWriteReceived : True | AudioBuffer.Num() : 0 | Character ID : a75c189a-9224-11f0-94d8-42010a7be01f | Session ID : e5a1ad4e19473f4245e6c06d350711e2
[16:38:37] ConvaiGRPCLog : Log : On Stream Write Done Writing
[16:38:37] ConvaiPlayerLog : Log : Finished Talking
[16:38:37] ConvaiGRPCLog : Log : OnStreamWriteDone
[16:38:37] ConvaiGRPCLog : Log : NumberOfAudioBytesSent 2728
[16:38:37] ConvaiGRPCLog : Log : No more data to read after 3 attempts. Calling Finish...
[16:38:37] ConvaiGRPCLog : Log : Calling Stream Finish | Character ID : a75c189a-9224-11f0-94d8-42010a7be01f | Session ID : e5a1ad4e19473f4245e6c06d350711e2
[16:38:37] ConvaiGRPCLog : Warning : OnStreamFinish: Status.ok():Not Ok | Debug Log: | Error message:upstream connect error or disconnect/reset before headers. reset reason: remote connection failure, transport failure reason: immediate connect error: Resource temporarily unavailable|remote address:/tmp/pfe_xfe_unix_socket/1122199472167133331.14023927462710633805 | Error Details: | Error Code:14 | Character ID:a75c189a-9224-11f0-94d8-42010a7be01f | Session ID:e5a1ad4e19473f4245e6c06d350711e2
[16:38:37] ConvaiChatbotComponentLog : Warning : UConvaiChatbotComponent Get Response Failed! | Character ID : a75c189a-9224-11f0-94d8-42010a7be01f | Session ID : e5a1ad4e19473f4245e6c06d350711e2
[16:38:37] ConvaiChatbotComponentLog : Log : UConvaiChatbotComponent Request Finished! | Character ID : a75c189a-9224-11f0-94d8-42010a7be01f | Session ID : e5a1ad4e19473f4245e6c06d350711e2
[16:38:37] ConvaiGRPCLog : Log : Received Audio Chunk: 5.476304 secs | Character ID : a75c189a-9224-11f0-94d8-42010a7be01f | Session ID : e5a1ad4e19473f4245e6c06d350711e2
[16:38:37] ConvaiGRPCLog : Log : EmotionResponse: neutral 1
[16:38:37] ConvaiGRPCLog : Log : Received Text Dites-moi, avez-vous déjà réfléchi à l'affirmation selon laquelle les droitiers respirent plus d'oxygène ? : | Character ID : a75c189a-9224-11f0-94d8-42010a7be01f | Session ID : e5a1ad4e19473f4245e6c06d350711e2 | ReceivedFinalResponse : False
[16:38:37] ConvaiGRPCLog : Log : Received Audio Chunk: 1.859683 secs | Character ID : a75c189a-9224-11f0-94d8-42010a7be01f | Session ID : e5a1ad4e19473f4245e6c06d350711e2
[16:38:37] ConvaiGRPCLog : Log : EmotionResponse: neutral 1
[16:38:37] ConvaiGRPCLog : Log : Received Text Qu'en pensez-vous, est-ce vrai ou faux ?: | Character ID : a75c189a-9224-11f0-94d8-42010a7be01f | Session ID : e5a1ad4e19473f4245e6c06d350711e2 | ReceivedFinalResponse : True
[16:38:37] ConvaiGRPCLog : Log : GetResponse SequenceString: None
[16:38:37] ConvaiGRPCLog : Log : Action: None
[16:38:37] ConvaiGRPCLog : Log : GetResponse EmotionResponseDebug: session_id: "e5a1ad4e19473f4245e6c06d350711e2"
emotion_response: "Acceptance Serenity"

[16:38:38] ConvaiGRPCLog : Log : Received Audio Chunk: 0.639909 secs | Character ID : a75c189a-9224-11f0-94d8-42010a7be01f | Session ID : e5a1ad4e19473f4245e6c06d350711e2
[16:38:38] ConvaiGRPCLog : Log : EmotionResponse: neutral 1
[16:38:38] ConvaiGRPCLog : Log : Received Text Bonjour ! : | Character ID : a75c189a-9224-11f0-94d8-42010a7be01f | Session ID : e5a1ad4e19473f4245e6c06d350711e2 | ReceivedFinalResponse : False
[16:38:38] ConvaiGRPCLog : Log : Received Audio Chunk: 1.175261 secs | Character ID : a75c189a-9224-11f0-94d8-42010a7be01f | Session ID : e5a1ad4e19473f4245e6c06d350711e2
[16:38:38] ConvaiGRPCLog : Log : EmotionResponse: neutral 1
[16:38:38] ConvaiGRPCLog : Log : Received Text Comment allez-vous aujourd'hui ?: | Character ID : a75c189a-9224-11f0-94d8-42010a7be01f | Session ID : e5a1ad4e19473f4245e6c06d350711e2 | ReceivedFinalResponse : True
[16:38:38] ConvaiGRPCLog : Log : GetResponse SequenceString: None
[16:38:38] ConvaiGRPCLog : Log : Action: None
[16:38:38] ConvaiGRPCLog : Log : No more data to read after 3 attempts. Calling Finish...
[16:38:38] ConvaiGRPCLog : Log : Calling Stream Finish | Character ID : a75c189a-9224-11f0-94d8-42010a7be01f | Session ID : e5a1ad4e19473f4245e6c06d350711e2
[16:38:38] ConvaiGRPCLog : Log : On Stream Finish | Character ID : a75c189a-9224-11f0-94d8-42010a7be01f | Session ID : e5a1ad4e19473f4245e6c06d350711e2
[16:38:38] ConvaiGRPCLog : Log : Received Audio Chunk: 5.120522 secs | Character ID : a75c189a-9224-11f0-94d8-42010a7be01f | Session ID : e5a1ad4e19473f4245e6c06d350711e2
[16:38:38] ConvaiGRPCLog : Log : EmotionResponse: neutral 1
[16:38:38] ConvaiGRPCLog : Log : Received Text Dites-moi, que pensez-vous de l'affirmation suivante : « Les droitiers respirent plus d'oxygène. : | Character ID : a75c189a-9224-11f0-94d8-42010a7be01f | Session ID : e5a1ad4e19473f4245e6c06d350711e2 | ReceivedFinalResponse : False
[16:38:38] ConvaiGRPCLog : Log : Received Audio Chunk: 1.496372 secs | Character ID : a75c189a-9224-11f0-94d8-42010a7be01f | Session ID : e5a1ad4e19473f4245e6c06d350711e2
[16:38:38] ConvaiGRPCLog : Log : EmotionResponse: neutral 1
[16:38:38] ConvaiGRPCLog : Log : Received Text » Est-ce vrai ou faux selon vous ?: | Character ID : a75c189a-9224-11f0-94d8-42010a7be01f | Session ID : e5a1ad4e19473f4245e6c06d350711e2 | ReceivedFinalResponse : True
[16:38:38] ConvaiGRPCLog : Log : GetResponse SequenceString: None
[16:38:38] ConvaiGRPCLog : Log : Action: None
[16:38:38] ConvaiGRPCLog : Log : Received Audio Chunk: 5.825079 secs | Character ID : a75c189a-9224-11f0-94d8-42010a7be01f | Session ID : e5a1ad4e19473f4245e6c06d350711e2
[16:38:38] ConvaiGRPCLog : Log : EmotionResponse: neutral 1
[16:38:38] ConvaiGRPCLog : Log : Received Text Dites-moi, avez-vous déjà réfléchi à l'affirmation selon laquelle « Les droitiers respirent plus d'oxygène » ? : | Character ID : a75c189a-9224-11f0-94d8-42010a7be01f | Session ID : e5a1ad4e19473f4245e6c06d350711e2 | ReceivedFinalResponse : False
[16:38:38] ConvaiGRPCLog : Log : Received Audio Chunk: 5.825079 secs | Character ID : a75c189a-9224-11f0-94d8-42010a7be01f | Session ID : e5a1ad4e19473f4245e6c06d350711e2
[16:38:38] ConvaiGRPCLog : Log : EmotionResponse: neutral 1
[16:38:38] ConvaiGRPCLog : Log : Received Text Dites-moi, avez-vous déjà réfléchi à l'affirmation selon laquelle « Les droitiers respirent plus d'oxygène » ? : | Character ID : a75c189a-9224-11f0-94d8-42010a7be01f | Session ID : e5a1ad4e19473f4245e6c06d350711e2 | ReceivedFinalResponse : False
[16:38:38] ConvaiGRPCLog : Log : Received Audio Chunk: 1.801587 secs | Character ID : a75c189a-9224-11f0-94d8-42010a7be01f | Session ID : e5a1ad4e19473f4245e6c06d350711e2
[16:38:38] ConvaiGRPCLog : Log : EmotionResponse: neutral 1
[16:38:38] ConvaiGRPCLog : Log : Received Text Est-ce que cela vous semble vrai ou faux ?: | Character ID : a75c189a-9224-11f0-94d8-42010a7be01f | Session ID : e5a1ad4e19473f4245e6c06d350711e2 | ReceivedFinalResponse : True
[16:38:38] ConvaiGRPCLog : Log : GetResponse SequenceString: None
[16:38:38] ConvaiGRPCLog : Log : Action: None
[16:38:38] ConvaiGRPCLog : Log : Received Audio Chunk: 1.801587 secs | Character ID : a75c189a-9224-11f0-94d8-42010a7be01f | Session ID : e5a1ad4e19473f4245e6c06d350711e2
[16:38:38] ConvaiGRPCLog : Log : EmotionResponse: neutral 1
[16:38:38] ConvaiGRPCLog : Log : Received Text Est-ce que cela vous semble vrai ou faux ?: | Character ID : a75c189a-9224-11f0-94d8-42010a7be01f | Session ID : e5a1ad4e19473f4245e6c06d350711e2 | ReceivedFinalResponse : True
[16:38:38] ConvaiGRPCLog : Log : GetResponse SequenceString: None
[16:38:38] ConvaiGRPCLog : Log : Action: None
[16:38:38] ConvaiGRPCLog : Log : GetResponse EmotionResponseDebug: session_id: "e5a1ad4e19473f4245e6c06d350711e2"
emotion_response: "Serenity Acceptance"

[16:38:38] ConvaiGRPCLog : Log : Received Audio Chunk: 5.825079 secs | Character ID : a75c189a-9224-11f0-94d8-42010a7be01f | Session ID : e5a1ad4e19473f4245e6c06d350711e2
[16:38:38] ConvaiGRPCLog : Log : EmotionResponse: neutral 1
[16:38:38] ConvaiGRPCLog : Log : Received Text Dites-moi, avez-vous déjà réfléchi à l'affirmation selon laquelle « Les droitiers respirent plus d'oxygène » ? : | Character ID : a75c189a-9224-11f0-94d8-42010a7be01f | Session ID : e5a1ad4e19473f4245e6c06d350711e2 | ReceivedFinalResponse : False
[16:38:38] ConvaiGRPCLog : Log : GetResponse EmotionResponseDebug: session_id: "e5a1ad4e19473f4245e6c06d350711e2"
emotion_response: "Serenity Acceptance"

[16:38:38] ConvaiGRPCLog : Log : Received Audio Chunk: 1.801587 secs | Character ID : a75c189a-9224-11f0-94d8-42010a7be01f | Session ID : e5a1ad4e19473f4245e6c06d350711e2
[16:38:38] ConvaiGRPCLog : Log : EmotionResponse: neutral 1
[16:38:38] ConvaiGRPCLog : Log : Received Text Est-ce que cela vous semble vrai ou faux ?: | Character ID : a75c189a-9224-11f0-94d8-42010a7be01f | Session ID : e5a1ad4e19473f4245e6c06d350711e2 | ReceivedFinalResponse : True
[16:38:38] ConvaiGRPCLog : Log : GetResponse SequenceString: None
[16:38:38] ConvaiGRPCLog : Log : Action: None
[16:38:38] ConvaiGRPCLog : Log : GetResponse EmotionResponseDebug: session_id: "e5a1ad4e19473f4245e6c06d350711e2"
emotion_response: "Serenity Acceptance Interest"

[16:38:38] ConvaiGRPCLog : Log : GetResponse EmotionResponseDebug: session_id: "e5a1ad4e19473f4245e6c06d350711e2"
emotion_response: "Serenity Acceptance"

[16:38:38] ConvaiGRPCLog : Log : Received Audio Chunk: 0.639909 secs | Character ID : a75c189a-9224-11f0-94d8-42010a7be01f | Session ID : e5a1ad4e19473f4245e6c06d350711e2
[16:38:38] ConvaiGRPCLog : Log : EmotionResponse: neutral 1
[16:38:38] ConvaiGRPCLog : Log : Received Text Bonjour ! : | Character ID : a75c189a-9224-11f0-94d8-42010a7be01f | Session ID : e5a1ad4e19473f4245e6c06d350711e2 | ReceivedFinalResponse : False
[16:38:39] ConvaiGRPCLog : Log : Received Audio Chunk: 1.578549 secs | Character ID : a75c189a-9224-11f0-94d8-42010a7be01f | Session ID : e5a1ad4e19473f4245e6c06d350711e2
[16:38:39] ConvaiGRPCLog : Log : EmotionResponse: neutral 1
[16:38:39] ConvaiGRPCLog : Log : Received Text Comment puis-je vous aider aujourd'hui ?: | Character ID : a75c189a-9224-11f0-94d8-42010a7be01f | Session ID : e5a1ad4e19473f4245e6c06d350711e2 | ReceivedFinalResponse : True
[16:38:39] ConvaiGRPCLog : Log : GetResponse SequenceString: None
[16:38:39] ConvaiGRPCLog : Log : Action: None
[16:38:39] ConvaiGRPCLog : Log : No more data to read after 3 attempts. Calling Finish...
[16:38:39] ConvaiGRPCLog : Log : Calling Stream Finish | Character ID : a75c189a-9224-11f0-94d8-42010a7be01f | Session ID : e5a1ad4e19473f4245e6c06d350711e2
[16:38:39] ConvaiGRPCLog : Log : On Stream Finish | Character ID : a75c189a-9224-11f0-94d8-42010a7be01f | Session ID : e5a1ad4e19473f4245e6c06d350711e2
[16:38:39] ConvaiGRPCLog : Log : No more data to read after 3 attempts. Calling Finish...
[16:38:39] ConvaiGRPCLog : Log : Calling Stream Finish | Character ID : a75c189a-9224-11f0-94d8-42010a7be01f | Session ID : e5a1ad4e19473f4245e6c06d350711e2
[16:38:39] ConvaiGRPCLog : Log : No more data to read after 3 attempts. Calling Finish...
[16:38:39] ConvaiGRPCLog : Log : Calling Stream Finish | Character ID : a75c189a-9224-11f0-94d8-42010a7be01f | Session ID : e5a1ad4e19473f4245e6c06d350711e2
[16:38:39] ConvaiGRPCLog : Log : On Stream Finish | Character ID : a75c189a-9224-11f0-94d8-42010a7be01f | Session ID : e5a1ad4e19473f4245e6c06d350711e2
[16:38:39] ConvaiGRPCLog : Log : On Stream Finish | Character ID : a75c189a-9224-11f0-94d8-42010a7be01f | Session ID : e5a1ad4e19473f4245e6c06d350711e2
[16:38:40] ConvaiGRPCLog : Log : GetResponse EmotionResponseDebug: session_id: "e5a1ad4e19473f4245e6c06d350711e2"
emotion_response: "Acceptance"

[16:38:40] ConvaiGRPCLog : Log : GetResponse EmotionResponseDebug: session_id: "e5a1ad4e19473f4245e6c06d350711e2"
emotion_response: "Serenity Acceptance Interest"

[16:38:40] ConvaiGRPCLog : Log : No more data to read after 3 attempts. Calling Finish...
[16:38:40] ConvaiGRPCLog : Log : Calling Stream Finish | Character ID : a75c189a-9224-11f0-94d8-42010a7be01f | Session ID : e5a1ad4e19473f4245e6c06d350711e2
[16:38:40] ConvaiGRPCLog : Log : On Stream Finish | Character ID : a75c189a-9224-11f0-94d8-42010a7be01f | Session ID : e5a1ad4e19473f4245e6c06d350711e2
[16:38:40] ConvaiGRPCLog : Log : No more data to read after 3 attempts. Calling Finish...
[16:38:40] ConvaiGRPCLog : Log : Calling Stream Finish | Character ID : a75c189a-9224-11f0-94d8-42010a7be01f | Session ID : e5a1ad4e19473f4245e6c06d350711e2
[16:38:40] ConvaiGRPCLog : Log : On Stream Finish | Character ID : a75c189a-9224-11f0-94d8-42010a7be01f | Session ID : e5a1ad4e19473f4245e6c06d350711e2
[16:38:40] ConvaiGRPCLog : Log : Received Audio Chunk: 5.476304 secs | Character ID : a75c189a-9224-11f0-94d8-42010a7be01f | Session ID : e5a1ad4e19473f4245e6c06d350711e2
[16:38:40] ConvaiGRPCLog : Log : EmotionResponse: neutral 1
[16:38:40] ConvaiGRPCLog : Log : Received Text Dites-moi, avez-vous déjà réfléchi à l'affirmation selon laquelle les droitiers respirent plus d'oxygène ? : | Character ID : a75c189a-9224-11f0-94d8-42010a7be01f | Session ID : e5a1ad4e19473f4245e6c06d350711e2 | ReceivedFinalResponse : False
[16:38:40] ConvaiGRPCLog : Log : Received Audio Chunk: 1.859683 secs | Character ID : a75c189a-9224-11f0-94d8-42010a7be01f | Session ID : e5a1ad4e19473f4245e6c06d350711e2
[16:38:40] ConvaiGRPCLog : Log : EmotionResponse: neutral 1
[16:38:40] ConvaiGRPCLog : Log : Received Text Qu'en pensez-vous, est-ce vrai ou faux ?: | Character ID : a75c189a-9224-11f0-94d8-42010a7be01f | Session ID : e5a1ad4e19473f4245e6c06d350711e2 | ReceivedFinalResponse : True
[16:38:40] ConvaiGRPCLog : Log : GetResponse SequenceString: None
[16:38:40] ConvaiGRPCLog : Log : Action: None
[16:38:40] ConvaiGRPCLog : Log : No more data to read after 3 attempts. Calling Finish...
[16:38:40] ConvaiGRPCLog : Log : Calling Stream Finish | Character ID : a75c189a-9224-11f0-94d8-42010a7be01f | Session ID : e5a1ad4e19473f4245e6c06d350711e2
[16:38:40] ConvaiGRPCLog : Log : On Stream Finish | Character ID : a75c189a-9224-11f0-94d8-42010a7be01f | Session ID : e5a1ad4e19473f4245e6c06d350711e2
[16:38:40] ConvaiGRPCLog : Log : Received Audio Chunk: 5.825079 secs | Character ID : a75c189a-9224-11f0-94d8-42010a7be01f | Session ID : e5a1ad4e19473f4245e6c06d350711e2
[16:38:40] ConvaiGRPCLog : Log : EmotionResponse: neutral 1
[16:38:40] ConvaiGRPCLog : Log : Received Text Dites-moi, avez-vous déjà réfléchi à l'affirmation selon laquelle « Les droitiers respirent plus d'oxygène » ? : | Character ID : a75c189a-9224-11f0-94d8-42010a7be01f | Session ID : e5a1ad4e19473f4245e6c06d350711e2 | ReceivedFinalResponse : False
[16:38:40] ConvaiGRPCLog : Log : Received Audio Chunk: 1.801587 secs | Character ID : a75c189a-9224-11f0-94d8-42010a7be01f | Session ID : e5a1ad4e19473f4245e6c06d350711e2
[16:38:40] ConvaiGRPCLog : Log : EmotionResponse: neutral 1
[16:38:40] ConvaiGRPCLog : Log : Received Text Est-ce que cela vous semble vrai ou faux ?: | Character ID : a75c189a-9224-11f0-94d8-42010a7be01f | Session ID : e5a1ad4e19473f4245e6c06d350711e2 | ReceivedFinalResponse : True
[16:38:40] ConvaiGRPCLog : Log : GetResponse SequenceString: None
[16:38:40] ConvaiGRPCLog : Log : Action: None
[16:38:40] ConvaiGRPCLog : Log : GetResponse EmotionResponseDebug: session_id: "e5a1ad4e19473f4245e6c06d350711e2"
emotion_response: "Acceptance Interest Serenity Apprehension Distraction Pensiveness Boredom Annoyance"

[16:38:40] ConvaiGRPCLog : Log : GetResponse EmotionResponseDebug: session_id: "e5a1ad4e19473f4245e6c06d350711e2"
emotion_response: "Serenity Acceptance Interest"

[16:38:41] ConvaiGRPCLog : Log : No more data to read after 3 attempts. Calling Finish...
[16:38:41] ConvaiGRPCLog : Log : Calling Stream Finish | Character ID : a75c189a-9224-11f0-94d8-42010a7be01f | Session ID : e5a1ad4e19473f4245e6c06d350711e2
[16:38:41] ConvaiGRPCLog : Log : On Stream Finish | Character ID : a75c189a-9224-11f0-94d8-42010a7be01f | Session ID : e5a1ad4e19473f4245e6c06d350711e2
[16:38:41] ConvaiGRPCLog : Log : No more data to read after 3 attempts. Calling Finish...
[16:38:41] ConvaiGRPCLog : Log : Calling Stream Finish | Character ID : a75c189a-9224-11f0-94d8-42010a7be01f | Session ID : e5a1ad4e19473f4245e6c06d350711e2
[16:38:41] ConvaiGRPCLog : Log : On Stream Finish | Character ID : a75c189a-9224-11f0-94d8-42010a7be01f | Session ID : e5a1ad4e19473f4245e6c06d350711e2
[16:38:41] ConvaiGRPCLog : Log : Received Audio Chunk: 5.825079 secs | Character ID : a75c189a-9224-11f0-94d8-42010a7be01f | Session ID : e5a1ad4e19473f4245e6c06d350711e2
[16:38:41] ConvaiGRPCLog : Log : EmotionResponse: neutral 1
[16:38:41] ConvaiGRPCLog : Log : Received Text Dites-moi, avez-vous déjà réfléchi à l'affirmation selon laquelle « Les droitiers respirent plus d'oxygène » ? : | Character ID : a75c189a-9224-11f0-94d8-42010a7be01f | Session ID : e5a1ad4e19473f4245e6c06d350711e2 | ReceivedFinalResponse : False
[16:38:41] ConvaiGRPCLog : Log : Received Audio Chunk: 1.801587 secs | Character ID : a75c189a-9224-11f0-94d8-42010a7be01f | Session ID : e5a1ad4e19473f4245e6c06d350711e2
[16:38:41] ConvaiGRPCLog : Log : EmotionResponse: neutral 1
[16:38:41] ConvaiGRPCLog : Log : Received Text Est-ce que cela vous semble vrai ou faux ?: | Character ID : a75c189a-9224-11f0-94d8-42010a7be01f | Session ID : e5a1ad4e19473f4245e6c06d350711e2 | ReceivedFinalResponse : True
[16:38:41] ConvaiGRPCLog : Log : GetResponse SequenceString: None
[16:38:41] ConvaiGRPCLog : Log : Action: None
[16:38:42] ConvaiGRPCLog : Log : GetResponse EmotionResponseDebug: session_id: "e5a1ad4e19473f4245e6c06d350711e2"
emotion_response: "Serenity Acceptance"

[16:38:43] ConvaiSubsystemLog : Verbose : Unregistered player component: ConvaiPlayer
[16:38:43] ConvaiSubsystemLog : Log : UConvaiSubsystem Stopped
[16:38:43] ConvaiGRPCLog : Log : Destroying UConvaiGRPCGetResponseProxy... | Character ID : a75c189a-9224-11f0-94d8-42010a7be01f | Session ID : e5a1ad4e19473f4245e6c06d350711e2
[16:38:43] ConvaiGRPCLog : Log : Destroying UConvaiGRPCGetResponseProxy... | Character ID : a75c189a-9224-11f0-94d8-42010a7be01f | Session ID : e5a1ad4e19473f4245e6c06d350711e2
[16:38:43] ConvaiGRPCLog : Log : Destroying UConvaiGRPCGetResponseProxy... | Character ID : a75c189a-9224-11f0-94d8-42010a7be01f | Session ID : e5a1ad4e19473f4245e6c06d350711e2
[16:38:43] ConvaiGRPCLog : Log : Destroying UConvaiGRPCGetResponseProxy... | Character ID : a75c189a-9224-11f0-94d8-42010a7be01f | Session ID : e5a1ad4e19473f4245e6c06d350711e2
[16:38:43] ConvaiGRPCLog : Log : Destroying UConvaiGRPCGetResponseProxy... | Character ID : a75c189a-9224-11f0-94d8-42010a7be01f | Session ID : e5a1ad4e19473f4245e6c06d350711e2
[16:38:43] ConvaiGRPCLog : Log : Destroying UConvaiGRPCGetResponseProxy... | Character ID : a75c189a-9224-11f0-94d8-42010a7be01f | Session ID : e5a1ad4e19473f4245e6c06d350711e2
[16:38:43] ConvaiGRPCLog : Log : Destroying UConvaiGRPCGetResponseProxy... | Character ID : a75c189a-9224-11f0-94d8-42010a7be01f | Session ID : e5a1ad4e19473f4245e6c06d350711e2
[16:38:43] ConvaiGRPCLog : Log : Destroying UConvaiGRPCGetResponseProxy... | Character ID : a75c189a-9224-11f0-94d8-42010a7be01f | Session ID : e5a1ad4e19473f4245e6c06d350711e2
[16:38:43] ConvaiGRPCLog : Log : Destroying UConvaiGRPCGetResponseProxy... | Character ID : a75c189a-9224-11f0-94d8-42010a7be01f | Session ID : e5a1ad4e19473f4245e6c06d350711e2
[16:38:43] ConvaiGRPCLog : Log : Destroying UConvaiGRPCGetResponseProxy... | Character ID : a75c189a-9224-11f0-94d8-42010a7be01f | Session ID : e5a1ad4e19473f4245e6c06d350711e2
[16:38:43] ConvaiGRPCLog : Log : Destroying UConvaiGRPCGetResponseProxy... | Character ID : a75c189a-9224-11f0-94d8-42010a7be01f | Session ID : e5a1ad4e19473f4245e6c06d350711e2
[16:38:43] ConvaiGRPCLog : Log : Destroying UConvaiGRPCGetResponseProxy... | Character ID : a75c189a-9224-11f0-94d8-42010a7be01f | Session ID : e5a1ad4e19473f4245e6c06d350711e2
[16:38:43] ConvaiChatbotComponentLog : Log : Cleanup | Character ID : a75c189a-9224-11f0-94d8-42010a7be01f | Session ID : e5a1ad4e19473f4245e6c06d350711e2
[16:38:43] ConvaiChatbotComponentLog : Log : Cleanup | Character ID :  | Session ID : -1
